(array([-39.62991137, -43.88617176, -30.64371428, -28.79773933,
        -9.25494915,  26.78264846,   2.22967576, -34.92228143]), array([27.49907583, -7.68172061, 27.70287081, -5.74633008, 18.70656905,
       13.52680731, 43.90874254, 31.90246828]), array([  0.47872213,   0.92990153,   0.70534045,   0.30888732,
         0.2320572 ,   0.99074847, 109.56434316,  96.76395332]))
([6.549999999999896, 4.829999999999932, 2.8599999999999723, 2.7599999999999723, 2.5699999999999728, 2.9499999999999726, 4.829999999999932, 6.5299999999998946], [np.float64(88.9844312225421), np.float64(91.96874053758107), np.float64(97.3162303949897), np.float64(98.98705797669503), np.float64(99.79041626886624), np.float64(92.3497907383306), np.float64(92.07311536763999), np.float64(91.47660043189542)], [6.889999999999896, 5.199999999999932, 3.2999999999999723, 3.2999999999999723, 3.2999999999999723, 3.2999999999999723, 5.199999999999932, 6.889999999999896])
(array([-37.99591408, -41.40005207, -28.57962981, -27.15702804,
        -7.68033449,  28.81060992,   1.67434456, -28.91954687]), array([27.84910517, -6.99040466, 29.30723128, -5.11655352, 16.97603913,
       16.81130275, 44.24794222, 25.8438578 ]), array([  0.47872213,   0.92990153,   0.70534045,   0.30888732,
         0.2320572 ,   0.99074847, 109.56434316,  96.76395332]))
([6.419999999999899, 4.869999999999931, 2.8599999999999723, 2.7199999999999727, 2.5199999999999725, 2.9399999999999724, 4.879999999999931, 6.3899999999998975], [np.float64(88.93402057307188), np.float64(92.30875316055847), np.float64(97.25517167795049), np.float64(99.31265578816775), np.float64(99.85154647212586), np.float64(92.78780839146906), np.float64(91.44750806055627), np.float64(91.92969623852717)], [6.7599999999998985, 5.239999999999931, 3.2999999999999723, 3.309999999999972, 3.309999999999972, 3.2999999999999723, 5.239999999999931, 6.7599999999998985])
(array([-36.36192075, -38.91393246, -26.5157949 , -25.51635049,
        -6.10576051,  30.83857086, -10.87488855, -22.91681231]), array([28.19913366, -6.29908875, 30.91139777, -4.48678991, 15.24555391,
       20.09579734, 46.23906695, 19.78524731]), array([  0.47872213,   0.92990153,   0.70534045,   0.30888732,
         0.2320572 ,   0.99074847, 109.56434316,  96.76395332]))
([6.139999999999905, 5.019999999999928, 2.859999999999972, 2.669999999999972, 2.4699999999999718, 2.9399999999999724, 5.029999999999927, 6.1099999999999035], [np.float64(88.91891615618297), np.float64(92.0113824920102), np.float64(97.2585596888562), np.float64(99.56941246650001), np.float64(99.88850133641344), np.float64(93.27392241575299), np.float64(91.07886148912672), np.float64(92.18127298432299)], [6.4799999999999045, 5.379999999999928, 3.2999999999999723, 3.309999999999972, 3.309999999999972, 3.2999999999999723, 5.379999999999928, 6.4799999999999045])
(array([-34.72793162, -36.42781296, -24.45236484, -23.87571021,
        -4.53123219,  32.86653109, -23.42412165, -16.91407775]), array([28.54916125, -5.60777285, 32.51524958, -3.85704061, 13.51511888,
       23.38029078, 48.23019167, 13.72663683]), array([  0.47872213,   0.92990153,   0.70534045,   0.30888732,
         0.2320572 ,   0.99074847, 109.56434316,  96.76395332]))
([5.859999999999911, 5.1199999999999255, 2.859999999999973, 2.6099999999999723, 2.419999999999972, 2.929999999999973, 5.1199999999999255, 5.819999999999911], [np.float64(88.92060714219726), np.float64(90.45081377335828), np.float64(97.42034745349312), np.float64(99.73543043666503), np.float64(99.90981574984482), np.float64(93.87048770941647), np.float64(90.47505480153264), np.float64(92.3742878183115)], [6.1999999999999105, 5.469999999999926, 3.2999999999999723, 3.309999999999972, 3.309999999999972, 3.2999999999999723, 5.469999999999926, 6.1999999999999105])
(array([-33.09394695, -33.94169356, -22.38965638, -22.23511123,
        -2.95675537,  34.89449032, -26.99198914, -10.91134318]), array([28.89918788, -4.916457  , 34.11854051, -3.22730716, 11.78474045,
       26.66478262, 48.79628755,  7.66802634]), array([  0.47872213,   0.92990153,   0.70534045,   0.30888732,
         0.2320572 ,   0.99074847, 109.56434316,  96.76395332]))
([5.599999999999916, 5.149999999999925, 2.8399999999999723, 2.539999999999972, 2.379999999999972, 2.919999999999973, 5.149999999999924, 5.569999999999916], [np.float64(88.921238490737), np.float64(89.47498634559491), np.float64(97.73589179492659), np.float64(99.82590231804504), np.float64(99.9229114364961), np.float64(94.44268514122149), np.float64(89.79951754229954), np.float64(92.46516501031847)], [5.939999999999916, 5.499999999999925, 3.2999999999999723, 3.309999999999972, 3.309999999999972, 3.2999999999999723, 5.499999999999925, 5.939999999999916])
(array([-31.45996702, -31.4555743 , -20.32842828, -20.59455819,
        -1.38233691,  36.92244813, -11.15158606,  -4.90860862]), array([29.2492135 , -4.22514117, 35.7206808 , -2.59759134, 10.05442614,
       29.94927213, 49.46671128,  1.60941586]), array([  0.47872213,   0.92990153,   0.70534045,   0.30888732,
         0.2320572 ,   0.99074847, 109.56434316,  96.76395332]))
([5.369999999999921, 5.089999999999926, 2.8299999999999725, 2.4799999999999716, 2.339999999999972, 2.909999999999973, 5.089999999999926, 5.32999999999992], [np.float64(88.91772113749585), np.float64(89.0271729513423), np.float64(98.10160030131411), np.float64(99.8824458935351), np.float64(99.93505911065817), np.float64(95.01791276004617), np.float64(89.26607814032333), np.float64(92.69657003421989)], [5.709999999999921, 5.429999999999927, 3.2999999999999723, 3.309999999999972, 3.309999999999972, 3.2999999999999723, 5.429999999999927, 5.709999999999921])
(array([-29.82599214, -28.96945518, -18.27103754, -18.95405645,
         0.19201506,  38.95040373,  -0.55387306,  -1.57846487]), array([29.59923804, -3.53382539, 37.3198384 , -1.96789522,  8.32418493,
       33.23375808, 49.91524521, -1.75172624]), array([  0.47872213,   0.92990153,   0.70534045,   0.30888732,
         0.2320572 ,   0.99074847, 109.56434316,  96.76395332]))
([5.259999999999923, 5.019999999999928, 2.809999999999972, 2.4099999999999713, 2.2899999999999716, 2.899999999999973, 5.019999999999928, 5.219999999999923], [np.float64(88.9165909555687), np.float64(88.97262180342388), np.float64(98.40202694062833), np.float64(99.91659066573706), np.float64(99.94425859028361), np.float64(95.43059361760979), np.float64(89.01160347275038), np.float64(93.09718712983587)], [5.599999999999923, 5.369999999999928, 3.2999999999999723, 3.319999999999972, 3.319999999999972, 3.2999999999999723, 5.369999999999928, 5.599999999999923])
(array([-28.19202264, -26.48333622, -16.22965446, -17.31361225,
         1.76629079,  40.97835572,  -5.12083453, -13.01034933]), array([29.94926142, -2.84250965, 38.90655365, -1.33822118,  6.59402748,
       36.51823818, 34.29781037, 10.72842273]), array([  0.47872213,   0.92990153,   0.70534045,   0.30888732,
         0.2320572 ,   0.99074847, 109.56434316,  96.76395332]))
([5.809999999999912, 5.419999999999919, 2.789999999999972, 2.309999999999972, 2.2399999999999713, 2.8899999999999726, 5.419999999999919, 5.729999999999912], [np.float64(88.94310982178489), np.float64(89.14803587048587), np.float64(98.65794068203896), np.float64(99.9427220102855), np.float64(99.95131747909161), np.float64(96.0269005320485), np.float64(88.98122347256727), np.float64(95.1740153353544)], [6.1499999999999115, 5.75999999999992, 3.2999999999999723, 3.319999999999972, 3.319999999999972, 3.2999999999999723, 5.75999999999992, 6.1499999999999115])
(array([-26.5580589 , -23.99721745, -15.6586385 , -15.67323286,
         3.34047858,  43.00630115,  -9.68779601, -24.4422338 ]), array([30.29928358, -2.15119396, 39.35038986, -0.70857201,  4.8639667 ,
       39.80270764, 18.68037554, 23.20857171]), array([  0.47872213,   0.92990153,   0.70534045,   0.30888732,
         0.2320572 ,   0.99074847, 109.56434316,  96.76395332]))
([6.499999999999896, 5.899999999999908, 2.789999999999973, 2.1899999999999724, 2.169999999999972, 2.9099999999999726, 5.909999999999909, 6.409999999999896], [np.float64(89.49619474333116), np.float64(91.10231947716065), np.float64(98.83931754542094), np.float64(99.95761276598391), np.float64(99.9587346393579), np.float64(95.3920073093513), np.float64(88.94593327862252), np.float64(96.19287022520491)], [6.849999999999897, 6.259999999999909, 3.2999999999999723, 3.319999999999972, 3.319999999999972, 3.2999999999999723, 6.259999999999909, 6.849999999999897])
(array([-24.92410131, -21.51109889, -16.00986216, -14.03292685,
         4.91456417,  45.03423267, -14.25475748, -28.34324501]), array([30.64930441, -1.45987834, 38.41064748, -0.07895102,  3.13401823,
       43.08715459,  3.06294071, 27.46729224]), array([  0.47872213,   0.92990153,   0.70534045,   0.30888732,
         0.2320572 ,   0.99074847, 109.56434316,  96.76395332]))
([6.579999999999893, 6.469999999999896, 2.779999999999973, 2.0799999999999725, 2.189999999999972, 2.9299999999999726, 6.509999999999896, 6.569999999999893], [np.float64(93.86360695333246), np.float64(92.67057161889178), np.float64(98.9752816100658), np.float64(99.9629305193967), np.float64(99.95740254714016), np.float64(94.19148587344253), np.float64(88.92735888848226), np.float64(94.54628894560425)], [6.979999999999894, 6.849999999999897, 3.2999999999999723, 3.319999999999972, 3.319999999999972, 3.2999999999999723, 6.849999999999897, 6.979999999999894])
(array([-23.2901503 , -19.02498059, -16.36108481, -12.39270434,
         6.48853006,  47.06212595, -18.82171895, -13.13139469]), array([ 30.99932383,  -0.76856278,  37.47090777,   0.55063793,
         1.40420132,  46.3715396 , -12.55449413,  30.39201659]), array([  0.47872213,   0.92990153,   0.70534045,   0.30888732,
         0.2320572 ,   0.99074847, 109.56434316,  96.76395332]))
([6.339999999999899, 6.339999999999899, 2.7699999999999734, 2.0299999999999723, 2.169999999999972, 2.929999999999972, 6.379999999999899, 6.349999999999899], [np.float64(93.05512861768004), np.float64(93.26678383091182), np.float64(99.00362938365537), np.float64(99.96427021228122), np.float64(99.95904911991985), np.float64(94.09997294198634), np.float64(88.91471301753573), np.float64(91.39400245625863)], [6.719999999999899, 6.719999999999899, 3.2999999999999723, 3.3299999999999716, 3.3299999999999716, 3.2999999999999723, 6.719999999999899, 6.719999999999899])
(array([-21.65620637, -16.53886258, -16.71230644, -10.75257744,
         8.06235451,  49.08983282, -23.38868043,   2.08045563]), array([ 31.34934174,  -0.07724731,  36.53117082,   1.18019017,
        -0.32546014,  49.65562271, -28.17192896,  33.31674093]), array([  0.47872213,   0.92990153,   0.70534045,   0.30888732,
         0.2320572 ,   0.99074847, 109.56434316,  96.76395332]))
([5.819999999999911, 5.769999999999911, 2.779999999999973, 2.0299999999999723, 2.179999999999972, 2.939999999999973, 5.799999999999912, 5.82999999999991], [np.float64(90.81908816798693), np.float64(92.40818496735912), np.float64(98.90306106436519), np.float64(99.96413225319097), np.float64(99.95809388113905), np.float64(93.24000951943006), np.float64(88.91368500705445), np.float64(89.1171955217126)], [6.169999999999911, 6.139999999999912, 3.2999999999999723, 3.3299999999999716, 3.3299999999999716, 3.2999999999999723, 6.139999999999912, 6.169999999999911])
(array([-20.02227002, -14.05274492, -17.06352699,  -9.11256069,
         9.63601019,  49.29818762, -24.26385585,  17.29230595]), array([ 31.69935803,   0.61406807,  35.59143675,   1.80970014,
        -2.05493613,  49.99307507, -31.16472739,  36.24146527]), array([  0.47872213,   0.92990153,   0.70534045,   0.30888732,
         0.2320572 ,   0.99074847, 109.56434316,  96.76395332]))
([5.37999999999992, 5.659999999999914, 2.779999999999973, 2.039999999999972, 2.2199999999999718, 2.9499999999999726, 5.669999999999915, 5.389999999999921], [np.float64(90.78835042871066), np.float64(90.68900006270671), np.float64(98.79161348885364), np.float64(99.9639433651923), np.float64(99.95558733407861), np.float64(92.57893657757674), np.float64(88.91372117303617), np.float64(88.91472888184394)], [5.7299999999999205, 6.0099999999999145, 3.2999999999999723, 3.3299999999999716, 3.3299999999999716, 3.2999999999999723, 6.0099999999999145, 5.7299999999999205])
(array([-18.38834185, -11.56662767, -17.41474642,  -7.47267173,
        11.20946226,  48.30129033, -13.49068538,  32.50415627]), array([ 32.04937256,   1.30538333,  34.65170566,   2.43916105,
        -3.78418835,  47.82753491, -23.38804431,  39.16618961]), array([  0.47872213,   0.92990153,   0.70534045,   0.30888732,
         0.2320572 ,   0.99074847, 109.56434316,  96.76395332]))
([5.009999999999928, 5.929999999999908, 2.7799999999999727, 2.0499999999999723, 2.259999999999972, 2.9499999999999726, 5.929999999999909, 5.029999999999928], [np.float64(91.41646860964049), np.float64(89.46303511555782), np.float64(98.7352809646229), np.float64(99.96351466443329), np.float64(99.95076731282796), np.float64(91.76444891158407), np.float64(88.9145486297787), np.float64(88.91457086586009)], [5.369999999999928, 6.269999999999909, 3.2999999999999723, 3.319999999999972, 3.319999999999972, 3.2999999999999723, 6.269999999999909, 5.369999999999928])
(array([-16.7544225 ,  -9.08051093, -17.7659647 ,  -5.83293218,
        12.78266559,  47.30439551,  -2.71751491,  42.25459786]), array([ 32.3993852 ,   1.99669846,  33.71197767,   3.06856461,
        -5.5131672 ,  45.66200012, -15.61136124,  41.04086976]), array([  0.47872213,   0.92990153,   0.70534045,   0.30888732,
         0.2320572 ,   0.99074847, 109.56434316,  96.76395332]))
([4.829999999999932, 6.129999999999905, 2.7899999999999725, 2.0899999999999723, 2.3099999999999716, 2.9699999999999718, 6.129999999999905, 4.849999999999932], [np.float64(90.7411270821298), np.float64(89.08967893631328), np.float64(98.55357440044332), np.float64(99.9622636124465), np.float64(99.94308387640157), np.float64(88.92882042120426), np.float64(88.91452692964582), np.float64(88.91200481251683)], [5.189999999999932, 6.469999999999905, 3.2999999999999723, 3.319999999999972, 3.319999999999972, 3.2999999999999723, 6.469999999999905, 5.189999999999932])
(array([-15.12051268,  -6.59439479, -18.11718177,  -4.19336884,
        14.35556071,  46.30750341,   8.05565555,  27.9008371 ]), array([32.7493958 ,  2.68801341, 32.7722529 ,  3.69790054, -7.24180731,
       43.49647125, -7.83467816, 34.92119124]), array([  0.47872213,   0.92990153,   0.70534045,   0.30888732,
         0.2320572 ,   0.99074847, 109.56434316,  96.76395332]))
([5.209999999999923, 6.1499999999999035, 2.7899999999999725, 2.1699999999999724, 2.369999999999972, 2.939999999999973, 6.149999999999904, 5.239999999999924], [np.float64(92.5919687639282), np.float64(89.03245173403124), np.float64(98.63030679658412), np.float64(99.95790984238711), np.float64(99.92978519828065), np.float64(92.86306410339898), np.float64(88.91197122425741), np.float64(88.91392890178282)], [5.579999999999924, 6.499999999999904, 3.2999999999999723, 3.319999999999972, 3.319999999999972, 3.2999999999999723, 6.499999999999904, 5.579999999999924])
(array([-13.48661317,  -4.10827941, -18.46839759,  -2.55401528,
        15.92806755,  45.31061432,  18.82882602,  12.87937635]), array([33.09940419,  3.37932816, 31.83253149,  4.32715595, -8.9700207 ,
       41.33094889, -0.05799508, 32.81058611]), array([  0.47872213,   0.92990153,   0.70534045,   0.30888732,
         0.2320572 ,   0.99074847, 109.56434316,  96.76395332]))
([5.7299999999999125, 5.979999999999907, 2.8099999999999725, 2.179999999999972, 2.419999999999972, 2.9399999999999724, 5.979999999999908, 5.739999999999913], [np.float64(90.83406574260712), np.float64(89.36485571340695), np.float64(98.43136858566817), np.float64(99.95635523148295), np.float64(99.91272606872825), np.float64(93.23051422813253), np.float64(88.91437459161664), np.float64(88.91469844657227)], [6.079999999999913, 6.319999999999908, 3.2999999999999723, 3.309999999999972, 3.309999999999972, 3.2999999999999723, 6.319999999999908, 6.079999999999913])
(array([-11.85272486,  -1.62216498, -18.81961211,  -0.91491418,
        17.50007581,  44.31372854,  29.60199649,  -2.1420844 ]), array([ 33.44941019,   4.07064263,  30.89281356,   4.95631444,
       -10.69768615,  39.16543373,   7.718688  ,  30.69998099]), array([  0.47872213,   0.92990153,   0.70534045,   0.30888732,
         0.2320572 ,   0.99074847, 109.56434316,  96.76395332]))
([6.369999999999899, 5.699999999999912, 2.809999999999972, 2.179999999999972, 2.6799999999999726, 2.929999999999973, 5.729999999999913, 6.379999999999899], [np.float64(90.36776390873929), np.float64(92.65171878710612), np.float64(98.44501243834291), np.float64(99.95704557400704), np.float64(99.54804836465195), np.float64(93.58156456742698), np.float64(88.91449886243461), np.float64(89.55026910752093)], [6.719999999999899, 6.069999999999913, 3.2999999999999723, 3.309999999999972, 3.309999999999972, 3.2999999999999723, 6.069999999999913, 6.719999999999899])
(array([-10.21884873,   0.86394822, -19.17082527,   0.72387939,
        19.0714292 ,  43.31684644,  40.37516696, -15.38315144]), array([ 33.79941357,   4.76195677,  29.95309926,   5.5853549 ,
       -12.42463189,  36.99992657,  15.49537108,  28.83953184]), array([  0.47872213,   0.92990153,   0.70534045,   0.30888732,
         0.2320572 ,   0.99074847, 109.56434316,  96.76395332]))
([6.499999999999896, 5.429999999999919, 2.7999999999999727, 2.189999999999972, 2.909999999999972, 2.919999999999973, 5.469999999999919, 6.489999999999896], [np.float64(90.47238345714229), np.float64(92.84680978189121), np.float64(98.46883713960945), np.float64(99.95654796993898), np.float64(95.52910549977885), np.float64(94.35865937968599), np.float64(88.91462320758485), np.float64(92.07073736871921)], [6.859999999999896, 5.809999999999919, 3.2999999999999723, 3.309999999999972, 3.309999999999972, 3.2999999999999723, 5.809999999999919, 6.859999999999896])
(array([ -8.58498587,   3.35005982, -19.52203701,   2.36229311,
        20.64189884,  42.31996844,  47.43489978,  -6.98079651]), array([ 34.14941411,   5.45327046,  29.01338875,   6.21424955,
       -14.15060636,  34.83442833,  20.59148507,  25.47181016]), array([  0.47872213,   0.92990153,   0.70534045,   0.30888732,
         0.2320572 ,   0.99074847, 109.56434316,  96.76395332]))
([6.429999999999898, 5.299999999999922, 2.8099999999999725, 2.209999999999972, 2.8899999999999726, 2.9199999999999733, 5.329999999999922, 6.369999999999897], [np.float64(89.78061504926116), np.float64(92.67977189750299), np.float64(98.25283267680327), np.float64(99.95422896878804), np.float64(96.2294676166858), np.float64(94.312072659166), np.float64(88.9145860746558), np.float64(94.60396768637537)], [6.779999999999898, 5.669999999999922, 3.2999999999999723, 3.309999999999972, 3.309999999999972, 3.2999999999999723, 5.669999999999922, 6.779999999999898])
(array([ -6.95113752,   5.83616925, -19.87324728,   4.00023018,
        22.21113577,  41.32309503,  39.38486914,   1.42155842]), array([ 34.49941154,   6.14458355,  28.07368218,   6.84296124,
       -15.87522606,  32.66894005,  11.2409269 ,  22.10408848]), array([  0.47872213,   0.92990153,   0.70534045,   0.30888732,
         0.2320572 ,   0.99074847, 109.56434316,  96.76395332]))
([6.169999999999903, 5.6399999999999135, 2.8399999999999723, 2.2799999999999723, 2.639999999999972, 2.9199999999999724, 5.659999999999915, 6.079999999999903], [np.float64(89.6252774690592), np.float64(91.2365023894938), np.float64(97.67000372693295), np.float64(99.94510386393517), np.float64(99.6539219946948), np.float64(94.64314777664117), np.float64(88.91390681650773), np.float64(96.143039695157)], [6.509999999999904, 5.999999999999915, 3.2999999999999723, 3.309999999999972, 3.309999999999972, 3.2999999999999723, 5.999999999999915, 6.509999999999904])
(array([ -5.31730509,   8.32227565, -20.22445602,   5.63755792,
        23.77858111,  40.32622678,  31.3348385 ,   5.17848566]), array([ 34.84940557,   6.8358958 ,  27.13397972,   7.47143905,
       -17.59787677,  30.50346297,   1.89036874,  20.5982862 ]), array([  0.47872213,   0.92990153,   0.70534045,   0.30888732,
         0.2320572 ,   0.99074847, 109.56434316,  96.76395332]))
([6.049999999999906, 5.959999999999908, 2.8599999999999723, 2.349999999999972, 2.6199999999999726, 2.9099999999999726, 5.969999999999908, 5.929999999999906], [np.float64(90.21951657988987), np.float64(89.93708863271065), np.float64(97.13872643375736), np.float64(99.93057572387922), np.float64(99.69274647459379), np.float64(95.23231639666164), np.float64(88.91466597034943), np.float64(97.293936749308)], [6.399999999999906, 6.309999999999908, 3.2999999999999723, 3.2999999999999723, 3.2999999999999723, 3.2999999999999723, 6.309999999999908, 6.399999999999906])
(array([ -3.68349014,  10.80837764, -20.57566315,   7.27408964,
        25.34328205,  39.32936434,  23.28480786,   6.51959232]), array([ 35.19939584,   7.52720682,  26.19428155,   8.09961131,
       -19.31751134,  28.33799852,  -7.46018942,   8.62641836]), array([  0.47872213,   0.92990153,   0.70534045,   0.30888732,
         0.2320572 ,   0.99074847, 109.56434316,  96.76395332]))
([5.659999999999914, 6.099999999999905, 2.879999999999973, 2.429999999999972, 2.669999999999973, 2.8899999999999726, 6.0999999999999055, 5.529999999999914], [np.float64(90.16636956453719), np.float64(88.98150501173753), np.float64(96.70773314156155), np.float64(99.90216681166795), np.float64(99.55877461763042), np.float64(95.97497545662682), np.float64(88.91242440548461), np.float64(97.53449867330252)], [6.0099999999999145, 6.449999999999905, 3.2999999999999723, 3.2999999999999723, 3.2999999999999723, 3.2999999999999723, 6.449999999999905, 6.0099999999999145])
(array([ -2.04969447,  13.29447285, -20.9268686 ,   8.90955414,
        26.90347672,  38.33250851,  15.23477722,   7.86069899]), array([ 35.54938199,   8.21851595,  25.25458787,   8.72737392,
       -21.03219343,  26.17254842, -16.81074759,  -3.34544947]), array([  0.47872213,   0.92990153,   0.70534045,   0.30888732,
         0.2320572 ,   0.99074847, 109.56434316,  96.76395332]))
([5.3099999999999214, 5.919999999999909, 2.889999999999972, 2.4899999999999722, 2.6999999999999726, 2.879999999999973, 5.919999999999909, 5.189999999999921], [np.float64(89.63456388495828), np.float64(88.91491440555642), np.float64(96.12960072085357), np.float64(99.86682636912714), np.float64(99.4081522246349), np.float64(96.58329241230157), np.float64(88.91466983983945), np.float64(97.43261268188057)], [5.659999999999922, 6.259999999999909, 3.2999999999999723, 3.2999999999999723, 3.2999999999999723, 3.2999999999999723, 6.259999999999909, 5.659999999999922])
(array([ -0.41592013,  15.78055685, -21.27807231,  10.5435421 ,
        28.45552836,  37.33566021,   7.18474659,   9.20180565]), array([ 35.89936357,   8.90982197,  24.31489886,   9.35456977,
       -22.73792619,  24.00711468, -26.16130575, -15.3173173 ]), array([  0.47872213,   0.92990153,   0.70534045,   0.30888732,
         0.2320572 ,   0.99074847, 109.56434316,  96.76395332]))
([5.009999999999928, 5.599999999999916, 2.9099999999999726, 2.5399999999999725, 2.7499999999999725, 2.8599999999999723, 5.599999999999916, 4.889999999999928], [np.float64(88.98279121325115), np.float64(88.91374749581323), np.float64(95.36787249182959), np.float64(99.81753810756598), np.float64(99.11704017003986), np.float64(97.12666168291288), np.float64(88.9137553436451), np.float64(97.08564685934019)], [5.349999999999929, 5.939999999999916, 3.2999999999999723, 3.2999999999999723, 3.2999999999999723, 3.2999999999999723, 5.939999999999916, 5.349999999999929])
(array([  1.21783052,  18.2666203 , -21.62927419,  12.17540629,
        29.99065971,  36.33882055,  -0.86528405,  10.54291232]), array([ 36.24934007,   9.60112228,  23.37521475,   9.98095043,
       -24.42506325,  21.84169971, -35.51186392, -27.28918514]), array([  0.47872213,   0.92990153,   0.70534045,   0.30888732,
         0.2320572 ,   0.99074847, 109.56434316,  96.76395332]))
([4.749999999999934, 5.269999999999923, 2.919999999999973, 2.5899999999999728, 2.7999999999999723, 2.849999999999972, 5.269999999999923, 4.649999999999934], [np.float64(88.9178130769038), np.float64(88.91380332232403), np.float64(94.41259238098625), np.float64(99.74263907389347), np.float64(98.52768569819781), np.float64(97.6243986972368), np.float64(88.91401405486785), np.float64(96.47026127521822)], [5.089999999999934, 5.609999999999923, 3.2999999999999723, 3.2999999999999723, 3.2999999999999723, 3.2999999999999723, 5.609999999999923, 5.089999999999934])
(array([  2.85155479,  20.75263969, -21.98047415,  13.80406139,
        31.48204652,  35.34199088,  -2.22409037,  10.60481227]), array([ 36.59931093,  10.29241033,  22.43553576,  10.6060993 ,
       -26.06412425,  19.67630644, -37.090193  , -27.84175722]), array([  0.47872213,   0.92990153,   0.70534045,   0.30888732,
         0.2320572 ,   0.99074847, 109.56434316,  96.76395332]))
([4.7399999999999345, 5.189999999999925, 2.9399999999999724, 2.619999999999973, 2.8499999999999726, 2.8299999999999725, 5.189999999999925, 4.629999999999934], [np.float64(88.91568644911584), np.float64(88.91469549677291), np.float64(93.20829173753722), np.float64(99.68078255792017), np.float64(97.4366288506294), np.float64(98.03718738023818), np.float64(88.91737473699747), np.float64(96.71825828264247)], [5.079999999999934, 5.529999999999925, 3.2999999999999723, 3.2999999999999723, 3.2999999999999723, 3.2999999999999723, 5.529999999999925, 5.079999999999934])
(array([  4.48524952,  23.2385349 , -22.33167211,  15.42754505,
        32.81152515,  34.34517283,   0.17487641,   5.88391483]), array([ 36.94927545,  10.98366385,  21.49586213,  11.22926314,
       -27.52524527,  17.51093842, -20.19582269, -15.34291206]), array([  0.47872213,   0.92990153,   0.70534045,   0.30888732,
         0.2320572 ,   0.99074847, 109.56434316,  96.76395332]))
([5.009999999999928, 5.529999999999918, 2.9499999999999726, 2.6199999999999726, 2.899999999999973, 2.809999999999972, 5.529999999999917, 4.8599999999999275], [np.float64(88.92490235779036), np.float64(88.91226130745913), np.float64(91.71678154050191), np.float64(99.67753334849435), np.float64(95.72019648719461), np.float64(98.35660850946476), np.float64(88.93401853606875), np.float64(97.87381335210532)], [5.349999999999929, 5.8699999999999175, 3.2999999999999723, 3.2999999999999723, 3.2999999999999723, 3.2999999999999723, 5.8699999999999175, 5.349999999999929])
(array([  6.11891107,  25.72378431, -22.68286797,  17.04193414,
        33.19655434,  33.34836842,   2.57384318,   1.16301739]), array([ 37.29923287,  11.67473779,  20.55619412,  11.84893609,
       -27.94839929,  15.34560003,  -3.30145237,  -2.84406691]), array([  0.47872213,   0.92990153,   0.70534045,   0.30888732,
         0.2320572 ,   0.99074847, 109.56434316,  96.76395332]))
([5.3099999999999214, 5.839999999999911, 2.959999999999972, 2.639999999999973, 2.929999999999973, 2.789999999999972, 5.83999999999991, 5.109999999999923], [np.float64(89.01000063086188), np.float64(88.91310365687876), np.float64(90.39387996093464), np.float64(99.65859428578), np.float64(93.60269228273994), np.float64(98.65446671574027), np.float64(88.9223757216096), np.float64(98.64923414799219)], [5.649999999999922, 6.189999999999911, 3.2999999999999723, 3.2999999999999723, 3.2999999999999723, 3.2999999999999723, 6.189999999999911, 5.649999999999922])
(array([  7.75253515,  25.81341098, -23.03406163,  18.63821082,
        31.08500476,  32.35158016,   4.97280996,  -3.55788004]), array([ 37.64918226,  11.6996603 ,  19.61653199,  12.46165671,
       -28.18940645,  13.18029672,  13.59291795,   9.65477825]), array([  0.47872213,   0.92990153,   0.70534045,   0.30888732,
         0.2320572 ,   0.99074847, 109.56434316,  96.76395332]))
([5.609999999999915, 6.059999999999906, 2.969999999999972, 2.6499999999999733, 2.959999999999972, 2.7699999999999725, 6.059999999999906, 5.3799999999999155], [np.float64(89.54440978085036), np.float64(88.91373535884057), np.float64(89.43991862998757), np.float64(99.63783511217471), np.float64(91.43507575927984), np.float64(98.87190932173037), np.float64(88.91336810761533), np.float64(99.05156884226193)], [5.959999999999916, 6.399999999999906, 3.2999999999999723, 3.2999999999999723, 3.2999999999999723, 3.2999999999999723, 6.399999999999906, 5.959999999999916])
(array([  9.38611671,  23.91507972, -23.38525298,  20.19097946,
        28.97346852,  31.35481122,   7.37177673,  -8.15149423]), array([ 37.99912254,  11.50327241,  18.67687605,  13.05767705,
       -28.43041209,  11.01503537,  30.48728826,  21.81663373]), array([  0.47872213,   0.92990153,   0.70534045,   0.30888732,
         0.2320572 ,   0.99074847, 109.56434316,  96.76395332]))
([5.82999999999991, 5.9199999999999084, 2.969999999999972, 2.669999999999973, 2.9699999999999718, 2.7499999999999725, 5.919999999999909, 5.619999999999911], [np.float64(89.49009215257266), np.float64(88.95332502465342), np.float64(89.04380464159749), np.float64(99.56984376245791), np.float64(89.82884193262295), np.float64(99.04743986774743), np.float64(88.91430144311863), np.float64(98.84742582826428)], [6.169999999999911, 6.259999999999909, 3.2999999999999723, 3.2999999999999723, 3.2999999999999723, 3.2999999999999723, 6.259999999999909, 6.169999999999911])
(array([ 11.01964973,  22.01675137, -23.7364419 ,  21.60394713,
        26.8619476 ,  30.35806564,   9.77074351, -11.85758902]), array([ 38.34905243,  11.30688483,  17.7372266 ,  13.60003567,
       -28.67141598,   8.84982476,  47.38165858,  10.3327707 ]), array([  0.47872213,   0.92990153,   0.70534045,   0.30888732,
         0.2320572 ,   0.99074847, 109.56434316,  96.76395332]))
([5.429999999999919, 5.5399999999999165, 2.9699999999999718, 2.699999999999973, 2.9699999999999718, 2.7399999999999722, 5.539999999999917, 5.279999999999919], [np.float64(89.3466052860814), np.float64(88.96182170113293), np.float64(88.95555767151903), np.float64(99.44774099071086), np.float64(89.23560495693239), np.float64(99.17916746727732), np.float64(88.9133303720946), np.float64(97.89756269372776)], [5.76999999999992, 5.889999999999917, 3.2999999999999723, 3.2999999999999723, 3.2999999999999723, 3.2999999999999723, 5.889999999999917, 5.76999999999992])
(array([ 12.65312703,  20.11842617, -24.08762828,  22.32881701,
        24.75044433,  29.36134869,  10.05993681, -15.56368381]), array([ 38.69897037,  11.11049756,  16.79758396,  13.87827235,
       -28.91241785,   6.68467634,  49.41825981,  -1.15109234]), array([  0.47872213,   0.92990153,   0.70534045,   0.30888732,
         0.2320572 ,   0.99074847, 109.56434316,  96.76395332]))
([5.079999999999926, 5.499999999999917, 2.9699999999999718, 2.729999999999972, 2.9699999999999718, 2.7299999999999724, 5.499999999999918, 4.959999999999927], [np.float64(89.84859439405272), np.float64(88.92270843893102), np.float64(88.97635089184841), np.float64(99.28558941755317), np.float64(89.24123262896958), np.float64(99.22871542742962), np.float64(88.91314692399678), np.float64(97.46543675834273)], [5.429999999999927, 5.849999999999918, 3.2999999999999723, 3.2999999999999723, 3.2999999999999723, 3.2999999999999723, 5.849999999999918, 5.429999999999927])
(array([ 14.28653991,  18.2201044 , -24.43881197,  21.92502001,
        22.63896157,  28.36466733,  -8.08537714, -19.2697786 ]), array([ 39.04887452,  10.91411066,  15.8579485 ,  12.9456656 ,
       -29.15341738,   4.51960527,  48.66055517, -12.63495537]), array([  0.47872213,   0.92990153,   0.70534045,   0.30888732,
         0.2320572 ,   0.99074847, 109.56434316,  96.76395332]))
([4.799999999999932, 5.339999999999922, 2.9699999999999718, 2.7399999999999727, 2.9699999999999718, 2.7299999999999724, 5.339999999999922, 4.679999999999933], [np.float64(89.85250442326628), np.float64(88.91493118919705), np.float64(89.03584412218817), np.float64(99.172316114877), np.float64(89.4621225505269), np.float64(99.19258796993212), np.float64(88.91339435212782), np.float64(97.31950157169975)], [5.139999999999933, 5.679999999999922, 3.2999999999999723, 3.2999999999999723, 3.2999999999999723, 3.2999999999999723, 5.679999999999922, 5.139999999999933])
(array([ 15.91987777,  16.32178636, -24.78999285,  21.52122727,
        20.52750282,  27.36803102, -26.23069108, -22.97587338]), array([ 39.3987626 ,  10.71772414,  14.91832058,  12.01306867,
       -29.39441417,   2.35463202,  47.90285054, -24.11881841]), array([  0.47872213,   0.92990153,   0.70534045,   0.30888732,
         0.2320572 ,   0.99074847, 109.56434316,  96.76395332]))
([4.559999999999937, 5.109999999999927, 2.969999999999972, 2.7599999999999723, 2.9699999999999718, 2.7399999999999722, 5.109999999999927, 4.449999999999938], [np.float64(89.57904047298823), np.float64(88.91408632967072), np.float64(89.16380746262045), np.float64(99.04598644566211), np.float64(89.85624618680954), np.float64(99.16170508055151), np.float64(88.91371131155478), np.float64(96.9886857480433)], [4.899999999999938, 5.4499999999999265, 3.2999999999999723, 3.2999999999999723, 3.2999999999999723, 3.2999999999999723, 5.4499999999999265, 4.899999999999938])
(array([ 17.55312759,  14.42347241, -25.14117075,  21.11743902,
        18.41607245,  26.37145284, -43.94409323, -26.68196817]), array([ 39.74863182,  10.52133804,  13.97870063,  11.08048214,
       -29.63540772,   0.18978505,  47.1631815 , -35.60268145]), array([  0.47872213,   0.92990153,   0.70534045,   0.30888732,
         0.2320572 ,   0.99074847, 109.56434316,  96.76395332]))
([4.359999999999942, 4.859999999999932, 2.9699999999999718, 2.7699999999999725, 2.9599999999999724, 2.749999999999972, 4.859999999999932, 4.259999999999942], [np.float64(89.27772061031072), np.float64(88.9127410533565), np.float64(89.36554753274989), np.float64(98.89552647089481), np.float64(90.43454781529465), np.float64(99.12641328211957), np.float64(88.91373589439782), np.float64(96.47229447163589)], [4.6999999999999424, 5.199999999999932, 3.2999999999999723, 3.2999999999999723, 3.2999999999999723, 3.2999999999999723, 5.199999999999932, 4.6999999999999424])
(array([ 19.18627308,  12.52516293, -25.49234551,  20.71365555,
        16.30467591,  25.37495148, -44.34139736, -27.50642087]), array([ 40.09847869,  10.3249524 ,  13.03908906,  10.14790663,
       -29.87639741,  -1.97489502,  31.95013277, -38.15736567]), array([  0.47872213,   0.92990153,   0.70534045,   0.30888732,
         0.2320572 ,   0.99074847, 109.56434316,  96.76395332]))
([4.299999999999943, 5.0199999999999285, 2.9699999999999718, 2.7899999999999725, 2.959999999999972, 2.7499999999999725, 5.019999999999928, 4.199999999999943], [np.float64(89.73573431046911), np.float64(88.91435376092902), np.float64(89.69988676621551), np.float64(98.72223522464348), np.float64(91.15886550456351), np.float64(99.1211931414114), np.float64(88.97081364694887), np.float64(96.76733069790757)], [4.6499999999999435, 5.359999999999928, 3.2999999999999723, 3.2999999999999723, 3.2999999999999723, 3.2999999999999723, 5.359999999999928, 4.6499999999999435])
(array([ 20.81929374,  10.62685835, -25.84351697,  20.30987715,
        14.1933202 ,  24.37855463, -44.73870149, -14.4661705 ]), array([ 40.44829881,  10.12856728,  12.09948635,   9.21534283,
       -30.11738244,  -4.13934809,  16.73708404, -23.82404456]), array([  0.47872213,   0.92990153,   0.70534045,   0.30888732,
         0.2320572 ,   0.99074847, 109.56434316,  96.76395332]))
([4.579999999999938, 5.119999999999926, 2.9699999999999713, 2.7999999999999727, 2.949999999999972, 2.7399999999999727, 5.1199999999999255, 4.409999999999937], [np.float64(89.15082328002384), np.float64(88.91374533939127), np.float64(90.1166380168928), np.float64(98.53699835060104), np.float64(91.94383816170921), np.float64(99.14896579117108), np.float64(89.30299298070554), np.float64(98.3263985922629)], [4.919999999999938, 5.459999999999926, 3.2999999999999723, 3.2999999999999723, 3.2999999999999723, 3.2999999999999723, 5.459999999999926, 4.919999999999938])
(array([ 22.4521633 ,   8.72855918, -26.19468492,  19.90610413,
        12.08201434,  23.38230501, -45.13600561,  -1.42592012]), array([ 40.79808657,   9.93218271,  11.159893  ,   8.28279146,
       -30.35836179,  -6.30348133,   1.5240353 ,  -9.49072345]), array([  0.47872213,   0.92990153,   0.70534045,   0.30888732,
         0.2320572 ,   0.99074847, 109.56434316,  96.76395332]))
([4.92999999999993, 5.149999999999926, 2.959999999999972, 2.8099999999999725, 2.939999999999973, 2.7299999999999724, 5.139999999999925, 4.669999999999931], [np.float64(88.93087257742371), np.float64(88.91473299399769), np.float64(90.63402435036426), np.float64(98.36792069961196), np.float64(92.81371305484602), np.float64(99.23684620908452), np.float64(89.87173229219636), np.float64(99.26715679570155)], [5.26999999999993, 5.489999999999926, 3.2999999999999723, 3.2999999999999723, 3.2999999999999723, 3.2999999999999723, 5.489999999999926, 5.26999999999993])
(array([ 24.08484757,   6.83026599, -26.54584918,  19.50233684,
         9.97077023,  22.38627225, -45.53330974,   3.58923872]), array([ 41.14783464,   9.73579876,  10.22030955,   7.35025332,
       -30.59933408,  -8.46714349, -13.68901343,  -3.97826165]), array([  0.47872213,   0.92990153,   0.70534045,   0.30888732,
         0.2320572 ,   0.99074847, 109.56434316,  96.76395332]))
([5.0699999999999275, 5.089999999999927, 2.959999999999972, 2.8199999999999723, 2.929999999999973, 2.729999999999972, 5.0799999999999255, 4.749999999999926], [np.float64(88.91573412943822), np.float64(88.9151140826284), np.float64(91.1621286498911), np.float64(98.15164778822424), np.float64(93.75202873445865), np.float64(99.25528377088129), np.float64(90.33549127966918), np.float64(99.54730209733815)], [5.409999999999927, 5.429999999999927, 3.2999999999999723, 3.2999999999999723, 3.2999999999999723, 3.2999999999999723, 5.429999999999927, 5.409999999999927])
(array([ 25.71730125,   4.93197943, -26.89700952,  19.09857565,
         7.85960391,  21.39057788, -45.93061387, -10.99101141]), array([ 41.49753331,   9.53941549,   9.28073658,   6.41772928,
       -30.84029749, -10.63007057, -28.90206216, -17.60545317]), array([  0.47872213,   0.92990153,   0.70534045,   0.30888732,
         0.2320572 ,   0.99074847, 109.56434316,  96.76395332]))
([4.649999999999936, 4.95999999999993, 2.949999999999972, 2.829999999999972, 2.9199999999999724, 2.7499999999999725, 4.9399999999999284, 4.3999999999999355], [np.float64(88.91718331578477), np.float64(88.91460017744143), np.float64(91.52715468869918), np.float64(97.89306597804357), np.float64(94.64647673407504), np.float64(99.06190393172356), np.float64(91.0396528319171), np.float64(99.21494015918884)], [4.989999999999936, 5.29999999999993, 3.2999999999999723, 3.2999999999999723, 3.2999999999999723, 3.2999999999999723, 5.29999999999993, 4.989999999999936])
(array([ 27.34946295,   3.03370025, -27.2481657 ,  18.69482098,
         5.74853746,  20.39545438, -45.9383932 , -14.49007395]), array([ 41.84716944,   9.34303299,   8.34117472,   5.48522027,
       -31.08124951, -12.79175754, -29.19993824, -20.87579456]), array([  0.47872213,   0.92990153,   0.70534045,   0.30888732,
         0.2320572 ,   0.99074847, 109.56434316,  96.76395332]))
([4.5499999999999385, 4.989999999999929, 2.949999999999972, 2.8399999999999723, 2.8999999999999733, 2.769999999999972, 4.959999999999928, 4.289999999999938], [np.float64(88.91901410268402), np.float64(88.91455073901518), np.float64(91.85269523623421), np.float64(97.67105649577785), np.float64(95.50580835999331), np.float64(98.93525460754805), np.float64(91.88432104691395), np.float64(99.21945113722455)], [4.889999999999938, 5.329999999999929, 3.2999999999999723, 3.2999999999999723, 3.2999999999999723, 3.2999999999999723, 5.329999999999929, 4.889999999999938])
(array([ 28.98124747,   1.13542931, -27.59931748,  18.29107325,
         3.6376022 ,  19.40140771, -29.68996064,  -0.53379202]), array([ 42.19672476,   9.14665135,   7.40162466,   4.55272733,
       -31.32218655, -14.95110537, -22.02239782,  -6.65093288]), array([  0.47872213,   0.92990153,   0.70534045,   0.30888732,
         0.2320572 ,   0.99074847, 109.56434316,  96.76395332]))
([4.89999999999993, 5.39999999999992, 2.949999999999972, 2.8499999999999726, 2.889999999999972, 2.7499999999999725, 5.35999999999992, 4.51999999999993], [np.float64(89.01458277273724), np.float64(88.91318597536234), np.float64(92.31124060590405), np.float64(97.4892386330427), np.float64(96.11531216039727), np.float64(99.10239816684246), np.float64(92.7488363370257), np.float64(99.70195538365843)], [5.239999999999931, 5.73999999999992, 3.2999999999999723, 3.2999999999999723, 3.2999999999999723, 3.2999999999999723, 5.73999999999992, 5.239999999999931])
(array([ 30.61253296,  -0.76283236, -27.95046457,  17.88733297,
         1.52684402,  18.40977628, -13.44152809,  13.42248992]), array([ 42.54617319,   8.95027066,   6.46208713,   3.62025157,
       -31.56310338, -17.1052066 , -14.8448574 ,   7.57392879]), array([  0.47872213,   0.92990153,   0.70534045,   0.30888732,
         0.2320572 ,   0.99074847, 109.56434316,  96.76395332]))
([5.339999999999921, 5.859999999999911, 2.9399999999999724, 2.8599999999999723, 2.869999999999973, 2.7399999999999727, 5.799999999999909, 4.799999999999922], [np.float64(89.74056724297313), np.float64(88.91441584017895), np.float64(92.56386919512973), np.float64(97.268559064261), np.float64(96.73806708397098), np.float64(99.18972305960295), np.float64(94.91251358634098), np.float64(99.88751002012307)], [5.689999999999921, 6.1999999999999105, 3.2999999999999723, 3.2999999999999723, 3.2999999999999723, 3.2999999999999723, 6.1999999999999105, 5.689999999999921])
(array([ 32.24313902,  -2.6610836 , -28.30160668,  17.48360067,
        -0.58366695,  17.4255104 ,   2.80690447,  27.37877185]), array([ 42.89547607,   8.75389105,   5.52256294,   2.68779423,
       -31.80399199, -19.2433078 ,  -7.66731698,  21.79879046]), array([  0.47872213,   0.92990153,   0.70534045,   0.30888732,
         0.2320572 ,   0.99074847, 109.56434316,  96.76395332]))
([5.879999999999908, 6.179999999999903, 2.939999999999972, 2.8699999999999726, 2.8599999999999723, 2.7399999999999727, 6.039999999999903, 5.169999999999909], [np.float64(92.08536127808918), np.float64(88.94965004436885), np.float64(92.720163358285), np.float64(97.09385936104073), np.float64(97.13886311645985), np.float64(99.19664992718621), np.float64(97.67612034189932), np.float64(99.9435934967143)], [6.249999999999909, 6.519999999999904, 3.2999999999999723, 3.2999999999999723, 3.2999999999999723, 3.2999999999999723, 6.519999999999904, 6.249999999999909])
(array([ 31.62535546,  -0.9839899 , -26.80281694,  18.45302114,
        -0.20687571,  18.89926008,  -3.71200225,  10.29723219]), array([ 41.8325833 ,   9.25438163,   5.99885754,   4.43483288,
       -27.9827768 , -16.19552429,   1.93712376,  28.14676931]), array([  0.47872213,   0.92990153,   0.70534045,   0.30888732,
         0.2320572 ,   0.99074847, 109.56434316,  96.76395332]))
([5.729999999999911, 6.539999999999895, 2.939999999999972, 2.849999999999972, 2.8699999999999726, 2.749999999999972, 6.3999999999998956, 5.139999999999912], [np.float64(93.87510318272685), np.float64(88.95386114223484), np.float64(92.58438838834981), np.float64(97.57930418635085), np.float64(96.95049329760572), np.float64(99.10548386464924), np.float64(97.52542245296141), np.float64(99.92138607353934)], [6.119999999999912, 6.879999999999896, 3.2999999999999723, 3.2999999999999723, 3.2999999999999723, 3.2999999999999723, 6.879999999999896, 6.119999999999912])
(array([ 31.0075737 ,   0.69308716, -25.30402813,  19.42243499,
         0.16991506,  20.37289454, -10.23090898,  -6.78430747]), array([ 40.76969364,   9.75486725,   6.47515184,   6.18185961,
       -24.16156638, -13.14797904,  11.5415645 ,  34.49474816]), array([  0.47872213,   0.92990153,   0.70534045,   0.30888732,
         0.2320572 ,   0.99074847, 109.56434316,  96.76395332]))
([5.3199999999999195, 6.409999999999899, 2.9499999999999718, 2.829999999999972, 2.879999999999973, 2.759999999999972, 6.289999999999899, 4.919999999999921], [np.float64(93.74400993934036), np.float64(88.9159077496511), np.float64(92.43672390420411), np.float64(98.02147853103774), np.float64(96.72777434533218), np.float64(98.98228208079524), np.float64(96.91445481480761), np.float64(99.8081140788596)], [5.709999999999921, 6.749999999999899, 3.2999999999999723, 3.2999999999999723, 3.2999999999999723, 3.2999999999999723, 6.749999999999899, 5.709999999999921])
(array([ 30.38979384,   2.37014571, -23.80524031,  20.39184132,
         0.54670527,  21.846368  , -16.7498157 , -23.00713799]), array([ 39.70680724,  10.25534734,   6.95144583,   7.92887279,
       -20.34036165, -10.10076677,  21.14600524,  40.52360663]), array([  0.47872213,   0.92990153,   0.70534045,   0.30888732,
         0.2320572 ,   0.99074847, 109.56434316,  96.76395332]))
([4.959999999999929, 6.019999999999907, 2.949999999999972, 2.8099999999999725, 2.8799999999999724, 2.779999999999972, 5.9299999999999065, 4.689999999999929], [np.float64(92.00741674701301), np.float64(88.91466464359536), np.float64(92.16921972831909), np.float64(98.41566641561936), np.float64(96.52596131218863), np.float64(98.80632058925507), np.float64(95.88856766262059), np.float64(99.43468641089822)], [5.319999999999929, 6.359999999999907, 3.2999999999999723, 3.2999999999999723, 3.2999999999999723, 3.2999999999999723, 6.359999999999907, 5.319999999999929])
(array([ 29.77201596,   4.04718355, -22.30645354,  21.36123906,
         0.92349481,  23.31960676, -19.96580004,  -5.99675157]), array([ 38.64392424,  10.75582125,   7.42773948,   9.67587048,
       -16.51916373,  -7.05403986,  25.8841818 ,  30.74632233]), array([  0.47872213,   0.92990153,   0.70534045,   0.30888732,
         0.2320572 ,   0.99074847, 109.56434316,  96.76395332]))
([5.419999999999919, 5.8199999999999115, 2.949999999999972, 2.7899999999999725, 2.889999999999973, 2.7899999999999725, 5.75999999999991, 5.09999999999992], [np.float64(89.12927247665046), np.float64(88.9146729615032), np.float64(91.82936726440532), np.float64(98.70567112928042), np.float64(96.2439936995607), np.float64(98.64838773324446), np.float64(94.25095090315587), np.float64(99.51588727065108)], [5.75999999999992, 6.159999999999911, 3.2999999999999723, 3.2999999999999723, 3.2999999999999723, 3.2999999999999723, 6.159999999999911, 5.75999999999992])
(array([ 29.15424015,   5.72419812, -20.8076679 ,  22.3306269 ,
         1.30028353,  24.79248426, -19.34337729,  -9.77650288]), array([ 37.58104481,  11.25628822,   7.90403278,  11.42285034,
       -12.69797411,  -4.00806005,  17.33101908,  38.568784  ]), array([  0.47872213,   0.92990153,   0.70534045,   0.30888732,
         0.2320572 ,   0.99074847, 109.56434316,  96.76395332]))
([5.33999999999992, 5.89999999999991, 2.959999999999972, 2.7699999999999725, 2.8999999999999724, 2.809999999999972, 5.839999999999908, 5.0999999999999215], [np.float64(90.12424644271306), np.float64(88.91548434630215), np.float64(91.3473694931944), np.float64(98.93457552242282), np.float64(95.9272215703957), np.float64(98.3770285682061), np.float64(94.16052060608622), np.float64(99.1342161484833)], [5.689999999999921, 6.23999999999991, 3.2999999999999723, 3.2999999999999723, 3.2999999999999723, 3.2999999999999723, 6.23999999999991, 5.689999999999921])
(array([ 28.53646651,   7.40118644, -19.30888347,  23.30000328,
         1.67707125,  26.26476359, -18.72095453,  -6.08308946]), array([36.51816911, 11.75674735,  8.38032569, 13.16980954, -8.8767947 ,
       -0.96331728,  8.77785636, 28.53002153]), array([  0.47872213,   0.92990153,   0.70534045,   0.30888732,
         0.2320572 ,   0.99074847, 109.56434316,  96.76395332]))
([5.439999999999919, 5.879999999999909, 2.959999999999972, 2.759999999999972, 2.899999999999973, 2.829999999999973, 5.839999999999909, 5.24999999999992], [np.float64(89.71707567303791), np.float64(88.9164922927339), np.float64(90.84547211254117), np.float64(99.05299275452458), np.float64(95.54591491952323), np.float64(98.0049740762257), np.float64(93.0879154547983), np.float64(98.71191479151243)], [5.789999999999919, 6.22999999999991, 3.2999999999999723, 3.2999999999999723, 3.2999999999999723, 3.2999999999999723, 6.22999999999991, 5.789999999999919])
(array([ 27.91869514,   9.07814497, -17.81010032,  24.26936628,
         2.0538577 ,  27.73594498, -18.09853178,  -2.38967605]), array([35.45529731, 12.25719759,  8.85661819, 14.91674462, -5.05562809,
        2.07915488,  0.22469364, 18.49125907]), array([  0.47872213,   0.92990153,   0.70534045,   0.30888732,
         0.2320572 ,   0.99074847, 109.56434316,  96.76395332]))
([5.469999999999918, 5.779999999999912, 2.9699999999999718, 2.7599999999999727, 2.909999999999973, 2.8499999999999726, 5.749999999999912, 5.319999999999918], [np.float64(89.23161470640473), np.float64(88.92025036441726), np.float64(90.3659894609058), np.float64(99.0656158861801), np.float64(95.07502277798518), np.float64(97.42640882331877), np.float64(91.76866642042667), np.float64(97.90283854306816)], [5.819999999999919, 6.119999999999912, 3.2999999999999723, 3.2999999999999723, 3.2999999999999723, 3.2999999999999723, 6.119999999999912, 5.819999999999919])
(array([ 27.30092615,  10.75506955, -16.31131856,  25.23871353,
         2.43064254,  29.2047687 , -17.47610903,   1.30373737]), array([34.39242961, 12.7576377 ,  9.33291025, 16.66365132, -1.23447778,
        5.11675128, -8.32846908,  8.4524966 ]), array([  0.47872213,   0.92990153,   0.70534045,   0.30888732,
         0.2320572 ,   0.99074847, 109.56434316,  96.76395332]))
([5.409999999999919, 5.619999999999916, 2.9699999999999718, 2.769999999999972, 2.9199999999999724, 2.879999999999973, 5.609999999999914, 5.309999999999919], [np.float64(88.99676407769313), np.float64(88.92007444068686), np.float64(89.9443032752699), np.float64(98.96022308363358), np.float64(94.57567255152232), np.float64(96.62841900410582), np.float64(90.73918420566004), np.float64(96.45412038538474)], [5.75999999999992, 5.959999999999916, 3.2999999999999723, 3.309999999999972, 3.309999999999972, 3.2999999999999723, 5.959999999999916, 5.75999999999992])
(array([ 26.68315966,  12.43195516, -14.81253829,  26.20804205,
         2.8074253 ,  30.66696289, -16.85368627,   4.99715078]), array([ 33.32956622,  13.25806618,   9.80920184,  18.41052428,
         2.5866513 ,   8.1406375 , -16.8816318 ,  -1.58626586]), array([  0.47872213,   0.92990153,   0.70534045,   0.30888732,
         0.2320572 ,   0.99074847, 109.56434316,  96.76395332]))
([5.289999999999923, 5.43999999999992, 2.9699999999999718, 2.789999999999972, 2.929999999999972, 2.8999999999999724, 5.429999999999919, 5.229999999999922], [np.float64(88.93557664527529), np.float64(88.91737672476377), np.float64(89.60228987295838), np.float64(98.7265004670041), np.float64(93.91821658454953), np.float64(95.61454708768358), np.float64(90.15669854844269), np.float64(94.22307968686317)], [5.629999999999923, 5.779999999999919, 3.2999999999999723, 3.309999999999972, 3.309999999999972, 3.2999999999999723, 5.779999999999919, 5.629999999999923])
(array([ 26.06539579,  14.10879575, -13.31375963,  27.17734809,
         3.18420525,  32.09575153, -16.23126352,   8.6905642 ]), array([ 32.26670734,  13.75848123,  10.28549292,  20.15735672,
         6.40775201,  11.09543948, -25.43479453, -11.62502833]), array([  0.47872213,   0.92990153,   0.70534045,   0.30888732,
         0.2320572 ,   0.99074847, 109.56434316,  96.76395332]))
([5.129999999999926, 5.259999999999923, 2.9699999999999718, 2.8099999999999725, 2.939999999999972, 2.9199999999999724, 5.249999999999923, 5.109999999999925], [88.92337273332708, 88.91568788009114, 89.34444301256426, 98.35330427686118, 93.24580906968983, 94.51191373119724, 89.75399414556584, 91.58479700021529], [5.469999999999926, 5.599999999999923, 3.2999999999999723, 3.309999999999972, 3.309999999999972, 3.2999999999999723, 5.599999999999923, 5.469999999999926])
(array([ 23.72984763,  14.88184605, -12.84236089,  25.21490446,
         2.1973062 ,  28.19362333,  -7.30388762,  17.80688686]), array([ 32.29997886,  12.89631354,   7.94583517,  16.93800974,
         5.32701094,  10.58935823, -18.40016959,  -7.34831297]), array([  0.47872213,   0.92990153,   0.70534045,   0.30888732,
         0.2320572 ,   0.99074847, 109.56434316,  96.76395332]))
([5.319999999999921, 5.539999999999917, 2.979999999999972, 2.8299999999999725, 2.9699999999999718, 2.9199999999999724, 5.529999999999917, 5.259999999999922], [89.00886298938745, 88.91829633148186, 88.92742562643629, 98.14906220132843, 89.78363868922665, 94.5920469688593, 89.3448721794349, 94.37995050882512], [5.659999999999922, 5.879999999999917, 3.2999999999999723, 3.309999999999972, 3.309999999999972, 3.2999999999999723, 5.879999999999917, 5.659999999999922])
(array([ 21.3943008 ,  15.65489432, -12.37096912,  23.25482101,
         1.2104072 ,  24.29154087,   1.62348828,  24.26067095]), array([ 32.33325036,  12.0341481 ,   5.60621204,  13.72253456,
         4.24626994,  10.08328291, -11.36554464,  -4.32066701]), array([  0.47872213,   0.92990153,   0.70534045,   0.30888732,
         0.2320572 ,   0.99074847, 109.56434316,  96.76395332]))
([5.409999999999919, 5.849999999999911, 2.9799999999999716, 2.839999999999972, 2.979999999999972, 2.9199999999999724, 5.849999999999911, 5.3199999999999195], [89.51315166091135, 88.91967531304175, 88.91350170096099, 97.83107862114039, 88.91466518541802, 94.50472062192115, 88.93170707035652, 96.19157618414921], [5.74999999999992, 6.189999999999911, 3.309999999999972, 3.309999999999972, 3.309999999999972, 3.309999999999972, 6.189999999999911, 5.74999999999992])
(array([ 19.05875547,  16.4279404 , -11.89958528,  21.29908994,
         0.22350828,  20.38951345,  10.55086419,  10.25066313]), array([ 32.36652183,  11.17198512,   3.26662826,  10.51419939,
         3.16552902,   9.57721473,  -4.3309197 , -14.65399318]), array([  0.47872213,   0.92990153,   0.70534045,   0.30888732,
         0.2320572 ,   0.99074847, 109.56434316,  96.76395332]))
([5.089999999999925, 6.209999999999903, 2.9799999999999716, 2.8599999999999723, 2.979999999999972, 2.929999999999972, 6.209999999999903, 5.019999999999926], [91.64466059707618, 88.91317811852647, 88.91469377793236, 97.41328951949949, 88.91247131195496, 94.34168919686698, 88.91317385799181, 96.33159063802077], [5.459999999999926, 6.549999999999903, 3.309999999999972, 3.309999999999972, 3.309999999999972, 3.309999999999972, 6.549999999999903, 5.459999999999926])
(array([ 16.72321182,  17.20098408, -11.4282105 ,  19.35274902,
        -0.76339058,  16.48755309,  19.47824009,  -3.7593447 ]), array([ 32.39979329,  10.30982482,   0.92708943,   7.32126857,
         2.08478816,   9.07115525,   2.70370525, -24.98731934]), array([  0.47872213,   0.92990153,   0.70534045,   0.30888732,
         0.2320572 ,   0.99074847, 109.56434316,  96.76395332]))
([4.799999999999932, 6.529999999999895, 2.989999999999972, 2.8899999999999717, 2.9899999999999713, 2.9299999999999726, 6.529999999999895, 4.729999999999932], [91.61832428303278, 88.91500196913191, 88.91202685431165, 96.89664623739365, 88.91454506869391, 94.25150999262742, 88.91399411407129, 96.01986951045487], [5.159999999999933, 6.879999999999896, 3.309999999999972, 3.319999999999972, 3.319999999999972, 3.309999999999972, 6.879999999999896, 5.159999999999933])
(array([ 14.38767004,  17.97402513, -10.95684614,  17.43281155,
        -1.75028937,  12.58567559,  28.40561599,  -6.04529303]), array([ 32.43306472,   9.44766744,  -1.4123977 ,   4.17165201,
         1.00404739,   8.56510651,   9.73833019, -26.6733605 ]), array([  0.47872213,   0.92990153,   0.70534045,   0.30888732,
         0.2320572 ,   0.99074847, 109.56434316,  96.76395332]))
([4.769999999999933, 6.4299999999998985, 2.989999999999972, 2.9099999999999717, 2.9799999999999716, 2.9499999999999718, 6.4299999999998985, 4.679999999999933], [90.73919335225243, 88.92176585084425, 89.42366739985212, 96.21989889346318, 91.20418688447361, 94.05045367506139, 88.9127720784437, 96.5722361899053], [5.129999999999933, 6.779999999999898, 3.319999999999972, 3.319999999999972, 3.319999999999972, 3.319999999999972, 6.779999999999898, 5.129999999999933])
(array([ 12.0521304 ,  18.7470633 , -10.48549383,  15.63946614,
        -2.73718807,   8.68390209,  37.33299189,  -0.81866311]), array([ 32.46633611,   8.58551327,  -3.75182498,   1.22970707,
        -0.0766933 ,   8.05907126,  16.77295514, -15.83485602]), array([  0.47872213,   0.92990153,   0.70534045,   0.30888732,
         0.2320572 ,   0.99074847, 109.56434316,  96.76395332]))
([5.059999999999928, 6.079999999999906, 2.959999999999972, 2.9299999999999717, 2.889999999999972, 2.9699999999999718, 6.079999999999905, 4.909999999999926], [90.00629757776952, 88.95632341808722, 93.94734746288358, 95.25204890981749, 96.97573113717752, 93.39032368975347, 89.07955105583133, 97.8835051060752], [5.3999999999999275, 6.419999999999906, 3.3399999999999714, 3.3299999999999716, 3.3299999999999716, 3.3399999999999714, 6.419999999999906, 5.3999999999999275])
(array([  8.6771392 ,  16.56612233, -12.71552972,  15.93263877,
        -5.06358059,   5.7137276 ,  22.93709982,  -4.71567729]), array([33.2537636 ,  8.27038453, -6.73471106, -2.6278567 ,  2.96263521,
        9.28329286,  5.63464809, -6.73453067]), array([  0.47872213,   0.92990153,   0.70534045,   0.30888732,
         0.2320572 ,   0.99074847, 109.56434316,  96.76395332]))
([5.249999999999924, 6.569999999999895, 2.939999999999972, 2.909999999999972, 2.779999999999972, 2.909999999999972, 6.559999999999894, 5.089999999999923], [90.62911227813527, 88.93530784674114, 95.12592361139926, 95.78112389824176, 98.9265547025075, 96.2506137053061, 90.19473065556568, 98.2460095426056], [5.599999999999923, 6.919999999999895, 3.3299999999999716, 3.319999999999972, 3.319999999999972, 3.3299999999999716, 6.919999999999895, 5.599999999999923])
(array([  5.30216299,  14.38529298, -14.94547534,  16.22437086,
        -7.38997271,   2.74364975,   8.54120775,  -8.61269147]), array([34.04118759,  7.95527193, -9.7174764 , -6.46646604,  6.00196319,
       10.50747463, -5.50365897,  2.36579467]), array([  0.47872213,   0.92990153,   0.70534045,   0.30888732,
         0.2320572 ,   0.99074847, 109.56434316,  96.76395332]))
([5.459999999999918, 6.269999999999902, 2.9499999999999726, 2.9399999999999724, 2.7399999999999722, 2.8399999999999714, 6.2599999999999, 5.299999999999918], [90.63426359532684, 88.91626576377513, 93.24979800426443, 93.44298804587544, 99.19795782196353, 98.18811796583277, 91.14295046580851, 98.4170057932274], [5.819999999999919, 6.6199999999999015, 3.319999999999972, 3.309999999999972, 3.309999999999972, 3.319999999999972, 6.6199999999999015, 5.819999999999919])
(array([  1.92720798,  12.2046127 , -17.17530546,  16.51127339,
        -9.71636429,  -0.22630811,  -5.85468433, -12.50970564]), array([ 34.82860664,   7.64018086, -12.70008724, -10.24152782,
         9.04129048,  11.73160694, -16.64196602,  11.46612002]), array([  0.47872213,   0.92990153,   0.70534045,   0.30888732,
         0.2320572 ,   0.99074847, 109.56434316,  96.76395332]))
([5.699999999999913, 5.759999999999913, 2.9699999999999718, 2.9699999999999718, 2.7399999999999722, 2.769999999999972, 5.739999999999911, 5.519999999999913], [89.13612345989115, 88.9602594588172, 91.02091159330219, 90.33906189671978, 99.19478739582739, 99.00828948099615, 91.30914365563356, 98.47541402700601], [6.049999999999914, 6.099999999999913, 3.309999999999972, 3.2999999999999723, 3.2999999999999723, 3.309999999999972, 6.099999999999913, 6.049999999999914])
(array([ -1.44771566,  10.02413777, -19.40498451,  16.68432155,
       -12.04275518,  -3.19611445, -20.2505764 , -16.40671982]), array([ 35.61601837,   7.32511946, -15.68249601, -12.51849456,
        12.08061685,  12.95567681, -27.78027307,  20.56644536]), array([  0.47872213,   0.92990153,   0.70534045,   0.30888732,
         0.2320572 ,   0.99074847, 109.56434316,  96.76395332]))
([5.929999999999909, 5.329999999999921, 2.9799999999999716, 2.9699999999999718, 2.7499999999999725, 2.729999999999972, 5.319999999999921, 5.73999999999991], [89.01831944084498, 89.86434791439343, 89.64460062335728, 89.16938038534434, 99.12966608068318, 99.32049890104135, 91.21142355656868, 98.4899295063084], [6.269999999999909, 5.679999999999922, 3.309999999999972, 3.2999999999999723, 3.2999999999999723, 3.309999999999972, 5.679999999999922, 6.269999999999909])
(array([ -4.82258999,   7.84395681, -21.63446066,  14.32365016,
       -14.36914511,  -6.16572565, -27.84599348, -18.50213658]), array([ 36.4034186 ,   7.01010054, -18.66463338, -11.95962455,
        15.11994198,  14.17966623, -33.65695562,  25.45967217]), array([  0.47872213,   0.92990153,   0.70534045,   0.30888732,
         0.2320572 ,   0.99074847, 109.56434316,  96.76395332]))
([6.069999999999906, 5.139999999999925, 2.979999999999971, 2.9699999999999718, 2.7599999999999723, 2.709999999999972, 5.139999999999925, 5.889999999999906], [89.07669693795536, 91.17402284006278, 89.13290213990017, 88.99009911198101, 99.04039844332094, 99.41027698461373, 91.24429279993906, 98.33207384125984], [6.409999999999906, 5.499999999999925, 3.309999999999972, 3.2999999999999723, 3.2999999999999723, 3.309999999999972, 5.499999999999925, 6.409999999999906])
(array([ -8.19738032,   5.66421781, -23.86365535,  11.96297879,
       -16.69553369,  -9.13507958, -10.81470195, -10.60405859]), array([ 37.19079922,   6.69514548, -21.64639427, -11.40075454,
        18.15926535,  15.40354963, -30.6106233 ,  21.43378219]), array([  0.47872213,   0.92990153,   0.70534045,   0.30888732,
         0.2320572 ,   0.99074847, 109.56434316,  96.76395332]))
([6.129999999999905, 5.459999999999918, 2.9799999999999716, 2.9699999999999718, 2.769999999999972, 2.6999999999999718, 5.439999999999919, 5.9799999999999045], [89.10301437255796, 90.91713240023796, 89.000518132761, 88.94944913830636, 98.9444965644762, 99.4273378580258, 92.78516057065475, 97.95238003345354], [6.469999999999905, 5.809999999999919, 3.2999999999999723, 3.2999999999999723, 3.2999999999999723, 3.2999999999999723, 5.809999999999919, 6.469999999999905])
(array([-11.57200965,   3.48518754, -26.0924436 ,   9.60230743,
       -19.0219203 , -12.10408469,   6.21658957,  -2.70598059]), array([ 37.97814228,   6.38029283, -24.62761153, -10.84188454,
        21.19858614,  16.62728924, -27.56429099,  17.40789221]), array([  0.47872213,   0.92990153,   0.70534045,   0.30888732,
         0.2320572 ,   0.99074847, 109.56434316,  96.76395332]))
([5.879999999999909, 5.649999999999914, 2.9699999999999718, 2.9699999999999718, 2.7699999999999725, 2.699999999999972, 5.609999999999914, 5.769999999999909], [89.18250175037115, 89.9220908397315, 88.97299713434428, 88.94959978244388, 98.86466813602894, 99.43188568896574, 93.49995861650872, 96.7521096111454], [6.22999999999991, 5.999999999999915, 3.2999999999999723, 3.2999999999999723, 3.2999999999999723, 3.2999999999999723, 5.999999999999915, 6.22999999999991])
(array([-14.94626751,   1.30739973, -28.32061392,   7.24163609,
       -21.3483038 , -15.07260024,  22.348089  ,   5.1920974 ]), array([ 38.76539868,   6.0656197 , -27.60800223, -10.28301454,
        24.23790287,  17.85082708, -24.67890159,  13.38200222]), array([  0.47872213,   0.92990153,   0.70534045,   0.30888732,
         0.2320572 ,   0.99074847, 109.56434316,  96.76395332]))
([5.5399999999999165, 5.559999999999916, 2.9699999999999718, 2.9699999999999718, 2.7799999999999723, 2.7099999999999724, 5.529999999999916, 5.479999999999916], [89.09079558101777, 89.21976473122291, 88.99286025660602, 88.98364516895494, 98.82428139363883, 99.40224693844328, 92.98074121882469, 94.7871548484132], [5.889999999999917, 5.909999999999917, 3.2999999999999723, 3.2999999999999723, 3.2999999999999723, 3.2999999999999723, 5.909999999999917, 5.889999999999917])
(array([-18.31931757,  -0.86790469, -30.54777818,   4.88096476,
       -23.67468206, -18.04039828,  25.70736009,  13.0901754 ]), array([ 39.55237327,   5.7513054 , -30.58704722,  -9.72414455,
        27.27721274,  19.07406918, -33.49071925,   9.35611224]), array([  0.47872213,   0.92990153,   0.70534045,   0.30888732,
         0.2320572 ,   0.99074847, 109.56434316,  96.76395332]))
([5.219999999999923, 5.309999999999922, 2.9699999999999718, 2.969999999999972, 2.7799999999999723, 2.719999999999972, 5.279999999999921, 5.189999999999923], [88.9742628278376, 88.97911748359432, 89.04658921976247, 89.0804389716521, 98.78683747969139, 99.34269752159643, 92.56480024050123, 92.31889700146517], [5.569999999999924, 5.649999999999922, 3.2999999999999723, 3.2999999999999723, 3.2999999999999723, 3.2999999999999723, 5.649999999999922, 5.569999999999924])
(array([-20.68817608,  -3.03706696, -32.77314048,   2.52029346,
       -26.00105035, -21.0070841 ,  29.06663118,  20.98825339]), array([ 40.10505747,   5.4378786 , -33.56368193,  -9.16527456,
        30.3165096 ,  20.29685285, -42.30253691,   5.33022226]), array([  0.47872213,   0.92990153,   0.70534045,   0.30888732,
         0.2320572 ,   0.99074847, 109.56434316,  96.76395332]))
([4.95999999999993, 5.089999999999927, 2.969999999999972, 2.9699999999999718, 2.7799999999999727, 2.7199999999999727, 5.059999999999926, 4.949999999999928], [88.94118046531376, 88.92376662553129, 89.14864294750487, 89.27025024927279, 98.72333850012424, 99.2889223267577, 92.25132568349058, 90.23514923140493], [5.29999999999993, 5.429999999999927, 3.2999999999999723, 3.2999999999999723, 3.2999999999999723, 3.2999999999999723, 5.429999999999927, 5.29999999999993])
(array([-20.82571697,  -5.18330454, -34.99478092,   0.15962219,
       -28.32739602, -23.97191067,  30.01929549,  28.88633139]), array([ 38.80610248,   5.12776423, -36.53533829,  -8.60640458,
        33.3557769 ,  21.51887018, -44.80150289,   1.30433228]), array([  0.47872213,   0.92990153,   0.70534045,   0.30888732,
         0.2320572 ,   0.99074847, 109.56434316,  96.76395332]))
([4.789999999999933, 5.009999999999929, 2.9699999999999718, 2.969999999999972, 2.7899999999999725, 2.729999999999973, 4.979999999999928, 4.7899999999999325], [88.94205682680555, 88.91459401619326, 89.32376634579737, 89.61039976375518, 98.67259090622349, 99.24723574731169, 92.19498425595006, 89.21675434464291], [5.129999999999933, 5.349999999999929, 3.2999999999999723, 3.2999999999999723, 3.2999999999999723, 3.2999999999999723, 5.349999999999929, 5.129999999999933])
(array([-20.96325685,  -6.11667461, -37.2066784 ,  -2.20104906,
       -30.6536705 , -26.93327764,  28.18815475,  36.78440938]), array([ 37.50715702,   4.99289963, -39.49396251,  -8.04753461,
        36.3949512 ,  22.73946158, -28.48531143,  -2.7215577 ]), array([  0.47872213,   0.92990153,   0.70534045,   0.30888732,
         0.2320572 ,   0.99074847, 109.56434316,  96.76395332]))
([4.629999999999936, 5.2999999999999226, 2.9699999999999718, 2.9699999999999718, 2.7899999999999725, 2.7399999999999722, 5.259999999999922, 4.629999999999936], [89.08846307297861, 88.91412498167028, 89.53096808056969, 90.08387559407247, 98.63229040604344, 99.21726445735017, 92.88293934336461, 89.13017262188933], [4.9799999999999365, 5.639999999999922, 3.2999999999999723, 3.2999999999999723, 3.2999999999999723, 3.2999999999999723, 5.639999999999922, 4.9799999999999365])
(array([-21.10079553,  -2.43882789, -39.37745235,  -4.56172027,
       -32.44703093, -29.88705664,  26.35701402,  41.4977415 ]), array([ 36.20822303,   5.43605596, -42.39758009,  -7.48866464,
        38.73789696,  23.95692543, -12.16911997,  -5.12408609]), array([  0.47872213,   0.92990153,   0.70534045,   0.30888732,
         0.2320572 ,   0.99074847, 109.56434316,  96.76395332]))
([4.539999999999938, 5.659999999999915, 2.9699999999999718, 2.9599999999999724, 2.789999999999972, 2.7399999999999722, 5.609999999999913, 4.549999999999938], [90.48144862654549, 88.91402351005647, 89.55871727700662, 90.34285879545565, 98.65315352857638, 99.17584337429204, 93.7412511529757, 89.2397734938583], [4.889999999999938, 5.999999999999915, 3.2999999999999723, 3.2999999999999723, 3.2999999999999723, 3.2999999999999723, 5.999999999999915, 4.889999999999938])
(array([-21.23833272,   1.23900058, -39.92026554,  -6.92239144,
       -32.91086073, -32.81868584,  24.52587329,  40.01865008]), array([ 34.90930299,   5.87921009, -43.1236446 ,  -6.92979469,
        35.70582654,  25.16525975,   4.14707148, -18.59318579]), array([  0.47872213,   0.92990153,   0.70534045,   0.30888732,
         0.2320572 ,   0.99074847, 109.56434316,  96.76395332]))
([4.38999999999994, 5.979999999999908, 2.9699999999999718, 2.969999999999972, 2.7599999999999727, 2.7599999999999723, 5.879999999999907, 4.44999999999994], [94.72279166717782, 88.91342038415594, 88.9346762635, 89.14192072111588, 99.02133495475064, 99.05250934934284, 96.07349899320484, 89.13683492706252], [4.7899999999999405, 6.319999999999908, 3.2999999999999723, 3.2999999999999723, 3.2999999999999723, 3.2999999999999723, 6.319999999999908, 4.7899999999999405])
(array([-21.37586809,   4.91680163, -38.63724944,  -9.28306257,
       -33.37440979, -35.51272346,  22.69473256,  39.1950103 ]), array([ 33.61040018,   6.32236092, -42.41631848,  -6.37092474,
        32.67559136,  26.27566558,  20.46326294, -26.09352429]), array([  0.47872213,   0.92990153,   0.70534045,   0.30888732,
         0.2320572 ,   0.99074847, 109.56434316,  96.76395332]))
([4.329999999999941, 5.999999999999908, 2.969999999999972, 2.969999999999972, 2.7199999999999727, 2.7799999999999727, 5.849999999999906, 4.389999999999941], [94.97574216309388, 88.92391392997322, 88.91286659587205, 88.91425702796244, 99.30033279902581, 98.81988868225638, 97.80368921974828, 89.13979667127047], [4.729999999999942, 6.3399999999999075, 3.2999999999999723, 3.2999999999999723, 3.2999999999999723, 3.2999999999999723, 6.3399999999999075, 4.729999999999942])
(array([-21.51340117,   8.59455882, -37.35424077, -11.64373364,
       -33.83733022, -33.18178427,  20.86359183,  28.58701226]), array([ 32.31151895,   6.76550646, -41.70899645,  -5.81205481,
        29.64946559,  24.74580504,  36.77945439, -31.46498661]), array([  0.47872213,   0.92990153,   0.70534045,   0.30888732,
         0.2320572 ,   0.99074847, 109.56434316,  96.76395332]))
([4.40999999999994, 5.699999999999914, 2.969999999999972, 2.969999999999972, 2.7199999999999727, 2.7899999999999725, 5.529999999999913, 4.44999999999994], [93.21119389756893, 88.9657317810328, 88.91285938040264, 88.91276395296809, 99.31397723256428, 98.7223418325796, 98.31721895715677, 89.10148906592221], [4.7899999999999405, 6.039999999999914, 3.2999999999999723, 3.2999999999999723, 3.2999999999999723, 3.2999999999999723, 6.039999999999914, 4.7899999999999405])
(array([-21.65093133,  12.27223933, -36.07124026, -14.00440464,
       -34.29833359, -30.85085989,  19.98917826,  16.4817489 ]), array([ 31.01266531,   7.20864277, -41.00167893,  -5.25318489,
        26.63587164,  23.21595422,  44.57082664, -35.35835232]), array([  0.47872213,   0.92990153,   0.70534045,   0.30888732,
         0.2320572 ,   0.99074847, 109.56434316,  96.76395332]))
([4.509999999999938, 5.539999999999917, 2.969999999999972, 2.969999999999972, 2.7199999999999727, 2.7899999999999725, 5.339999999999916, 4.529999999999938], [91.51992775320642, 89.02365765175023, 88.91285181687579, 88.9125904686127, 99.31262043589814, 98.62968450673905, 98.78800091631406, 89.07451916562262], [4.869999999999939, 5.879999999999917, 3.2999999999999723, 3.2999999999999723, 3.2999999999999723, 3.2999999999999723, 5.879999999999917, 4.869999999999939])
(array([-21.78845769,  15.94976706, -34.78824876, -16.36507556,
       -34.68018469, -28.5199532 ,   9.89520053,   4.37648554]), array([ 29.71384766,   7.65176066, -40.29436638,  -4.69431499,
        24.13969871,  21.68611501,  29.19696779, -39.25171802]), array([  0.47872213,   0.92990153,   0.70534045,   0.30888732,
         0.2320572 ,   0.99074847, 109.56434316,  96.76395332]))
([4.549999999999938, 6.009999999999907, 2.969999999999972, 2.9699999999999718, 2.7299999999999724, 2.7999999999999727, 5.639999999999906, 4.569999999999937], [91.90534476610512, 89.01417995700297, 88.91284778387086, 88.94305359668714, 99.28639213669257, 98.54103405190878, 99.66585471230995, 89.02916835883069], [4.919999999999938, 6.349999999999907, 3.2999999999999723, 3.2999999999999723, 3.2999999999999723, 3.2999999999999723, 6.349999999999907, 4.919999999999938])
(array([-21.92597893,  19.62691811, -33.50526726, -18.72574638,
       -34.12077774, -26.18906789,  -0.1987772 ,   2.31015796]), array([ 28.41507825,   8.09483317, -39.58705933,  -4.13544512,
        21.94066088,  20.15628983,  13.82310894, -39.9163024 ]), array([  0.47872213,   0.92990153,   0.70534045,   0.30888732,
         0.2320572 ,   0.99074847, 109.56434316,  96.76395332]))
([4.569999999999937, 6.069999999999906, 2.969999999999972, 2.9699999999999718, 2.729999999999972, 2.7999999999999723, 5.629999999999905, 4.599999999999937], [91.89881044414739, 88.9182289835339, 88.91393702087815, 89.58902710198625, 99.27954372519115, 98.51294797525328, 99.79637163397213, 88.96171010364966], [4.939999999999937, 6.409999999999906, 3.2999999999999723, 3.2999999999999723, 3.2999999999999723, 3.2999999999999723, 6.409999999999906, 4.939999999999937])
(array([-22.06349311,  23.30265796, -32.22229686, -21.08641708,
       -33.56137121, -23.85820875, -10.29275494,   8.2653983 ]), array([ 27.11637553,   8.53773564, -38.8797584 ,  -3.57657527,
        19.7416247 ,  18.62648183,  -1.55074991, -21.49916992]), array([  0.47872213,   0.92990153,   0.70534045,   0.30888732,
         0.2320572 ,   0.99074847, 109.56434316,  96.76395332]))
([4.8899999999999295, 5.6299999999999155, 2.9699999999999718, 2.9499999999999718, 2.729999999999973, 2.7999999999999723, 5.359999999999914, 4.88999999999993], [89.06361825610568, 88.91237698456484, 88.93619035594432, 92.21452875755593, 99.3107014872121, 98.54060981528234, 99.29213145470996, 88.9835848718907], [5.239999999999931, 5.969999999999915, 3.2999999999999723, 3.309999999999972, 3.309999999999972, 3.2999999999999723, 5.969999999999915, 5.239999999999931])
(array([-22.20099713,  24.94730937, -30.93933885, -23.4470876 ,
       -33.00196514, -21.52738212, -20.38673267,  14.22063863]), array([ 25.81776877,   8.73590532, -38.17246431,  -3.01770547,
        17.54259034,  17.09669517, -16.92460875,  -3.08203744]), array([  0.47872213,   0.92990153,   0.70534045,   0.30888732,
         0.2320572 ,   0.99074847, 109.56434316,  96.76395332]))
([5.149999999999926, 5.199999999999925, 2.9699999999999718, 2.8999999999999724, 2.709999999999972, 2.7999999999999727, 5.069999999999924, 5.149999999999925], [88.9205537983657, 88.91557020813624, 89.0305646831822, 95.94113867172848, 99.45074234129513, 98.44537100345538, 97.53827763257203, 89.06163193134141], [5.489999999999926, 5.5399999999999245, 3.2999999999999723, 3.309999999999972, 3.309999999999972, 3.2999999999999723, 5.5399999999999245, 5.489999999999926])
(array([-22.33848578,  21.27910926, -29.65639472, -25.80775791,
       -32.44255961, -19.19659657, -30.4807104 ,  20.17587897]), array([ 24.5193072 ,   8.81676823, -37.46517786,  -2.45883572,
        15.34355806,  15.56693547, -32.2984676 ,  15.33509503]), array([  0.47872213,   0.92990153,   0.70534045,   0.30888732,
         0.2320572 ,   0.99074847, 109.56434316,  96.76395332]))
([5.229999999999924, 4.919999999999931, 2.9699999999999718, 2.819999999999972, 2.6499999999999724, 2.8099999999999725, 4.839999999999931, 5.219999999999923], [88.91816127306657, 88.97874233684132, 89.15869562635723, 98.58068363893146, 99.69019524459462, 98.26421392631313, 95.48262930534332, 89.21551520849407], [5.569999999999924, 5.2599999999999305, 3.2999999999999723, 3.3299999999999716, 3.3299999999999716, 3.2999999999999723, 5.2599999999999305, 5.569999999999924])
(array([-22.47594955,  17.61219189, -28.37346621, -28.16842793,
       -31.88315467, -16.86586397, -33.20109449,  24.6234424 ]), array([ 23.22108056,   8.89760287, -36.75790004,  -1.89996603,
        13.14452813,  14.03721051, -36.44180951,  29.089597  ]), array([  0.47872213,   0.92990153,   0.70534045,   0.30888732,
         0.2320572 ,   0.99074847, 109.56434316,  96.76395332]))
([5.1199999999999255, 4.8799999999999315, 2.969999999999972, 2.689999999999972, 2.529999999999972, 2.8299999999999725, 4.76999999999993, 5.1199999999999255], [88.9860479619778, 88.94788309865346, 89.24533473700397, 99.64562915891076, 99.8803220304913, 98.00156187232743, 96.91222750791249, 89.33451505004749], [5.469999999999926, 5.219999999999931, 3.2999999999999723, 3.3499999999999712, 3.3499999999999712, 3.2999999999999723, 5.219999999999931, 5.469999999999926])
(array([-22.61336915,  13.94771819, -27.09055539, -30.52909755,
       -31.32375041, -14.53520121, -30.46442887,  16.63350762]), array([ 21.92327108,   8.97838363, -36.05063196,  -1.34109645,
        10.94550088,  12.5075314 , -45.50972179,  20.41241403]), array([  0.47872213,   0.92990153,   0.70534045,   0.30888732,
         0.2320572 ,   0.99074847, 109.56434316,  96.76395332]))
([5.339999999999922, 4.8399999999999315, 2.9699999999999727, 2.5199999999999703, 2.3299999999999703, 2.8399999999999723, 4.759999999999932, 5.33999999999992], [88.92809271107083, 89.29482239065885, 89.31194682934422, 99.91197563121577, 99.95263181781125, 97.70590942767132, 95.80501567162109, 89.67957152226343], [5.679999999999922, 5.179999999999932, 3.2999999999999723, 3.40999999999997, 3.40999999999997, 3.2999999999999723, 5.179999999999932, 5.679999999999922])
(array([-22.75069867,  10.28882074, -25.80766466, -32.88976657,
       -30.76434693, -12.20463325, -19.01240154,   8.64357283]), array([ 20.62631242,   9.05904147, -35.34337495,  -0.782227  ,
         8.7464767 ,  10.97791452, -38.88764802,  11.73523106]), array([  0.47872213,   0.92990153,   0.70534045,   0.30888732,
         0.2320572 ,   0.99074847, 109.56434316,  96.76395332]))
([5.539999999999917, 5.109999999999926, 2.969999999999972, 2.3299999999999685, 2.129999999999969, 2.8499999999999726, 5.049999999999926, 5.529999999999916], [88.92276777646214, 89.4308912668338, 89.56813507084223, 99.95903520660441, 99.96521178365188, 97.54967828384581, 94.79160843051926, 89.95302312292888], [5.879999999999917, 5.4499999999999265, 3.2999999999999723, 3.499999999999968, 3.499999999999968, 3.2999999999999723, 5.4499999999999265, 5.879999999999917])
(array([-22.88779702,   6.64757024, -24.52479692, -35.25043468,
       -30.20494435,  -9.87419852,  -7.56037421,   0.65363805]), array([ 19.33153686,   9.1393103 , -34.63613062,  -0.22335777,
         6.54745606,   9.44838507, -32.26557426,   3.05804809]), array([  0.47872213,   0.92990153,   0.70534045,   0.30888732,
         0.2320572 ,   0.99074847, 109.56434316,  96.76395332]))
([5.669999999999915, 5.3999999999999195, 2.969999999999972, 2.219999999999966, 1.9899999999999662, 2.8599999999999723, 5.34999999999992, 5.659999999999913], [88.94969615906857, 89.35300977511847, 90.3864850409529, 99.9650285995263, 99.96632448770242, 97.40875363288673, 93.95147953437156, 90.2177803483851], [6.0099999999999145, 5.73999999999992, 3.2999999999999723, 3.5799999999999663, 3.5799999999999663, 3.2999999999999723, 5.73999999999992, 6.0099999999999145])
(array([-23.02395317,   3.93175233, -23.24195563, -37.61110128,
       -29.64554282,  -7.5439594 ,   3.89165312,  -7.33629674]), array([ 18.04565951,   9.19917861, -33.92890088,   0.33551111,
         4.34843954,   7.918984  , -25.64350049,  -5.61913488]), array([  0.47872213,   0.92990153,   0.70534045,   0.30888732,
         0.2320572 ,   0.99074847, 109.56434316,  96.76395332]))
([5.669999999999914, 5.629999999999915, 2.959999999999972, 2.1599999999999673, 1.909999999999967, 2.859999999999973, 5.609999999999914, 5.659999999999914], [89.0017989743545, 89.04821115085126, 91.69982866722125, 99.96536724946348, 99.96638553596726, 97.39398176691044, 91.2644592873874, 90.41542962314789], [6.019999999999914, 5.969999999999915, 3.2999999999999723, 3.549999999999967, 3.549999999999967, 3.2999999999999723, 5.969999999999915, 6.019999999999914])
(array([-23.06646273,   1.5884729 , -21.959145  , -39.97176511,
       -29.08614252,  -5.21402426,  15.34368045, -15.32623152]), array([ 17.64419344,   6.29494092, -33.22168803,   0.89437933,
         2.14942785,   6.38978245, -19.02142673, -14.29631785]), array([  0.47872213,   0.92990153,   0.70534045,   0.30888732,
         0.2320572 ,   0.99074847, 109.56434316,  96.76395332]))
([5.529999999999917, 5.809999999999911, 2.9399999999999724, 2.169999999999969, 1.909999999999969, 2.849999999999972, 5.809999999999912, 5.519999999999917], [89.5101037299433, 89.09223958650992, 93.3432381594141, 99.96373774433557, 99.96626358796942, 97.57396304407577, 88.94637783540283, 90.99639575610524], [5.8699999999999175, 6.1499999999999115, 3.2999999999999723, 3.449999999999969, 3.449999999999969, 3.2999999999999723, 6.1499999999999115, 5.8699999999999175])
(array([-22.66616513,  -0.75480005, -20.67637016, -42.33242301,
       -28.52674368,  -2.88459916,  26.79570779, -23.31616631]), array([ 14.1807465 ,   3.39071124, -32.51449492,   1.45324614,
        -0.04957813,   4.86091565, -12.39935296, -22.97350083]), array([  0.47872213,   0.92990153,   0.70534045,   0.30888732,
         0.2320572 ,   0.99074847, 109.56434316,  96.76395332]))
([5.3999999999999195, 5.719999999999913, 2.9199999999999724, 2.239999999999971, 1.9699999999999707, 2.8399999999999723, 5.719999999999914, 5.389999999999921], [89.54376582905147, 89.4458899685, 95.09818313706113, 99.9577352991636, 99.96571463309209, 97.77225969101913, 88.91466426988588, 90.31459932520171], [5.73999999999992, 6.0599999999999135, 3.2999999999999723, 3.3799999999999706, 3.3799999999999706, 3.2999999999999723, 6.0599999999999135, 5.73999999999992])
(array([-22.26588079,  -3.09806493, -19.39363747, -44.69306415,
       -27.96734656,  -0.55612897,  27.80519894, -31.30610109]), array([ 10.71741425,   0.48649157, -31.80732505,   2.01210899,
        -2.24857729,   3.33267558, -11.81562008, -31.6506838 ]), array([  0.47872213,   0.92990153,   0.70534045,   0.30888732,
         0.2320572 ,   0.99074847, 109.56434316,  96.76395332]))
([5.229999999999923, 5.669999999999914, 2.8799999999999724, 2.3499999999999717, 2.049999999999972, 2.8399999999999723, 5.6799999999999145, 5.219999999999923], [89.86645317345616, 89.31966880742684, 96.86298996472973, 99.93950997741973, 99.9640747950399, 97.78699100173624, 88.91315440814603, 89.83042998550576], [5.569999999999924, 6.019999999999914, 3.2999999999999723, 3.3399999999999714, 3.3399999999999714, 3.2999999999999723, 6.019999999999914, 5.569999999999924])
(array([-21.86561301,  -5.44131954, -18.11095489, -47.05361765,
       -27.40795155,   1.77022273,  16.46481837, -38.37521902]), array([  7.25422532,  -2.41771537, -31.1001828 ,   2.57095109,
        -4.44756821,   1.80582594, -10.03833894, -39.32784654]), array([  0.47872213,   0.92990153,   0.70534045,   0.30888732,
         0.2320572 ,   0.99074847, 109.56434316,  96.76395332]))
([5.049999999999927, 5.979999999999908, 2.8299999999999716, 2.4999999999999716, 2.1399999999999717, 2.8499999999999726, 5.979999999999907, 5.069999999999927], [91.71224113940634, 89.10280477506647, 98.07862587881536, 99.88011398926365, 99.96045432904211, 97.6678859947452, 89.33365161522808, 89.50999111642155], [5.419999999999927, 6.319999999999908, 3.309999999999972, 3.319999999999972, 3.319999999999972, 3.309999999999972, 6.319999999999908, 5.419999999999927])
(array([-21.46536631,  -7.78456082, -16.82833251, -47.12688278,
       -26.84855909,   4.09022158,   5.1244378 , -34.46188566]), array([  3.79121872,  -5.3219058 , -30.39307373,   2.58829602,
        -6.64654907,   0.28314585,  -8.2610578 , -26.25632759]), array([  0.47872213,   0.92990153,   0.70534045,   0.30888732,
         0.2320572 ,   0.99074847, 109.56434316,  96.76395332]))
([5.509999999999917, 6.3299999999999, 2.7899999999999716, 2.579999999999972, 2.189999999999972, 2.859999999999972, 6.2899999999999, 5.529999999999916], [91.99025680832021, 89.39694717708441, 98.74188301301963, 99.79062164918766, 99.95677828696088, 97.34801322796932, 92.53267547050453, 89.86577865151662], [5.879999999999917, 6.6699999999999005, 3.309999999999972, 3.309999999999972, 3.309999999999972, 3.309999999999972, 6.6699999999999005, 5.879999999999917])
(array([-21.06514698, -10.12778438, -15.54578332, -45.95279525,
       -26.28916982,   6.11162343,  -6.21594277, -36.85689565]), array([  0.32844902,  -8.22607425, -29.68600502,   5.85044758,
        -8.84551742,  -1.04355668,  -6.48377665, -10.39280465]), array([  0.47872213,   0.92990153,   0.70534045,   0.30888732,
         0.2320572 ,   0.99074847, 109.56434316,  96.76395332]))
([5.9699999999999065, 6.6699999999998925, 2.749999999999973, 2.679999999999972, 2.269999999999972, 2.879999999999973, 6.639999999999893, 5.999999999999906], [92.85988436658333, 90.37074379550498, 99.21102152236651, 99.53906266021913, 99.94765553362096, 96.95408925645347, 93.38462989732005, 90.0904773984032], [6.349999999999907, 7.029999999999893, 3.309999999999972, 3.309999999999972, 3.309999999999972, 3.309999999999972, 7.029999999999893, 6.349999999999907])
(array([-20.66496413, -12.47098362, -14.26332433, -44.77871389,
       -25.72978455,   7.47496471, -12.22346446, -39.25190563]), array([ -3.13400509, -11.13021257, -28.97898604,   9.11258199,
       -11.04447   ,   1.53270732,  -5.54226901,   5.47071829]), array([  0.47872213,   0.92990153,   0.70534045,   0.30888732,
         0.2320572 ,   0.99074847, 109.56434316,  96.76395332]))
([5.919999999999908, 6.6199999999998935, 2.7199999999999727, 2.7799999999999723, 2.3999999999999724, 2.899999999999972, 6.599999999999894, 5.949999999999908], [93.00784707010759, 89.95647764432081, 99.36077995505015, 98.90450057503803, 99.91409495448788, 95.92401968675414, 91.95925086222987, 89.6781504730201], [6.299999999999908, 6.969999999999894, 3.309999999999972, 3.309999999999972, 3.309999999999972, 3.309999999999972, 6.969999999999894, 6.299999999999908])
(array([-20.26483137, -14.81414826, -12.98097828, -43.60464045,
       -25.17040446,   8.83809889, -16.25437889, -41.64691562]), array([ -6.59602577, -14.034308  , -28.27202931,  12.3746944 ,
       -13.24340227,   4.10857998, -15.94182657,  21.33424123]), array([  0.47872213,   0.92990153,   0.70534045,   0.30888732,
         0.2320572 ,   0.99074847, 109.56434316,  96.76395332]))
([5.419999999999919, 6.7599999999998905, 2.6999999999999726, 2.849999999999972, 2.4799999999999724, 2.9199999999999724, 6.7599999999998905, 5.459999999999918], [93.2737128051106, 89.37752759265484, 99.48413882294554, 97.58104396301296, 99.87315118306891, 94.73927518485773, 90.0603350220577, 89.07475760397423], [5.799999999999919, 7.109999999999891, 3.309999999999972, 3.2999999999999723, 3.2999999999999723, 3.309999999999972, 7.109999999999891, 5.799999999999919])
(array([-19.86477006, -17.15726123, -11.69877619, -42.4305774 ,
       -24.61103116,  10.20092803, -20.28529333, -42.69044148]), array([-10.05742835, -16.9383394 , -27.56515196,  15.63677795,
       -15.44230781,   6.68387621, -26.34138412,  28.24611067]), array([  0.47872213,   0.92990153,   0.70534045,   0.30888732,
         0.2320572 ,   0.99074847, 109.56434316,  96.76395332]))
([5.159999999999925, 6.449999999999897, 2.669999999999973, 2.8999999999999733, 2.5399999999999725, 2.9299999999999726, 6.449999999999897, 5.199999999999924], [92.83652297735283, 89.09483378672621, 99.57003712623195, 95.50104421685455, 99.81636522082754, 93.59129252320145, 88.97262749423489, 88.93413476286757], [5.5399999999999245, 6.799999999999898, 3.2999999999999723, 3.2999999999999723, 3.2999999999999723, 3.2999999999999723, 6.799999999999898, 5.5399999999999245])
(array([-19.46481561, -19.50029213, -10.41676163, -41.25652835,
       -24.05166708,  11.56328115, -24.31620776, -32.48352577]), array([-13.51790631, -19.84226908, -26.85837799,  18.8988226 ,
       -17.64117712,   9.25827292, -36.74094168,  34.64219723]), array([  0.47872213,   0.92990153,   0.70534045,   0.30888732,
         0.2320572 ,   0.99074847, 109.56434316,  96.76395332]))
([5.039999999999927, 6.169999999999904, 2.6599999999999726, 2.9399999999999724, 2.589999999999973, 2.9499999999999726, 6.169999999999904, 5.059999999999928], [92.46560193196663, 89.13393533653212, 99.61789114203602, 93.33717625121211, 99.75028737778806, 92.59387619635085, 88.91454932610014, 88.91356518464433], [5.409999999999927, 6.509999999999904, 3.2999999999999723, 3.2999999999999723, 3.2999999999999723, 3.2999999999999723, 6.509999999999904, 5.409999999999927])
(array([-19.06503137, -21.843181  ,  -9.13499764, -40.08249881,
       -23.49231592,  12.92483116, -25.09863621, -29.06427642]), array([-16.97691155, -22.74602272, -26.15174216,  22.16081304,
       -19.83999565,  11.83115203, -38.75956793,  36.78484399]), array([  0.47872213,   0.92990153,   0.70534045,   0.30888732,
         0.2320572 ,   0.99074847, 109.56434316,  96.76395332]))
([4.9299999999999295, 6.209999999999902, 2.639999999999973, 2.9499999999999726, 2.639999999999973, 2.9499999999999726, 6.209999999999903, 4.94999999999993], [92.01306260866728, 89.17226989589764, 99.65302568676823, 91.57552221730222, 99.64474346738984, 91.9835842328967, 88.91222269879195, 88.91377085262458], [5.28999999999993, 6.559999999999903, 3.2999999999999723, 3.2999999999999723, 3.2999999999999723, 3.2999999999999723, 6.559999999999903, 5.28999999999993])
(array([-18.66554265, -24.18579127,  -7.85357898, -38.90849761,
       -22.93298366,  14.2848662 , -12.9294199 , -21.72147065]), array([-20.43335992, -25.64943108, -25.44529671,  25.42272474,
       -22.03873985,  14.40116834, -31.53411852,  30.3198326 ]), array([  0.47872213,   0.92990153,   0.70534045,   0.30888732,
         0.2320572 ,   0.99074847, 109.56434316,  96.76395332]))
([5.019999999999928, 6.3499999999999, 2.639999999999973, 2.959999999999972, 2.6699999999999724, 2.949999999999972, 6.3499999999999, 5.039999999999928], [92.04211932155056, 89.00313621727159, 99.65822909533755, 90.66039056500722, 99.5462106908533, 91.71185323428195, 88.91422499780177, 88.91434011225742], [5.379999999999928, 6.6899999999999, 3.2999999999999723, 3.2999999999999723, 3.2999999999999723, 3.2999999999999723, 6.6899999999999, 5.379999999999928])
