(array([-20.46230787, -30.23396533,  -9.10709086,  25.2161695 ,
       -11.89372754, -24.65210431,  41.22307726, -26.58590988]), array([ 36.1634945 , -24.5765822 ,   5.29567479,  33.92497664,
       -38.15074952, -11.68004063,   1.58465427,   9.20347321]), array([  1.68029023,   1.47491153,   0.38381179,   0.52446727,
         1.80081768,   1.01978062, 117.17888145, 102.20652745]))
([5.799999999999912, 4.849999999999931, 2.489999999999972, 2.9699999999999727, 2.8899999999999726, 2.3099999999999716, 4.859999999999931, 5.439999999999912], [np.float64(88.94160321559785), np.float64(90.07250634594254), np.float64(99.88854413594095), np.float64(90.12689013130857), np.float64(96.12542345844592), np.float64(99.94393391771071), np.float64(89.14342038601055), np.float64(99.64200964538924)], [6.139999999999912, 5.199999999999932, 3.3299999999999716, 3.2999999999999723, 3.2999999999999723, 3.3299999999999716, 5.199999999999932, 6.139999999999912])
(array([-20.15885707, -29.84943527,  -6.92993761,  23.9726031 ,
       -14.14663285, -26.25104866,  28.63544276, -15.367307  ]), array([ 34.76072796, -21.60809363,   3.36336074,  32.15885855,
       -38.4639031 , -14.01716415,  -6.21463164,   0.05443551]), array([  1.68029023,   1.47491153,   0.38381179,   0.52446727,
         1.80081768,   1.01978062, 117.17888145, 102.20652745]))
([5.569999999999917, 5.139999999999925, 2.599999999999972, 2.9599999999999724, 2.8899999999999726, 2.439999999999972, 5.139999999999926, 5.239999999999916], [np.float64(88.91787014565767), np.float64(88.95097431413832), np.float64(99.75747617653305), np.float64(90.33163861772381), np.float64(96.18150693393036), np.float64(99.90365920359903), np.float64(88.91599344303307), np.float64(99.59228981523502)], [5.919999999999916, 5.479999999999926, 3.319999999999972, 3.2999999999999723, 3.2999999999999723, 3.319999999999972, 5.479999999999926, 5.919999999999916])
(array([-19.85540628, -29.46490559,  -4.75280336,  22.72904471,
       -16.3990681 , -27.84994615,  16.04780827,  -4.14870412]), array([ 33.35796143, -18.63960805,   1.43106356,  30.39275183,
       -38.77699134, -16.35421918, -14.01391755,  -9.0946022 ]), array([  1.68029023,   1.47491153,   0.38381179,   0.52446727,
         1.80081768,   1.01978062, 117.17888145, 102.20652745]))
([5.2999999999999226, 5.449999999999919, 2.7199999999999727, 2.959999999999972, 2.889999999999973, 2.5299999999999723, 5.449999999999919, 4.989999999999922], [np.float64(88.93046876094381), np.float64(88.91249967604031), np.float64(99.35904587084914), np.float64(90.37571419388601), np.float64(96.26241781298205), np.float64(99.84043469733794), np.float64(88.91249149457221), np.float64(99.51364339468428)], [5.639999999999922, 5.799999999999919, 3.309999999999972, 3.2999999999999723, 3.2999999999999723, 3.309999999999972, 5.799999999999919, 5.639999999999922])
(array([-19.55195549, -29.08037637,  -2.57569142,  21.4854957 ,
       -18.65086302, -29.44878197,   3.46017377,   7.06989876]), array([ 31.95519491, -15.67112595,  -0.50121382,  28.62665843,
       -39.08999057, -18.69118406, -21.81320345, -18.2436399 ]), array([  1.68029023,   1.47491153,   0.38381179,   0.52446727,
         1.80081768,   1.01978062, 117.17888145, 102.20652745]))
([5.039999999999927, 5.7699999999999125, 2.779999999999972, 2.9699999999999718, 2.8899999999999726, 2.5899999999999728, 5.7699999999999125, 4.759999999999927], [np.float64(89.1531591675877), np.float64(88.91462298337868), np.float64(98.875614065942), np.float64(90.13943275853724), np.float64(96.13086408885106), np.float64(99.75288113410184), np.float64(88.91462298311646), np.float64(99.37496734748714)], [5.379999999999928, 6.109999999999912, 3.309999999999972, 3.2999999999999723, 3.2999999999999723, 3.309999999999972, 6.109999999999912, 5.379999999999928])
(array([-19.2485047 , -28.69584767,  -0.3986059 ,  20.2419578 ,
       -20.90175419, -31.04753428,  -9.12746073,  18.28850164]), array([ 30.55242838, -12.70264792,  -2.43346776,  26.86058082,
       -39.40286419, -21.02802688, -29.61248936, -27.3926776 ]), array([  1.68029023,   1.47491153,   0.38381179,   0.52446727,
         1.80081768,   1.01978062, 117.17888145, 102.20652745]))
([4.769999999999932, 5.969999999999908, 2.8399999999999723, 2.969999999999972, 2.889999999999973, 2.6499999999999733, 5.969999999999907, 4.559999999999932], [np.float64(92.29245545498075), np.float64(88.91390106815017), np.float64(97.80826441287043), np.float64(89.86454225764373), np.float64(96.02745994610942), np.float64(99.6223265002806), np.float64(89.05554799691417), np.float64(99.12096495641927)], [5.139999999999933, 6.309999999999908, 3.309999999999972, 3.2999999999999723, 3.2999999999999723, 3.309999999999972, 6.309999999999908, 5.139999999999933])
(array([-18.94505391, -28.31131959,   1.77844801,  18.99843321,
       -23.15131155, -32.64616962, -19.82151966,  23.94764454]), array([ 29.14966185,  -9.73417468,  -4.36569364,  25.0945221 ,
       -39.7155524 , -23.36469873, -36.23851771, -32.00784335]), array([  1.68029023,   1.47491153,   0.38381179,   0.52446727,
         1.80081768,   1.01978062, 117.17888145, 102.20652745]))
([4.669999999999934, 5.919999999999909, 2.889999999999973, 2.969999999999972, 2.889999999999973, 2.6999999999999726, 5.879999999999908, 4.469999999999935], [np.float64(92.28116729144156), np.float64(88.91262034527534), np.float64(96.12061054200137), np.float64(89.60691373126654), np.float64(95.96891366226109), np.float64(99.41332734725805), np.float64(92.80514202621319), np.float64(98.98197320522208)], [5.039999999999935, 6.259999999999909, 3.2999999999999723, 3.2999999999999723, 3.2999999999999723, 3.2999999999999723, 6.259999999999909, 5.039999999999935])
(array([-18.64160312, -27.92679226,   3.95546367,  17.75492471,
       -25.39878291, -34.24463392, -35.04499221,  19.38681424]), array([ 27.74689533,  -6.76570714,  -6.29788556,  23.32848624,
       -40.02795066, -25.70112058, -39.45203548, -24.40821532]), array([  1.68029023,   1.47491153,   0.38381179,   0.52446727,
         1.80081768,   1.01978062, 117.17888145, 102.20652745]))
([4.869999999999931, 5.759999999999913, 2.9299999999999726, 2.9699999999999718, 2.889999999999973, 2.749999999999972, 5.669999999999912, 4.60999999999993], [np.float64(90.82927104215413), np.float64(88.91506321978548), np.float64(93.93572516734852), np.float64(89.3216325788345), np.float64(96.02715184294473), np.float64(99.11943889558617), np.float64(96.07657784474947), np.float64(99.29342107877608)], [5.219999999999931, 6.099999999999913, 3.2999999999999723, 3.2999999999999723, 3.2999999999999723, 3.2999999999999723, 6.099999999999913, 5.219999999999931])
(array([-18.33815233, -27.54226581,   6.13243241,  16.51143594,
       -27.64272653, -35.84283386, -18.38237606,  14.82598394]), array([ 26.34412881,  -3.79724647,  -8.23003585,  21.5624784 ,
       -40.33985857, -28.03715603, -31.20625604, -16.8085873 ]), array([  1.68029023,   1.47491153,   0.38381179,   0.52446727,
         1.80081768,   1.01978062, 117.17888145, 102.20652745]))
([5.079999999999926, 5.88999999999991, 2.9499999999999718, 2.9699999999999718, 2.889999999999972, 2.7799999999999727, 5.719999999999909, 4.779999999999926], [np.float64(90.15280974836097), np.float64(88.91239173103341), np.float64(91.6039848013739), np.float64(89.08366043960991), np.float64(96.04073364659004), np.float64(98.80750238214931), np.float64(98.13043078998395), np.float64(99.47479324780475)], [5.429999999999927, 6.22999999999991, 3.2999999999999723, 3.2999999999999723, 3.2999999999999723, 3.2999999999999723, 6.22999999999991, 5.429999999999927])
(array([-18.03470155, -27.15774045,   8.30934279,  15.26797173,
       -29.88000194, -37.44059358,  -1.71975991,  10.26515365]), array([ 24.94136229,  -0.82879418, -10.16213433,  19.79650543,
       -40.65083959, -30.37254801, -22.96047661,  -9.20895928]), array([  1.68029023,   1.47491153,   0.38381179,   0.52446727,
         1.80081768,   1.01978062, 117.17888145, 102.20652745]))
([5.329999999999921, 5.749999999999913, 2.9699999999999718, 2.9699999999999718, 2.889999999999972, 2.799999999999972, 5.549999999999914, 4.999999999999921], [np.float64(88.95343036555306), np.float64(88.91368954925954), np.float64(89.84907397082908), np.float64(88.95593625892238), np.float64(96.1498068207245), np.float64(98.53887378261778), np.float64(98.72832692202428), np.float64(99.5559787898739)], [5.669999999999922, 6.089999999999913, 3.2999999999999723, 3.2999999999999723, 3.2999999999999723, 3.2999999999999723, 6.089999999999913, 5.669999999999922])
(array([-17.73125076, -26.77321642,  10.48617925,  14.02453859,
       -32.10232593, -39.03753829,  14.94285624,   5.70432335]), array([ 23.53859577,   2.13964778, -12.09416722,  18.0305766 ,
       -40.95974237, -32.70674872, -14.71469717,  -1.60933126]), array([  1.68029023,   1.47491153,   0.38381179,   0.52446727,
         1.80081768,   1.01978062, 117.17888145, 102.20652745]))
([5.5899999999999155, 5.469999999999919, 2.9699999999999718, 2.969999999999972, 2.8799999999999724, 2.8099999999999725, 5.269999999999918, 5.259999999999915], [np.float64(88.91405415508025), np.float64(88.91439426649306), np.float64(89.0586174367598), np.float64(88.91770947331186), np.float64(96.24366489611705), np.float64(98.24604910412216), np.float64(98.72469993116302), np.float64(99.5845759604036)], [5.939999999999916, 5.809999999999919, 3.2999999999999723, 3.2999999999999723, 3.2999999999999723, 3.2999999999999723, 5.809999999999919, 5.939999999999916])
(array([-17.42779997, -26.38869408,  12.66292025,  12.7811456 ,
       -34.27967081, -40.63270779,  31.60547239,   3.96564602]), array([ 22.13582926,   5.10807676, -14.02611537,  16.26470478,
       -41.26239306, -35.03835468,  -6.46891774,   1.28779496]), array([  1.68029023,   1.47491153,   0.38381179,   0.52446727,
         1.80081768,   1.01978062, 117.17888145, 102.20652745]))
([5.729999999999913, 5.169999999999924, 2.969999999999972, 2.969999999999972, 2.8799999999999724, 2.8299999999999725, 4.969999999999924, 5.399999999999912], [np.float64(88.91486188190297), np.float64(88.9448930993385), np.float64(88.9189980214895), np.float64(88.91302452308177), np.float64(96.34825276160954), np.float64(97.86583394592544), np.float64(98.68361532559517), np.float64(99.52986401454498)], [6.069999999999913, 5.509999999999925, 3.2999999999999723, 3.2999999999999723, 3.2999999999999723, 3.2999999999999723, 5.509999999999925, 6.069999999999913])
(array([-17.12434918, -26.00417389,  14.83953491,  11.53780572,
       -36.03988036, -42.22274233,  40.69584649,   2.55878331]), array([ 20.73306275,   8.07648914, -15.9579514 ,  14.49890839,
       -41.50706199, -37.36245502,  -1.97039127,  -9.10401526]), array([  1.68029023,   1.47491153,   0.38381179,   0.52446727,
         1.80081768,   1.01978062, 117.17888145, 102.20652745]))
([5.549999999999917, 5.009999999999928, 2.969999999999972, 2.969999999999972, 2.8799999999999724, 2.8399999999999723, 4.829999999999929, 5.2899999999999165], [np.float64(88.91259794819591), np.float64(88.97538204248413), np.float64(88.91291436013354), np.float64(88.91285933745031), np.float64(96.42974395078522), np.float64(97.60260469958865), np.float64(98.50062120943475), np.float64(99.2326075805228)], [5.899999999999917, 5.349999999999929, 3.2999999999999723, 3.2999999999999723, 3.2999999999999723, 3.2999999999999723, 5.349999999999929, 5.899999999999917])
(array([-16.8208984 , -25.61965651,  17.0159775 ,  10.29453816,
       -32.89234304, -43.7437195 ,  37.43770113,   1.27833765]), array([ 19.33029625,  11.0448798 , -17.88963471,  12.73321471,
       -39.41769743, -39.58561652,  11.6741658 , -18.5620443 ]), array([  1.68029023,   1.47491153,   0.38381179,   0.52446727,
         1.80081768,   1.01978062, 117.17888145, 102.20652745]))
([5.389999999999921, 5.089999999999926, 2.9699999999999718, 2.969999999999972, 2.8599999999999723, 2.849999999999972, 4.889999999999927, 5.15999999999992], [np.float64(88.913881299035), np.float64(88.94091304662315), np.float64(88.94608081289157), np.float64(88.93350645525472), np.float64(97.18956705804437), np.float64(97.3182565149744), np.float64(98.62398113045103), np.float64(98.88739258070474)], [5.7299999999999205, 5.429999999999927, 3.2999999999999723, 3.2999999999999723, 3.2999999999999723, 3.2999999999999723, 5.429999999999927, 5.7299999999999205])
(array([-16.51744762, -25.23514291,  19.19217723,   9.05137265,
       -29.74564143, -42.4284417 ,  35.22579941,  -1.26475754]), array([ 17.92752975,  14.01324129, -19.82110247,  10.96766596,
       -37.32888763, -38.09825153,  20.93723294,  -6.99096022]), array([  1.68029023,   1.47491153,   0.38381179,   0.52446727,
         1.80081768,   1.01978062, 117.17888145, 102.20652745]))
([5.749999999999913, 5.129999999999924, 2.9699999999999718, 2.9699999999999718, 2.829999999999972, 2.8499999999999726, 4.919999999999926, 5.5199999999999125], [np.float64(88.92211496884529), np.float64(89.59655727225064), np.float64(89.07166183409247), np.float64(89.1448524542112), np.float64(97.95025500551989), np.float64(97.34655604473451), np.float64(98.82586815567355), np.float64(98.8869972725518)], [6.089999999999913, 5.479999999999926, 3.2999999999999723, 3.2999999999999723, 3.2999999999999723, 3.2999999999999723, 5.479999999999926, 6.089999999999913])
(array([-16.21399683, -24.85063455,  21.36801845,   7.80835774,
       -26.60093056, -41.11316467,  23.65628793,  -3.80785273]), array([ 16.52476326,  16.98156233, -21.75225203,   9.2023311 ,
       -35.24139931, -36.6108874 ,  31.16571974,   4.58012386]), array([  1.68029023,   1.47491153,   0.38381179,   0.52446727,
         1.80081768,   1.01978062, 117.17888145, 102.20652745]))
([6.149999999999904, 5.329999999999921, 2.9699999999999718, 2.9699999999999718, 2.7899999999999725, 2.859999999999973, 5.089999999999921, 5.909999999999903], [np.float64(88.9858119585126), np.float64(91.34296149890278), np.float64(89.32246549507045), np.float64(90.00960244758353), np.float64(98.60933120373161), np.float64(97.32944845789898), np.float64(99.17337108228772), np.float64(99.02652781180407)], [6.489999999999904, 5.689999999999921, 3.2999999999999723, 3.2999999999999723, 3.2999999999999723, 3.2999999999999723, 5.689999999999921, 6.489999999999904])
(array([-15.91054605, -24.46613375,  23.54329852,   6.56557848,
       -23.46312557, -39.79788846,  12.08677644,  -6.35094793]), array([ 15.12199677,  19.94982496, -23.68290355,   7.4373309 ,
       -33.15849517, -35.1235242 ,  41.39420654,  16.15120794]), array([  1.68029023,   1.47491153,   0.38381179,   0.52446727,
         1.80081768,   1.01978062, 117.17888145, 102.20652745]))
([6.439999999999897, 5.4999999999999165, 2.969999999999972, 2.949999999999972, 2.7499999999999725, 2.8599999999999723, 5.229999999999917, 6.179999999999898], [np.float64(89.11524009772387), np.float64(92.96360224792049), np.float64(89.68668927886773), np.float64(91.77554027431995), np.float64(99.1109860204802), np.float64(97.25326694548355), np.float64(99.43195785787137), np.float64(99.16937539245328)], [6.789999999999898, 5.879999999999917, 3.2999999999999723, 3.2999999999999723, 3.2999999999999723, 3.2999999999999723, 5.879999999999917, 6.789999999999898])
(array([-15.60709527, -24.08164446,  25.71762778,   5.32319832,
       -21.66171128, -38.48261314,   4.0160423 ,  -8.89404312]), array([ 13.7192303 ,  22.91799878, -25.61271119,   5.67289751,
       -31.9626996 , -33.63616201,  48.52946006,  27.72229202]), array([  1.68029023,   1.47491153,   0.38381179,   0.52446727,
         1.80081768,   1.01978062, 117.17888145, 102.20652745]))
([6.209999999999902, 5.629999999999914, 2.9699999999999718, 2.939999999999972, 2.6999999999999726, 2.8599999999999723, 5.369999999999914, 5.979999999999902], [np.float64(89.04787777602738), np.float64(90.45538929307769), np.float64(89.63821223784169), np.float64(92.90151778348265), np.float64(99.43041855388941), np.float64(97.3135526962899), np.float64(99.30820890985582), np.float64(99.00633256688205)], [6.559999999999903, 5.979999999999915, 3.2999999999999723, 3.2999999999999723, 3.2999999999999723, 3.2999999999999723, 5.979999999999915, 6.559999999999903])
(array([-15.3036445 , -23.69717391,  27.89015157,   4.08157571,
       -18.78966719, -37.16733877,  -3.43174763, -10.1242442 ]), array([ 12.31646384,  25.88602794, -27.5409164 ,   3.90954   ,
       -31.08742989, -32.1488009 ,  39.0004484 ,  33.3197074 ]), array([  1.68029023,   1.47491153,   0.38381179,   0.52446727,
         1.80081768,   1.01978062, 117.17888145, 102.20652745]))
([5.989999999999907, 6.019999999999906, 2.969999999999972, 2.9099999999999726, 2.6399999999999726, 2.859999999999973, 5.7599999999999065, 5.7999999999999075], [np.float64(89.01534938149159), np.float64(88.98034281188086), np.float64(89.83650207952847), np.float64(94.98956658519), np.float64(99.66226682282485), np.float64(97.18983393206511), np.float64(99.24484684992872), np.float64(98.53228690841844)], [6.3399999999999075, 6.369999999999907, 3.2999999999999723, 3.309999999999972, 3.309999999999972, 3.2999999999999723, 6.369999999999907, 6.3399999999999075])
(array([-15.00019373, -23.31273696,  30.05857895,   2.84167146,
       -15.91762363, -35.85206545, -10.87953757, -17.80637722]), array([ 10.9136974 ,  28.85379769, -29.46548587,   2.1486229 ,
       -30.21216033, -30.66144097,  29.47143673,  16.95979263]), array([  1.68029023,   1.47491153,   0.38381179,   0.52446727,
         1.80081768,   1.01978062, 117.17888145, 102.20652745]))
([6.559999999999895, 6.379999999999899, 2.9699999999999718, 2.869999999999973, 2.559999999999973, 2.869999999999972, 6.009999999999899, 6.369999999999896], [np.float64(89.91523571138083), np.float64(91.12256035736598), np.float64(89.94849865297483), np.float64(96.96599100354226), np.float64(99.80765741833815), np.float64(96.94176256949667), np.float64(99.70615946518666), np.float64(98.6603200914466)], [6.909999999999895, 6.739999999999899, 3.2999999999999723, 3.309999999999972, 3.309999999999972, 3.2999999999999723, 6.739999999999899, 6.909999999999895])
(array([-14.69674296, -22.92836963,  32.21420481,   1.60714304,
       -13.04558066, -34.53679326, -18.3273275 , -25.48851023]), array([  9.51093099,  31.82103001, -31.37869347,   0.39534059,
       -29.33689095, -29.17408232,  19.94242507,   0.59987786]), array([  1.68029023,   1.47491153,   0.38381179,   0.52446727,
         1.80081768,   1.01978062, 117.17888145, 102.20652745]))
([6.269999999999901, 6.379999999999898, 2.969999999999972, 2.8199999999999723, 2.4899999999999722, 2.8799999999999724, 5.8799999999998995, 6.129999999999902], [np.float64(89.69313367927563), np.float64(90.35889918350286), np.float64(90.09168987659852), np.float64(98.42032444288907), np.float64(99.8754511565254), np.float64(96.6593929510175), np.float64(99.8527231885744), np.float64(97.60047887351043)], [6.609999999999902, 6.729999999999899, 3.2999999999999723, 3.309999999999972, 3.309999999999972, 3.2999999999999723, 6.729999999999899, 6.609999999999902])
(array([-14.3932922 , -22.54418625,  33.87273159,   0.65454049,
       -10.17353838, -33.22152231, -25.77511744, -33.17064325]), array([  8.1081646 ,  34.7868423 , -32.85070495,  -0.95754946,
       -28.46162179, -27.68672506,  10.4134134 , -15.76003691]), array([  1.68029023,   1.47491153,   0.38381179,   0.52446727,
         1.80081768,   1.01978062, 117.17888145, 102.20652745]))
([5.709999999999913, 6.0099999999999065, 2.959999999999972, 2.7499999999999716, 2.439999999999972, 2.889999999999973, 5.479999999999908, 5.6399999999999135], [np.float64(88.99208778258296), np.float64(89.10384878656585), np.float64(90.64815338128463), np.float64(99.22504938912442), np.float64(99.905755458538), np.float64(96.33091195699237), np.float64(99.87186188968012), np.float64(95.38211835770693)], [6.049999999999914, 6.349999999999907, 3.2999999999999723, 3.319999999999972, 3.319999999999972, 3.2999999999999723, 6.349999999999907, 6.049999999999914])
(array([-14.08984145, -22.16081143,  32.5675732 ,   4.07278172,
        -7.30149692, -31.9062527 , -29.74411672, -40.42380743]), array([  6.70539827,  37.74641268, -31.92800581,  -1.22714418,
       -27.58635287, -26.19936933,   5.33531092, -31.20641718]), array([  1.68029023,   1.47491153,   0.38381179,   0.52446727,
         1.80081768,   1.01978062, 117.17888145, 102.20652745]))
([5.279999999999922, 5.759999999999912, 2.9499999999999726, 2.7099999999999715, 2.439999999999972, 2.8999999999999724, 5.189999999999913, 5.219999999999923], [np.float64(88.93088097375112), np.float64(88.92919095092378), np.float64(91.87339427953441), np.float64(99.4597404793479), np.float64(99.9088886059231), np.float64(95.55457952970231), np.float64(99.89756500696625), np.float64(94.62430676597033)], [5.619999999999923, 6.109999999999912, 3.2999999999999723, 3.319999999999972, 3.319999999999972, 3.2999999999999723, 6.109999999999912, 5.619999999999923])
(array([-13.78639072, -22.07643833,  31.26241507,   7.49070998,
        -4.42945642, -30.59098456, -42.79664058, -26.63308528]), array([  5.302632  ,  38.39775467, -31.00530686,  -1.49671422,
       -26.71108425, -24.71201526,  15.46140172, -19.50402179]), array([  1.68029023,   1.47491153,   0.38381179,   0.52446727,
         1.80081768,   1.01978062, 117.17888145, 102.20652745]))
([5.789999999999911, 5.819999999999911, 2.9399999999999724, 2.679999999999972, 2.4299999999999717, 2.9199999999999724, 5.219999999999911, 5.659999999999911], [np.float64(88.94397031404722), np.float64(89.6562545926516), np.float64(92.80152905198564), np.float64(99.61623913970445), np.float64(99.9134443677596), np.float64(94.48831398293918), np.float64(99.91236310104388), np.float64(97.37667775016962)], [6.129999999999912, 6.169999999999911, 3.2999999999999723, 3.3299999999999716, 3.3299999999999716, 3.2999999999999723, 6.169999999999911, 6.129999999999912])
(array([-13.48294001, -21.0399489 ,  29.95725725,  10.90817994,
        -1.55741707, -29.27571804, -43.60112134, -12.84236313]), array([  3.89986585,  37.15556132, -30.08260813,  -1.7662481 ,
       -25.83581597, -23.22466302,  16.08551436,  -7.8016264 ]), array([  1.68029023,   1.47491153,   0.38381179,   0.52446727,
         1.80081768,   1.01978062, 117.17888145, 102.20652745]))
([6.359999999999899, 5.799999999999911, 2.929999999999973, 2.649999999999972, 2.469999999999972, 2.9399999999999724, 5.169999999999911, 6.149999999999899], [np.float64(89.07753918776696), np.float64(92.69018038709346), np.float64(93.51993424975389), np.float64(99.70179559175114), np.float64(99.89912307302536), np.float64(93.49106823676465), np.float64(99.9272892307417), np.float64(98.79860862560926)], [6.6999999999999, 6.169999999999911, 3.2999999999999723, 3.3299999999999716, 3.3299999999999716, 3.2999999999999723, 6.169999999999911, 6.6999999999999])
(array([-13.17948934, -20.00346485,  28.65209976,  14.32494021,
         1.31462089, -27.9604533 , -28.84995287,   0.94835902]), array([  2.49709989,  35.91337442, -29.15990963,  -2.03572602,
       -24.96054812, -21.73731279,  17.22247848,   3.90076898]), array([  1.68029023,   1.47491153,   0.38381179,   0.52446727,
         1.80081768,   1.01978062, 117.17888145, 102.20652745]))
([6.2599999999999, 6.109999999999904, 2.9199999999999724, 2.649999999999972, 2.529999999999972, 2.9499999999999726, 5.539999999999906, 6.059999999999901], [np.float64(89.34549964973856), np.float64(91.11130434401369), np.float64(94.80317959584433), np.float64(99.70286842129475), np.float64(99.86512911385458), np.float64(92.61203736996619), np.float64(99.89928999361896), np.float64(98.76704055595536)], [6.609999999999902, 6.469999999999905, 3.2999999999999723, 3.3299999999999716, 3.3299999999999716, 3.2999999999999723, 6.469999999999905, 6.609999999999902])
(array([-12.87603876, -18.96698666,  27.34694265,  17.74051558,
         4.18665714, -26.64519052, -14.09878439,  14.73908117]), array([  1.09433434,  34.67119454, -28.23721139,  -2.30511048,
       -24.08528079, -20.24996478,  18.3594426 ,  15.60316437]), array([  1.68029023,   1.47491153,   0.38381179,   0.52446727,
         1.80081768,   1.01978062, 117.17888145, 102.20652745]))
([5.679999999999914, 6.249999999999901, 2.889999999999972, 2.699999999999972, 2.5799999999999716, 2.9499999999999726, 5.769999999999902, 5.539999999999914], [np.float64(89.61743036916508), np.float64(89.14471657207925), np.float64(96.09587287367783), np.float64(99.56174044467501), np.float64(99.81648221725122), np.float64(91.79701620249638), np.float64(99.83009680604938), np.float64(97.80806393244147)], [6.029999999999914, 6.589999999999902, 3.2999999999999723, 3.3399999999999714, 3.3399999999999714, 3.2999999999999723, 6.589999999999902, 6.029999999999914])
(array([-12.5725884 , -17.93051487,  26.04178596,  21.15388925,
         7.05869127, -25.32992993,   0.65238408,  26.54856552]), array([ -0.30843021,  33.42902234, -27.31451346,  -2.5743213 ,
       -23.21001411, -18.76261924,  19.49640672,  25.62434046]), array([  1.68029023,   1.47491153,   0.38381179,   0.52446727,
         1.80081768,   1.01978062, 117.17888145, 102.20652745]))
([5.2599999999999225, 6.049999999999907, 2.8599999999999723, 2.779999999999972, 2.6199999999999717, 2.959999999999972, 5.609999999999907, 5.159999999999923], [np.float64(89.3402177604551), np.float64(88.92106824656176), np.float64(97.2255917534958), np.float64(99.15266983971154), np.float64(99.76042164692306), np.float64(90.91922180827956), np.float64(99.79540189230077), np.float64(96.51571693522816)], [5.599999999999923, 6.389999999999906, 3.2999999999999723, 3.3399999999999714, 3.3399999999999714, 3.2999999999999723, 6.389999999999906, 5.599999999999923])
(array([-12.26913887, -16.89405011,  24.73662975,  24.56243993,
         9.93072273, -24.01467175,  15.40355256,  10.59721828]), array([ -1.7111909 ,  32.18685855, -26.39181587,  -2.84315173,
       -22.33474824, -17.27527644,  20.63337084,  18.99898568]), array([  1.68029023,   1.47491153,   0.38381179,   0.52446727,
         1.80081768,   1.01978062, 117.17888145, 102.20652745]))
([5.699999999999914, 5.739999999999913, 2.829999999999972, 2.8699999999999717, 2.659999999999972, 2.9699999999999718, 5.3899999999999135, 5.579999999999913], [np.float64(88.91460122576039), np.float64(88.91622153373643), np.float64(98.13008312390838), np.float64(98.02791022014567), np.float64(99.70513033952352), np.float64(89.96046245464133), np.float64(99.6064661412595), np.float64(97.03311829413967)], [6.039999999999914, 6.079999999999913, 3.2999999999999723, 3.3399999999999714, 3.3399999999999714, 3.2999999999999723, 6.079999999999913, 6.039999999999914])
(array([-12.14751243, -15.85759307,  23.4314741 ,  27.95689906,
        12.80275073, -22.69941629,  16.21769162,  -5.35412895]), array([ -2.27343529,  30.94470402, -25.46911867,  -3.11087077,
       -21.45948343, -15.7879367 ,  20.69612159,  12.3736309 ]), array([  1.68029023,   1.47491153,   0.38381179,   0.52446727,
         1.80081768,   1.01978062, 117.17888145, 102.20652745]))
([6.189999999999903, 5.749999999999911, 2.7899999999999725, 2.9599999999999715, 2.6699999999999715, 2.9699999999999718, 5.349999999999913, 6.059999999999903], [np.float64(88.9832999782538), np.float64(90.14719669887637), np.float64(98.73492917201597), np.float64(94.94136984975975), np.float64(99.6851500178296), np.float64(89.10358626569001), np.float64(99.7277434397931), np.float64(97.20831086731162)], [6.529999999999903, 6.099999999999913, 3.2999999999999723, 3.3499999999999712, 3.3499999999999712, 3.2999999999999723, 6.099999999999913, 6.529999999999903])
(array([-11.67485124, -14.82114454,  22.12631908,  31.10886398,
        15.67477417, -21.38416386,  29.94525129, -21.30547619]), array([  0.84853548,  29.70255969, -24.54642191,  -3.35946443,
       -20.58422001, -14.30060039,  32.82999331,   5.74827611]), array([  1.68029023,   1.47491153,   0.38381179,   0.52446727,
         1.80081768,   1.01978062, 117.17888145, 102.20652745]))
([6.389999999999898, 5.429999999999918, 2.7499999999999725, 3.0199999999999703, 2.6599999999999717, 2.969999999999972, 5.039999999999919, 6.239999999999898], [np.float64(89.77875246012299), np.float64(93.9363360520271), np.float64(99.1237904779147), np.float64(89.96653227712494), np.float64(99.71931444212183), np.float64(88.9132148394716), np.float64(99.79139132054357), np.float64(98.01772955074411)], [6.739999999999899, 5.819999999999919, 3.2999999999999723, 3.3499999999999712, 3.3499999999999712, 3.2999999999999723, 5.819999999999919, 6.739999999999899])
(array([-11.21287214, -13.78470543,  20.82116479,  28.75897324,
        18.5467914 , -20.06891484,  43.67281097, -23.26454758]), array([  3.89995008,  28.46042665, -23.62372568,  -2.94719528,
       -19.70895847, -12.81326795,  44.96386502,   4.93458039]), array([  1.68029023,   1.47491153,   0.38381179,   0.52446727,
         1.80081768,   1.01978062, 117.17888145, 102.20652745]))
([6.3399999999998995, 5.089999999999924, 2.7199999999999727, 3.05999999999997, 2.619999999999971, 2.969999999999972, 4.819999999999925, 6.169999999999899], [np.float64(90.02525322763802), np.float64(94.93991502070479), np.float64(99.346201967106), np.float64(88.91922708295596), np.float64(99.83322835653414), np.float64(88.91201674974485), np.float64(99.58885638821138), np.float64(98.33365416814004)], [6.6899999999999, 5.499999999999925, 3.2999999999999723, 3.3899999999999704, 3.3899999999999704, 3.2999999999999723, 5.499999999999925, 6.6899999999999])
(array([-11.07395149, -12.74827677,  19.51601135,  26.40913915,
        21.41879992, -18.7536697 ,  44.17317305, -20.76193773]), array([  4.8175338 ,  27.21830614, -22.70103004,  -2.53493608,
       -18.83369959, -11.32593989,  45.40613804,  23.8602829 ]), array([  1.68029023,   1.47491153,   0.38381179,   0.52446727,
         1.80081768,   1.01978062, 117.17888145, 102.20652745]))
([5.999999999999907, 5.109999999999924, 2.6799999999999726, 3.099999999999969, 2.59999999999997, 2.979999999999972, 4.949999999999925, 5.859999999999906], [np.float64(89.31878717694104), np.float64(93.53368071440396), np.float64(99.55513962085392), np.float64(88.92344665632268), np.float64(99.8860181550778), np.float64(88.91187522184715), np.float64(98.81480196292037), np.float64(97.56063787453117)], [6.349999999999907, 5.499999999999925, 3.2999999999999723, 3.4299999999999695, 3.4299999999999695, 3.2999999999999723, 5.499999999999925, 6.349999999999907])
(array([ -9.92124731, -11.71185977,  18.2108589 ,  24.05937453,
        24.29079561, -17.43842896,  32.33247218, -18.25932788]), array([  4.35783622,  25.97619959, -21.7783351 ,  -2.12268906,
       -17.95844463,  -9.8386168 ,  33.32749336,  42.78598541]), array([  1.68029023,   1.47491153,   0.38381179,   0.52446727,
         1.80081768,   1.01978062, 117.17888145, 102.20652745]))
([5.449999999999918, 5.479999999999918, 2.629999999999973, 3.109999999999969, 2.5999999999999694, 2.9799999999999716, 5.309999999999919, 5.379999999999918], [np.float64(89.45143517436141), np.float64(89.17788782685152), np.float64(99.69368329122516), np.float64(92.27165124117312), np.float64(99.89658466680059), np.float64(88.91416384186205), np.float64(98.25336837365893), np.float64(95.31482438332011)], [5.799999999999919, 5.819999999999919, 3.309999999999972, 3.459999999999969, 3.459999999999969, 3.309999999999972, 5.819999999999919, 5.799999999999919])
(array([ -8.76855173, -10.67545581,  16.90570763,  21.70969637,
        27.1627713 , -16.12319326,  20.49177131, -17.82249297]), array([  3.89814209,  24.73410867, -20.855641  ,  -1.71045721,
       -17.08319576,  -8.35129942,  21.24884867,  46.08949975]), array([  1.68029023,   1.47491153,   0.38381179,   0.52446727,
         1.80081768,   1.01978062, 117.17888145, 102.20652745]))
([5.33999999999992, 5.819999999999911, 2.609999999999972, 2.989999999999969, 2.6499999999999697, 2.9699999999999718, 5.6099999999999115, 5.30999999999992], [np.float64(90.82035561616205), np.float64(88.98866370798883), np.float64(99.73510456758316), np.float64(97.595435343421), np.float64(99.85896358438899), np.float64(89.68032336986126), np.float64(98.74200534264807), np.float64(93.551861466576)], [5.699999999999921, 6.159999999999911, 3.309999999999972, 3.449999999999969, 3.449999999999969, 3.309999999999972, 6.159999999999911, 5.699999999999921])
(array([ -7.61586556,  -9.6390665 ,  15.60055778,  19.3601277 ,
        30.03471333, -14.80796338,   8.65107045, -19.94931391]), array([  3.4384517 ,  23.49203532, -19.9329479 ,  -1.29824456,
       -16.20795714,  -6.86398861,   9.17020398,  33.28177857]), array([  1.68029023,   1.47491153,   0.38381179,   0.52446727,
         1.80081768,   1.01978062, 117.17888145, 102.20652745]))
([5.6399999999999135, 6.049999999999907, 2.6199999999999726, 2.8699999999999704, 2.7199999999999704, 2.9399999999999724, 5.859999999999906, 5.619999999999914], [np.float64(91.18420215781887), np.float64(89.10826968337669), np.float64(99.70588362043262), np.float64(98.99668479143912), np.float64(99.71611819226125), np.float64(93.02716439179856), np.float64(98.64627712294953), np.float64(92.56083487476248)], [5.999999999999915, 6.389999999999906, 3.309999999999972, 3.40999999999997, 3.40999999999997, 3.309999999999972, 6.389999999999906, 5.999999999999915])
(array([ -6.46318968,  -8.60269375,  14.29540963,  17.0107005 ,
        32.90659197, -13.49274024,  -3.18963042, -23.74979408]), array([  2.97876541,  22.2499818 , -19.010256  ,  -0.88605674,
       -15.33273784,  -5.37668542,  -2.90844071,  18.04017521]), array([  1.68029023,   1.47491153,   0.38381179,   0.52446727,
         1.80081768,   1.01978062, 117.17888145, 102.20652745]))
([5.939999999999907, 5.969999999999907, 2.6599999999999726, 2.7799999999999714, 2.779999999999972, 2.9099999999999717, 5.779999999999909, 5.929999999999907], [np.float64(89.822501438764), np.float64(89.35200735315647), np.float64(99.61825960621067), np.float64(99.3704006611943), np.float64(99.33315692815707), np.float64(95.77421171486952), np.float64(98.69545659067379), np.float64(91.24311221664406)], [6.2899999999999086, 6.319999999999908, 3.309999999999972, 3.369999999999971, 3.369999999999971, 3.309999999999972, 6.319999999999908, 6.2899999999999086])
(array([ -5.31052508,  -7.56633977,  12.99026356,  14.66146052,
        35.77832857, -12.17752497, -15.03033129, -27.55027424]), array([  2.51908363,  21.00795078, -18.08756558,  -0.47390177,
       -14.45756184,  -3.88939114, -14.9870854 ,   2.79857185]), array([  1.68029023,   1.47491153,   0.38381179,   0.52446727,
         1.80081768,   1.01978062, 117.17888145, 102.20652745]))
([5.969999999999907, 5.669999999999914, 2.6899999999999724, 2.7299999999999716, 2.8399999999999714, 2.8699999999999726, 5.519999999999914, 5.969999999999907], [np.float64(89.01591162822123), np.float64(89.46262389532991), np.float64(99.5135333240625), np.float64(99.48520224581654), np.float64(98.45457021881616), np.float64(97.14373282359372), np.float64(97.99975061264873), np.float64(89.81689097159195)], [6.319999999999908, 6.019999999999914, 3.309999999999972, 3.3399999999999714, 3.3399999999999714, 3.309999999999972, 6.019999999999914, 6.319999999999908])
(array([ -4.1578729 ,  -6.53000723,  11.68512009,  12.31247561,
        38.64962953, -10.86231901, -26.87103216, -31.35075441]), array([  2.0594068 ,  19.76594547, -17.16487699,  -0.06179154,
       -13.58251859,  -2.40210738, -27.06573009, -12.44303152]), array([  1.68029023,   1.47491153,   0.38381179,   0.52446727,
         1.80081768,   1.01978062, 117.17888145, 102.20652745]))
([5.699999999999914, 5.339999999999921, 2.729999999999973, 2.6999999999999726, 2.8899999999999717, 2.859999999999972, 5.249999999999922, 5.699999999999913], [np.float64(88.91582081586861), np.float64(88.99010393661212), np.float64(99.34236498166214), np.float64(99.53123488576178), np.float64(96.89834875602314), np.float64(97.75379791741926), np.float64(96.03558233448327), np.float64(89.03798915812958)], [6.039999999999914, 5.679999999999922, 3.319999999999972, 3.319999999999972, 3.319999999999972, 3.319999999999972, 5.679999999999922, 6.039999999999914])
(array([ -3.00523442,  -5.49369931,  10.37997991,   9.96385082,
        41.02739747,  -9.54712412, -38.71173303, -35.15123457]), array([  1.59973543,  18.52396965, -16.24219072,   0.35025551,
       -12.85788199,  -0.91483614, -39.14437478, -27.68463488]), array([  1.68029023,   1.47491153,   0.38381179,   0.52446727,
         1.80081768,   1.01978062, 117.17888145, 102.20652745]))
([5.3499999999999215, 5.029999999999928, 2.789999999999972, 2.6899999999999724, 2.9299999999999726, 2.849999999999972, 4.989999999999927, 5.3499999999999215], [np.float64(88.91411113777923), np.float64(88.9141286316532), np.float64(98.96703178168856), np.float64(99.5438926883336), np.float64(94.70722215943606), np.float64(98.10091781232246), np.float64(93.06788374192737), np.float64(88.91714414590004)], [5.689999999999921, 5.369999999999928, 3.319999999999972, 3.309999999999972, 3.309999999999972, 3.319999999999972, 5.369999999999928, 5.689999999999921])
(array([ -1.85261111,  -4.45741985,   9.07484395,   7.61575782,
        38.75333337,  -8.23194255, -49.30613388, -37.38663683]), array([  1.14007011,  17.28202794, -15.31950745,   0.76220925,
       -13.05888464,   0.57242002, -49.95167454, -36.64958487]), array([  1.68029023,   1.47491153,   0.38381179,   0.52446727,
         1.80081768,   1.01978062, 117.17888145, 102.20652745]))
([5.149999999999926, 4.789999999999933, 2.8499999999999717, 2.6999999999999726, 2.9499999999999726, 2.839999999999972, 4.769999999999932, 5.149999999999926], [np.float64(88.91309568836411), np.float64(88.91306764659288), np.float64(98.21235769233807), np.float64(99.49733306773851), np.float64(93.36857863830306), np.float64(98.3999964310519), np.float64(90.53632787369675), np.float64(88.91311444620497)], [5.489999999999926, 5.129999999999933, 3.3299999999999716, 3.309999999999972, 3.309999999999972, 3.3299999999999716, 5.129999999999933, 5.489999999999926])
(array([ -1.00631657,  -6.51269027,  10.53234632,   6.3847215 ,
        39.16198382,  -9.58593925, -29.69018221, -28.83521788]), array([  2.21555825,  15.42601301, -18.38180595,   2.76785328,
       -15.75051893,   3.05273538, -49.14435939, -25.69530054]), array([  1.68029023,   1.47491153,   0.38381179,   0.52446727,
         1.80081768,   1.01978062, 117.17888145, 102.20652745]))
([5.449999999999919, 4.989999999999928, 2.8899999999999726, 2.749999999999972, 2.939999999999973, 2.7999999999999723, 4.989999999999928, 5.449999999999919], [np.float64(88.91324204110225), np.float64(88.97230404956096), np.float64(96.66691606917249), np.float64(99.17985393844363), np.float64(93.55333111406046), np.float64(98.66141431530694), np.float64(89.52306066369667), np.float64(88.91331197548472)], [5.799999999999919, 5.329999999999929, 3.309999999999972, 3.309999999999972, 3.309999999999972, 3.309999999999972, 5.329999999999929, 5.799999999999919])
(array([ -0.16002469,  -8.56702592,  11.98965608,   5.15368741,
        39.57059137, -10.93992218, -10.07423053, -20.28379893]), array([  3.29104301,  13.57084222, -21.44369976,   4.77349369,
       -18.44187062,   5.53302551, -48.33704424, -14.74101621]), array([  1.68029023,   1.47491153,   0.38381179,   0.52446727,
         1.80081768,   1.01978062, 117.17888145, 102.20652745]))
([5.8199999999999115, 5.099999999999926, 2.909999999999973, 2.789999999999972, 2.9399999999999724, 2.7999999999999727, 5.109999999999927, 5.8199999999999115], [np.float64(88.93057354065705), np.float64(90.74973557068087), np.float64(95.20173047942262), np.float64(98.74335426458688), np.float64(93.20005090015641), np.float64(98.54783422728343), np.float64(88.93137784511505), np.float64(88.91321808742758)], [6.159999999999911, 5.4499999999999265, 3.309999999999972, 3.309999999999972, 3.309999999999972, 3.309999999999972, 5.4499999999999265, 6.159999999999911])
(array([  0.68626423, -10.62000157,  13.44670747,   3.92265602,
        39.97914285, -12.2938876 ,   9.54172114, -11.99722433]), array([  4.36652399,  11.71689958, -24.50505073,   6.77912968,
       -21.13285297,   8.01328357, -47.52972908,  -4.12599489]), array([  1.68029023,   1.47491153,   0.38381179,   0.52446727,
         1.80081768,   1.01978062, 117.17888145, 102.20652745]))
([6.219999999999902, 5.069999999999927, 2.929999999999973, 2.819999999999973, 2.939999999999972, 2.829999999999973, 5.099999999999927, 6.219999999999903], [np.float64(88.9816125295971), np.float64(92.24069329578148), np.float64(93.55142640728069), np.float64(98.16477342227623), np.float64(92.80310212490551), np.float64(98.05950562354369), np.float64(88.9145918808473), np.float64(88.91310661259175)], [6.569999999999903, 5.439999999999927, 3.2999999999999723, 3.2999999999999723, 3.2999999999999723, 3.2999999999999723, 5.439999999999927, 6.569999999999903])
(array([  1.53254984, -12.67089014,  14.90340108,   2.69162796,
        40.38761909, -13.64783031,  29.15767281,  -8.74523335]), array([  5.44200078,   9.86484169, -27.56564998,   8.78476026,
       -23.8233398 ,  10.49350003, -46.72241393, -22.66089295]), array([  1.68029023,   1.47491153,   0.38381179,   0.52446727,
         1.80081768,   1.01978062, 117.17888145, 102.20652745]))
([5.729999999999913, 4.949999999999929, 2.969999999999972, 2.849999999999972, 2.949999999999972, 2.859999999999973, 4.95999999999993, 5.729999999999913], [np.float64(88.92313390447528), np.float64(90.3836665636207), np.float64(88.91432820673299), np.float64(97.57647296486957), np.float64(92.36947219279304), np.float64(97.34718940017204), np.float64(88.91454653026199), np.float64(88.91264054327914)], [6.069999999999913, 5.29999999999993, 3.2999999999999723, 3.2999999999999723, 3.2999999999999723, 3.2999999999999723, 5.29999999999993, 6.069999999999913])
(array([  2.37883173, -14.71834022,  16.35957919,   1.46060406,
        40.79599112, -15.00174282,  37.28928653,  -5.49324237]), array([  6.51747285,   8.01588892, -30.62516611,  10.79038407,
       -26.51314023,  12.97366116, -46.38774881, -41.19579101]), array([  1.68029023,   1.47491153,   0.38381179,   0.52446727,
         1.80081768,   1.01978062, 117.17888145, 102.20652745]))
([5.229999999999924, 4.879999999999931, 2.949999999999972, 2.879999999999973, 2.949999999999972, 2.879999999999973, 4.8799999999999315, 5.229999999999924], [np.float64(88.91558068178963), np.float64(88.96304133678217), np.float64(91.65521743748852), np.float64(96.59285943685477), np.float64(91.82882140805445), np.float64(96.37707933276288), np.float64(88.91240130089119), np.float64(88.91421949282919)], [5.569999999999924, 5.219999999999931, 3.2999999999999723, 3.2999999999999723, 3.2999999999999723, 3.2999999999999723, 5.219999999999931, 5.569999999999924])
(array([  3.22510945, -16.75953611,  17.81497588,   0.22958542,
        41.20421295, -16.35561393,  37.00057657,  -5.4656215 ]), array([  7.5929396 ,   6.17258401, -33.68304047,  12.79599929,
       -29.20195133,  15.45374645, -31.97881332, -41.35321767]), array([  1.68029023,   1.47491153,   0.38381179,   0.52446727,
         1.80081768,   1.01978062, 117.17888145, 102.20652745]))
([5.199999999999925, 5.039999999999928, 2.959999999999972, 2.8999999999999724, 2.9499999999999718, 2.9099999999999726, 5.039999999999927, 5.199999999999925], [np.float64(88.92318813422513), np.float64(88.92332376400627), np.float64(91.39845935086703), np.float64(95.74679362457601), np.float64(91.59632311300314), np.float64(95.2546518946641), np.float64(89.04050502981733), np.float64(88.91365059405126)], [5.5399999999999245, 5.379999999999928, 3.2999999999999723, 3.2999999999999723, 3.2999999999999723, 3.2999999999999723, 5.379999999999928, 5.5399999999999245])
(array([  4.07138243, -18.78755117,  19.26910597,  -1.00142636,
        41.61220701, -17.70942615,  36.7118666 ,  -9.45275081]), array([  8.66840035,   4.34118207, -36.7382536 ,  14.80160335,
       -31.88926217,  17.93372387, -17.56987784, -28.29864283]), array([  1.68029023,   1.47491153,   0.38381179,   0.52446727,
         1.80081768,   1.01978062, 117.17888145, 102.20652745]))
([5.459999999999918, 5.159999999999925, 2.959999999999972, 2.9199999999999724, 2.9599999999999715, 2.929999999999972, 5.139999999999924, 5.4499999999999185], [np.float64(88.96020556344058), np.float64(89.08654493680832), np.float64(90.95029216308063), np.float64(94.56538537982156), np.float64(91.3166595314706), np.float64(93.98335212682252), np.float64(91.07213229313969), np.float64(89.10530440116335)], [5.799999999999919, 5.499999999999925, 3.2999999999999723, 3.2999999999999723, 3.2999999999999723, 3.2999999999999723, 5.499999999999925, 5.799999999999919])
(array([  4.91765003, -20.78022023,  20.72098302,  -2.23242905,
        42.01983166, -19.06315054,  36.42315663, -13.43988012]), array([  9.74385424,   2.54169938, -39.78873297,  16.80719259,
       -34.57413984,  20.41354041,  -3.16094236, -15.24406798]), array([  1.68029023,   1.47491153,   0.38381179,   0.52446727,
         1.80081768,   1.01978062, 117.17888145, 102.20652745]))
([5.689999999999914, 5.189999999999924, 2.959999999999972, 2.929999999999972, 2.959999999999972, 2.939999999999972, 5.149999999999924, 5.679999999999914], [np.float64(89.00287368739349), np.float64(90.00985843784623), np.float64(90.56090549839946), np.float64(93.32866433409309), np.float64(91.01918979761075), np.float64(92.65379498400674), np.float64(93.84804096701026), np.float64(90.60802926223442)], [6.029999999999914, 5.5399999999999245, 3.2999999999999723, 3.2999999999999723, 3.2999999999999723, 3.2999999999999723, 5.5399999999999245, 6.029999999999914])
(array([  5.76391146, -22.62432433,  22.16826215,  -3.46341925,
        42.42679871, -20.41673558,  36.13444667, -13.95720179]), array([ 10.8193003 ,   0.8763785 , -42.82955185,  18.81276149,
       -37.25468615,  22.89310166,  11.24799312, -13.55026428]), array([  1.68029023,   1.47491153,   0.38381179,   0.52446727,
         1.80081768,   1.01978062, 117.17888145, 102.20652745]))
([5.6799999999999145, 5.149999999999925, 2.959999999999972, 2.9499999999999713, 2.9599999999999715, 2.9499999999999718, 5.079999999999925, 5.649999999999913], [np.float64(88.99319680279558), np.float64(90.35619185695948), np.float64(90.31375871689283), np.float64(92.24040397964438), np.float64(90.77028330092602), np.float64(91.56128209865814), np.float64(95.60857599434067), np.float64(92.73418613716967)], [6.019999999999914, 5.499999999999925, 3.2999999999999723, 3.2999999999999723, 3.2999999999999723, 3.2999999999999723, 5.499999999999925, 6.019999999999914])
(array([  6.61016578, -22.96780315,  23.60380322,  -4.69439171,
        42.83242234, -21.77007989,  35.8457367 , -24.56412529]), array([ 11.89473733,   0.56619945, -45.84570836,  20.81830147,
       -39.9263839 ,  25.37222194,  25.65692861,   0.60822369]), array([  1.68029023,   1.47491153,   0.38381179,   0.52446727,
         1.80081768,   1.01978062, 117.17888145, 102.20652745]))
([5.6299999999999155, 5.059999999999926, 2.9699999999999718, 2.959999999999972, 2.959999999999972, 2.959999999999972, 5.009999999999926, 5.569999999999914], [np.float64(88.92889227956292), np.float64(90.64685103050125), np.float64(90.10992662842538), np.float64(91.38618101501937), np.float64(90.57613304035014), np.float64(90.68946542240246), np.float64(94.8825874706684), np.float64(94.56697469960845)], [5.969999999999915, 5.419999999999927, 3.2999999999999723, 3.2999999999999723, 3.2999999999999723, 3.2999999999999723, 5.419999999999927, 5.969999999999915])
(array([  6.66559266, -23.37403228,  23.56826312,  -7.43305887,
        40.25684448, -19.27784861,  22.66545973, -28.63602232]), array([  9.31421654,   3.07489367, -43.73901372,  18.05006816,
       -36.90272469,  25.62058849,  19.45509923, -13.38813569]), array([  1.68029023,   1.47491153,   0.38381179,   0.52446727,
         1.80081768,   1.01978062, 117.17888145, 102.20652745]))
([5.37999999999992, 5.37999999999992, 2.9699999999999718, 2.9599999999999715, 2.969999999999972, 2.9699999999999718, 5.3199999999999195, 5.319999999999919], [np.float64(89.31637055966777), np.float64(89.03251544633596), np.float64(89.28292973160353), np.float64(90.86848705685313), np.float64(89.59806987892132), np.float64(90.20234519527615), np.float64(94.88469669887115), np.float64(95.08629001718407)], [5.7299999999999205, 5.7299999999999205, 3.2999999999999723, 3.2999999999999723, 3.2999999999999723, 3.2999999999999723, 5.7299999999999205, 5.7299999999999205])
(array([  6.72101954, -23.78025422,  23.53272326, -10.17167038,
        37.68126712, -16.78564955,   9.48518276, -32.70791935]), array([  6.73369576,   5.58354343, -41.63233308,  15.28189111,
       -33.87906606,  25.86895182,  13.25326986, -27.38449507]), array([  1.68029023,   1.47491153,   0.38381179,   0.52446727,
         1.80081768,   1.01978062, 117.17888145, 102.20652745]))
([5.109999999999925, 5.739999999999913, 2.9699999999999718, 2.959999999999972, 2.9699999999999718, 2.9699999999999718, 5.679999999999913, 5.059999999999925], [np.float64(92.228721265852), np.float64(88.92096395169497), np.float64(89.09541286633208), np.float64(90.37950509213314), np.float64(89.33301460676914), np.float64(89.75337938195067), np.float64(94.6355033755389), np.float64(95.63367276409839)], [5.479999999999926, 6.079999999999913, 3.2999999999999723, 3.2999999999999723, 3.2999999999999723, 3.2999999999999723, 6.079999999999913, 5.479999999999926])
(array([  6.77644641, -24.18646559,  23.49718365, -12.91020655,
        35.10569032, -14.29348776,  -3.69509421, -36.40679942]), array([  4.15317499,   8.09212799, -39.52566749,  12.51379021,
       -30.8554081 ,  26.11731145,   7.05144048, -40.0986807 ]), array([  1.68029023,   1.47491153,   0.38381179,   0.52446727,
         1.80081768,   1.01978062, 117.17888145, 102.20652745]))
([4.859999999999929, 6.129999999999905, 2.9699999999999718, 2.9699999999999713, 2.9699999999999713, 2.9699999999999718, 6.099999999999904, 4.839999999999929], [np.float64(95.22675201507987), np.float64(88.91843621527161), np.float64(89.3782337059045), np.float64(89.97700258320855), np.float64(89.88810404645301), np.float64(89.42812055763223), np.float64(92.75315239608439), np.float64(96.36579309875553)], [5.26999999999993, 6.4799999999999045, 3.2999999999999723, 3.2999999999999723, 3.2999999999999723, 3.2999999999999723, 6.4799999999999045, 5.26999999999993])
(array([  6.83187329, -24.5926606 ,  23.46164431, -15.64863723,
        32.53011421, -11.80136937, -16.87537118, -38.44018835]), array([  1.57265425,  10.60061144, -37.41901816,   9.74579594,
       -27.83175094,  26.36566674,   0.84961111, -26.72564756]), array([  1.68029023,   1.47491153,   0.38381179,   0.52446727,
         1.80081768,   1.01978062, 117.17888145, 102.20652745]))
([5.029999999999926, 6.399999999999899, 2.959999999999972, 2.9699999999999718, 2.949999999999972, 2.9699999999999718, 6.389999999999898, 4.979999999999926], [np.float64(95.49672690464924), np.float64(88.92784756811992), np.float64(90.65555475600969), np.float64(89.66750022779556), np.float64(91.9599656096693), np.float64(89.19688812810773), np.float64(90.25390435460436), np.float64(97.52951592248719)], [5.4499999999999265, 6.739999999999899, 3.2999999999999723, 3.2999999999999723, 3.2999999999999723, 3.2999999999999723, 6.739999999999899, 5.4499999999999265])
(array([  6.88730017, -24.9988282 ,  23.42610527, -18.38691369,
        29.95453888,  -9.30930195, -30.05564815, -40.47357729]), array([ -1.00786647,  13.10892569, -35.31238637,   6.97795755,
       -24.80809471,  26.61401696,  -5.35221827, -13.35261442]), array([  1.68029023,   1.47491153,   0.38381179,   0.52446727,
         1.80081768,   1.01978062, 117.17888145, 102.20652745]))
([5.1799999999999224, 6.179999999999904, 2.939999999999972, 2.969999999999972, 2.9099999999999726, 2.9699999999999718, 6.169999999999903, 5.059999999999923], [np.float64(92.32629463681414), np.float64(88.91446067698863), np.float64(93.06441396136907), np.float64(89.49266253795291), np.float64(94.9697432254358), np.float64(89.07253248302777), np.float64(90.03365832065323), np.float64(97.96823965892109)], [5.559999999999924, 6.519999999999904, 3.2999999999999723, 3.2999999999999723, 3.2999999999999723, 3.2999999999999723, 6.519999999999904, 5.559999999999924])
(array([  6.94272704, -25.4049447 ,  23.39056655, -21.12495189,
        27.37896452,  -6.81729495, -43.23592512, -42.50696623]), array([-3.58838717e+00,  1.56169243e+01, -3.32057736e+01,  4.21036000e+00,
       -2.17844396e+01,  2.68623612e+01, -1.15540476e+01,  2.04187287e-02]), array([  1.68029023,   1.47491153,   0.38381179,   0.52446727,
         1.80081768,   1.01978062, 117.17888145, 102.20652745]))
([5.199999999999924, 5.789999999999912, 2.8999999999999724, 2.969999999999972, 2.859999999999972, 2.9699999999999718, 5.759999999999911, 5.069999999999923], [np.float64(89.18313586640554), np.float64(88.91268589316456), np.float64(95.50524534250704), np.float64(89.43756059487733), np.float64(97.30950178014665), np.float64(89.03281562672777), np.float64(91.89580361554913), np.float64(97.47998938504287)], [5.5399999999999245, 6.129999999999912, 3.2999999999999723, 3.2999999999999723, 3.2999999999999723, 3.2999999999999723, 6.129999999999912, 5.5399999999999245])
(array([  6.99815392, -25.81094842,  23.35502818, -23.86259344,
        24.8033913 ,  -4.32536029, -48.10073271, -44.32387101]), array([ -6.16890782,  18.12422649, -31.0991814 ,   1.44316337,
       -18.76078583,  27.11069815, -13.84312751,  11.96969588]), array([  1.68029023,   1.47491153,   0.38381179,   0.52446727,
         1.80081768,   1.01978062, 117.17888145, 102.20652745]))
([5.089999999999926, 5.619999999999916, 2.8599999999999723, 2.9699999999999718, 2.7999999999999723, 2.9699999999999718, 5.569999999999915, 5.009999999999926], [np.float64(89.29878786104062), np.float64(88.91430380945003), np.float64(97.16115927618968), np.float64(89.56679086001932), np.float64(98.55514364542633), np.float64(89.05030777571655), np.float64(93.92219681239969), np.float64(95.52368407047628)], [5.429999999999927, 5.959999999999916, 3.2999999999999723, 3.2999999999999723, 3.2999999999999723, 3.2999999999999723, 5.959999999999916, 5.429999999999927])
(array([  7.05358079, -26.21661687,  23.31949019, -26.59950093,
        22.22781949,  -1.83351325, -34.8653601 , -32.83528605]), array([ -8.74942844,  20.62945819, -28.99261164,  -1.32329127,
       -15.73713373,  27.3590264 , -11.93992134,   3.04425851]), array([  1.68029023,   1.47491153,   0.38381179,   0.52446727,
         1.80081768,   1.01978062, 117.17888145, 102.20652745]))
([5.3999999999999195, 5.749999999999913, 2.8299999999999725, 2.969999999999972, 2.7399999999999727, 2.969999999999972, 5.649999999999912, 5.34999999999992], [np.float64(88.98881446356816), np.float64(88.91446197729132), np.float64(98.01030473404819), np.float64(89.96228801135919), np.float64(99.17309514365273), np.float64(89.14868996281186), np.float64(96.41447658269666), np.float64(93.69961626354308)], [5.73999999999992, 6.099999999999913, 3.2999999999999723, 3.2999999999999723, 3.2999999999999723, 3.2999999999999723, 6.099999999999913, 5.73999999999992])
(array([  7.10900767, -26.58096326,  23.28395261, -29.33480974,
        19.65224943,   0.65822627, -21.62998748, -21.34670108]), array([-11.32994901,  22.87950277, -26.8860663 ,  -4.08812996,
       -12.71348368,  27.60734394, -10.03671516,  -5.88117887]), array([  1.68029023,   1.47491153,   0.38381179,   0.52446727,
         1.80081768,   1.01978062, 117.17888145, 102.20652745]))
([5.749999999999912, 5.759999999999912, 2.8199999999999723, 2.959999999999972, 2.689999999999973, 2.9699999999999718, 5.579999999999911, 5.739999999999912], [np.float64(88.9173047260793), np.float64(88.92467729979273), np.float64(98.2811123663255), np.float64(90.7530444329557), np.float64(99.44880918094611), np.float64(89.41972214457168), np.float64(98.44706895033893), np.float64(91.12928271184134)], [6.099999999999913, 6.109999999999912, 3.2999999999999723, 3.2999999999999723, 3.2999999999999723, 3.2999999999999723, 6.109999999999912, 6.099999999999913])
(array([  6.19413244, -25.31197204,  23.56857698, -26.64771365,
        16.56579554,  -0.19781794,  -9.05728511,  -7.43910042]), array([-10.11360871,  22.12205116, -23.48916595,  -1.80320593,
       -12.6297221 ,  26.16210162,   4.98721818,   2.47658729]), array([  1.68029023,   1.47491153,   0.38381179,   0.52446727,
         1.80081768,   1.01978062, 117.17888145, 102.20652745]))
([6.099999999999905, 6.039999999999906, 2.8199999999999728, 2.9699999999999718, 2.6899999999999724, 2.9699999999999718, 5.859999999999905, 6.089999999999904], [np.float64(89.00077540893187), np.float64(89.14292776820385), np.float64(98.22803603915547), np.float64(90.45871634698305), np.float64(99.48921900672505), np.float64(89.20208311163634), np.float64(98.3213031712264), np.float64(90.16818652226712)], [6.439999999999905, 6.379999999999907, 3.2999999999999723, 3.2999999999999723, 3.2999999999999723, 3.2999999999999723, 6.379999999999907, 6.439999999999905])
(array([  5.27936376, -24.04298107,  23.85320135, -23.96062073,
        13.47946887,  -1.0538552 ,   3.51541727,   6.46850023]), array([ -8.89741007,  21.3645997 , -20.0922656 ,   0.4817154 ,
       -12.54596397,  24.71687102,  20.01115151,  10.83435345]), array([  1.68029023,   1.47491153,   0.38381179,   0.52446727,
         1.80081768,   1.01978062, 117.17888145, 102.20652745]))
([6.0599999999999055, 5.9199999999999084, 2.8199999999999728, 2.959999999999972, 2.689999999999972, 2.9699999999999718, 5.799999999999908, 6.0599999999999055], [np.float64(89.01514524815522), np.float64(89.22454063727986), np.float64(98.10034548541495), np.float64(91.2588211121431), np.float64(99.51180891700729), np.float64(89.33413476877061), np.float64(97.2455220273257), np.float64(89.2017483265987)], [6.399999999999906, 6.259999999999909, 3.2999999999999723, 3.309999999999972, 3.309999999999972, 3.2999999999999723, 6.259999999999909, 6.399999999999906])
(array([  4.36471873, -22.77399036,  24.13782572, -21.27353164,
        10.39329194,  -1.90988486,  16.08811964,  20.37610089]), array([ -7.68137582,  20.60714839, -16.69536527,   2.76663348,
       -12.46220991,  23.27165325,  35.03508485,  19.19211961]), array([  1.68029023,   1.47491153,   0.38381179,   0.52446727,
         1.80081768,   1.01978062, 117.17888145, 102.20652745]))
([5.679999999999914, 5.559999999999916, 2.8499999999999726, 2.9299999999999726, 2.6999999999999726, 2.969999999999972, 5.489999999999917, 5.679999999999914], [np.float64(88.9308971329075), np.float64(88.96699627619633), np.float64(97.59543523418934), np.float64(94.01338163909703), np.float64(99.46008140503324), np.float64(90.25770374195139), np.float64(94.74633429800599), np.float64(88.92988407713976)], [6.029999999999914, 5.899999999999917, 3.2999999999999723, 3.309999999999972, 3.309999999999972, 3.2999999999999723, 5.899999999999917, 6.029999999999914])
(array([  3.45021832, -21.50499993,  24.42245009, -18.58644726,
         7.30729294,  -2.7659062 ,  16.43418706,  34.28370155]), array([ -6.46553385,  19.84969726, -13.29846496,   5.05154756,
       -12.37846068,  21.82644954,  35.44862315,  27.54988577]), array([  1.68029023,   1.47491153,   0.38381179,   0.52446727,
         1.80081768,   1.01978062, 117.17888145, 102.20652745]))
([5.289999999999922, 5.569999999999917, 2.879999999999973, 2.869999999999972, 2.749999999999972, 2.9399999999999724, 5.529999999999915, 5.289999999999923], [np.float64(88.98875404984402), np.float64(88.91452362766653), np.float64(96.56601017114403), np.float64(97.24104518301388), np.float64(99.23149519006377), np.float64(92.87950467640623), np.float64(92.55544467310152), np.float64(88.91496231656608)], [5.629999999999923, 5.909999999999917, 3.2999999999999723, 3.319999999999972, 3.319999999999972, 3.2999999999999723, 5.909999999999917, 5.629999999999923])
(array([  2.53588848, -20.23600981,  24.70707446, -15.89936872,
         4.22150757,  -3.62191837,   9.09516351,  40.10662086]), array([ -5.24991865,  19.0922463 ,  -9.90156466,   7.33645666,
       -12.29471724,  20.3812613 ,  31.52299735,  31.04916643]), array([  1.68029023,   1.47491153,   0.38381179,   0.52446727,
         1.80081768,   1.01978062, 117.17888145, 102.20652745]))
([5.119999999999925, 5.799999999999912, 2.9199999999999724, 2.7799999999999723, 2.819999999999972, 2.8899999999999726, 5.78999999999991, 5.139999999999926], [np.float64(90.98941329275641), np.float64(88.91664802526365), np.float64(94.37747201340801), np.float64(99.01850266119482), np.float64(98.51717616785595), np.float64(96.09555398733565), np.float64(90.79233802848115), np.float64(88.91624612608305)], [5.479999999999926, 6.1499999999999115, 3.2999999999999723, 3.3299999999999716, 3.3299999999999716, 3.2999999999999723, 6.1499999999999115, 5.479999999999926])
(array([  1.62176178, -18.96702001,  24.99169883, -13.2122976 ,
         1.13598176,  -4.47792043,   1.75613995,  26.02956628]), array([ -4.03457353,  18.33479554,  -6.50466438,   9.62135946,
       -12.21098085,  18.93609013,  27.59737156,  28.11510643]), array([  1.68029023,   1.47491153,   0.38381179,   0.52446727,
         1.80081768,   1.01978062, 117.17888145, 102.20652745]))
([5.409999999999918, 6.069999999999906, 2.959999999999972, 2.6799999999999717, 2.9199999999999724, 2.8199999999999723, 6.0599999999999055, 5.42999999999992], [np.float64(91.26297641892248), np.float64(88.93739707414935), np.float64(90.80436925245247), np.float64(99.61938816312389), np.float64(95.96841214425864), np.float64(98.23847074269696), np.float64(89.5062408398229), np.float64(88.99197757646202)], [5.76999999999992, 6.409999999999906, 3.2999999999999723, 3.3299999999999716, 3.3299999999999716, 3.2999999999999723, 6.409999999999906, 5.76999999999992])
(array([  0.7078796 , -17.69803056,  25.27632319, -10.52523605,
        -1.94922438,  -5.33391129,  -5.5828836 ,  11.9525117 ]), array([ -2.8195535 ,  17.57734498,  -3.10776413,  11.90625412,
       -12.12725313,  17.49093787,  23.67174576,  25.18104643]), array([  1.68029023,   1.47491153,   0.38381179,   0.52446727,
         1.80081768,   1.01978062, 117.17888145, 102.20652745]))
([5.6899999999999125, 6.359999999999899, 2.9799999999999716, 2.6299999999999724, 2.999999999999971, 2.7499999999999716, 6.359999999999899, 5.709999999999913], [np.float64(91.7106852801257), np.float64(89.01580172380758), np.float64(88.9339975681955), np.float64(99.75225749608377), np.float64(89.80277979855715), np.float64(99.1375077210555), np.float64(89.07125127535213), np.float64(89.64030329896792)], [6.0599999999999135, 6.7099999999999, 3.309999999999972, 3.3399999999999714, 3.3399999999999714, 3.309999999999972, 6.7099999999999, 6.0599999999999135])
(array([ -0.20570466, -16.42904148,  25.56094755,  -7.83818719,
        -5.03403068,  -6.18988971, -12.92190716,  -0.50513244]), array([ -1.60492957,  16.81989465,   0.28913609,  14.19113799,
       -12.04353626,  16.04580662,  19.74611997,  22.58451779]), array([  1.68029023,   1.47491153,   0.38381179,   0.52446727,
         1.80081768,   1.01978062, 117.17888145, 102.20652745]))
([5.879999999999908, 6.689999999999892, 2.9799999999999716, 2.659999999999972, 2.9999999999999716, 2.699999999999973, 6.689999999999892, 5.899999999999908], [np.float64(92.52847298245014), np.float64(89.16857457944506), np.float64(88.91344770098098), np.float64(99.69457148128028), np.float64(88.91364576240696), np.float64(99.44389666299276), np.float64(88.99225699581629), np.float64(90.57272212372476)], [6.249999999999909, 7.029999999999893, 3.309999999999972, 3.3299999999999716, 3.3299999999999716, 3.309999999999972, 7.029999999999893, 6.249999999999909])
(array([ -1.11892088, -15.16005282,  25.84557191,  -5.1511556 ,
        -8.11832775,  -7.04585425, -15.80920031, -10.84871153]), array([ -0.39079493,  16.06244457,   3.68603628,  16.47600718,
       -11.95983321,  14.6006988 ,  18.2017139 ,  24.02285805]), array([  1.68029023,   1.47491153,   0.38381179,   0.52446727,
         1.80081768,   1.01978062, 117.17888145, 102.20652745]))
([5.79999999999991, 6.779999999999891, 2.9799999999999716, 2.7199999999999727, 2.989999999999972, 2.6899999999999724, 6.77999999999989, 5.8299999999999095], [np.float64(93.04672193760342), np.float64(89.02911449662679), np.float64(88.91376949719523), np.float64(99.47013818731864), np.float64(88.91228442691396), np.float64(99.53073478967295), np.float64(88.95158587908688), np.float64(90.68532296102691)], [6.179999999999911, 7.119999999999891, 3.309999999999972, 3.319999999999972, 3.319999999999972, 3.309999999999972, 7.119999999999891, 6.179999999999911])
(array([ -2.03167521, -13.8910646 ,  26.13019626,  -2.46414841,
       -11.20196244,  -7.90180324, -27.57495696, -21.19229063]), array([  0.82272559,  15.30499475,   7.08293642,  18.76085561,
       -11.87614814,  13.15561722,   2.14040968,  25.46119831]), array([  1.68029023,   1.47491153,   0.38381179,   0.52446727,
         1.80081768,   1.01978062, 117.17888145, 102.20652745]))
([5.669999999999913, 6.179999999999903, 2.9799999999999716, 2.7799999999999714, 2.9899999999999713, 2.6999999999999726, 6.179999999999903, 5.679999999999913], [np.float64(90.98110454668783), np.float64(89.08793483086428), np.float64(89.05960652683194), np.float64(98.99083441125252), np.float64(89.10625907240713), np.float64(99.48282378066229), np.float64(88.9143040881058), np.float64(90.28218498497235)], [6.029999999999914, 6.529999999999903, 3.309999999999972, 3.319999999999972, 3.319999999999972, 3.309999999999972, 6.529999999999903, 6.029999999999914])
(array([ -2.94383907, -12.62207685,  26.41482061,   0.22282271,
       -14.28471347,  -8.75773474, -33.15417926, -31.53586972]), array([  2.0354611 ,  14.54754521,  10.4798365 ,  21.04567338,
       -11.79248705,  11.71056518,  -5.47572495,  26.89953856]), array([  1.68029023,   1.47491153,   0.38381179,   0.52446727,
         1.80081768,   1.01978062, 117.17888145, 102.20652745]))
([5.479999999999917, 5.88999999999991, 2.9499999999999718, 2.829999999999972, 2.959999999999972, 2.7299999999999724, 5.88999999999991, 5.489999999999918], [np.float64(90.44360430592623), np.float64(89.00854087707634), np.float64(92.54037296227449), np.float64(98.23847734670473), np.float64(91.97336600474011), np.float64(99.3065989484014), np.float64(88.91444966764824), np.float64(89.65019053427655)], [5.839999999999918, 6.22999999999991, 3.309999999999972, 3.309999999999972, 3.309999999999972, 3.309999999999972, 6.22999999999991, 5.839999999999918])
(array([ -3.85523167, -11.35308963,  26.69944496,   2.9097373 ,
       -17.36624909,  -9.61364647, -29.04046212, -41.87944882]), array([  3.24717119,  13.79009599,  13.8767365 ,  23.33044307,
       -11.70885895,  10.26554651,  11.3846073 ,  28.33787882]), array([  1.68029023,   1.47491153,   0.38381179,   0.52446727,
         1.80081768,   1.01978062, 117.17888145, 102.20652745]))
([5.249999999999921, 6.219999999999903, 2.9099999999999726, 2.8599999999999723, 2.929999999999972, 2.7699999999999716, 6.219999999999903, 5.289999999999922], [np.float64(93.1743463960687), np.float64(88.9228765848312), np.float64(95.46248329301127), np.float64(97.26093636851095), np.float64(94.32132255378593), np.float64(98.9326725799053), np.float64(88.91470911224192), np.float64(89.05514398155685)], [5.639999999999922, 6.559999999999903, 3.309999999999972, 3.309999999999972, 3.309999999999972, 3.309999999999972, 6.559999999999903, 5.639999999999922])
(array([ -4.76559067, -10.08410298,  26.98406929,   5.59655586,
       -20.4460486 , -10.46953573, -24.92674498, -46.70930289]), array([  4.45750709,  13.03264711,  17.2736364 ,  25.61513111,
       -11.62527796,   8.82056579,  28.24493956,  29.00950065]), array([  1.68029023,   1.47491153,   0.38381179,   0.52446727,
         1.80081768,   1.01978062, 117.17888145, 102.20652745]))
([5.189999999999923, 6.109999999999905, 2.879999999999973, 2.8899999999999726, 2.9199999999999724, 2.819999999999972, 6.109999999999905, 5.219999999999924], [np.float64(92.75007589160118), np.float64(88.91841108414222), np.float64(96.52129470992128), np.float64(96.28034312693654), np.float64(94.72842384240317), np.float64(98.26766831031574), np.float64(88.91434388628984), np.float64(88.92116464966449)], [5.559999999999924, 6.449999999999905, 3.2999999999999723, 3.2999999999999723, 3.2999999999999723, 3.2999999999999723, 6.449999999999905, 5.559999999999924])
(array([ -5.6745209 ,  -8.81511695,  27.26869361,   8.28319129,
       -23.52324645, -11.32539931, -24.37919199, -28.38181131]), array([  5.66594343,  12.27519859,  20.67053616,  27.89966342,
       -11.54176757,   7.37562842,  30.48912043,  31.03041146]), array([  1.68029023,   1.47491153,   0.38381179,   0.52446727,
         1.80081768,   1.01978062, 117.17888145, 102.20652745]))
([5.599999999999915, 6.029999999999907, 2.879999999999973, 2.9099999999999726, 2.929999999999972, 2.8699999999999726, 6.029999999999907, 5.599999999999916], [np.float64(89.38545036953799), np.float64(88.91828677616516), np.float64(96.77380308053424), np.float64(95.38440591938283), np.float64(93.87584732671705), np.float64(97.06490180471567), np.float64(88.9148321999026), np.float64(88.91415970152283)], [5.949999999999916, 6.369999999999907, 3.2999999999999723, 3.2999999999999723, 3.2999999999999723, 3.2999999999999723, 6.369999999999907, 5.949999999999916])
(array([ -6.58139946,  -7.5461316 ,  27.55331792,  10.96940761,
       -26.59629298, -12.18123334, -15.26565714, -10.05431973]), array([  6.87165204,  11.51775049,  24.06743571,  30.18383935,
       -11.45836985,   5.93074092,  15.81635695,  33.05132227]), array([  1.68029023,   1.47491153,   0.38381179,   0.52446727,
         1.80081768,   1.01978062, 117.17888145, 102.20652745]))
([5.79999999999991, 6.529999999999895, 2.879999999999973, 2.9099999999999726, 2.949999999999972, 2.9099999999999726, 6.529999999999895, 5.839999999999911], [np.float64(92.9737982064386), np.float64(89.2077563430618), np.float64(96.74479225263974), np.float64(94.77879555115632), np.float64(92.28778851661474), np.float64(95.23399348419407), np.float64(89.1869017976313), np.float64(88.91377684979426)], [6.179999999999911, 6.869999999999896, 3.2999999999999723, 3.2999999999999723, 3.2999999999999723, 3.2999999999999723, 6.869999999999896, 6.179999999999911])
(array([ -7.48518735,  -6.27714701,  27.8379422 ,  13.65428378,
       -29.66212289, -13.03703318,  -6.15212229,   8.27317186]), array([  8.07325156,  10.76030283,  27.46433496,  32.46687571,
       -11.37516797,   4.48591117,   1.14359348,  35.07223308]), array([  1.68029023,   1.47491153,   0.38381179,   0.52446727,
         1.80081768,   1.01978062, 117.17888145, 102.20652745]))
([5.659999999999914, 6.499999999999896, 2.879999999999973, 2.9199999999999724, 2.9599999999999715, 2.9399999999999724, 6.489999999999896, 5.689999999999914], [np.float64(92.33972574586781), np.float64(89.40793354203569), np.float64(96.58139969080887), np.float64(94.29130001320488), np.float64(90.50833785900656), np.float64(92.91120061294293), np.float64(90.61236400325691), np.float64(88.93427506181918)], [6.029999999999914, 6.839999999999897, 3.2999999999999723, 3.2999999999999723, 3.2999999999999723, 3.2999999999999723, 6.839999999999897, 6.029999999999914])
(array([ -8.3840229 ,  -5.00816324,  28.12256644,  15.63124779,
       -32.71375427, -13.89279311,   2.96141256,  26.60066344]), array([  9.26826686,  10.00285567,  30.86123372,  34.14795165,
       -11.29235142,   3.04114878, -13.52916999,  37.09314389]), array([  1.68029023,   1.47491153,   0.38381179,   0.52446727,
         1.80081768,   1.01978062, 117.17888145, 102.20652745]))
([5.3099999999999214, 5.999999999999908, 2.8799999999999724, 2.919999999999972, 2.969999999999972, 2.959999999999972, 5.989999999999907, 5.3099999999999214], [np.float64(90.50527454424771), np.float64(89.12893132496676), np.float64(96.37212138784734), np.float64(94.07978242672218), np.float64(89.45089979210732), np.float64(90.91351257126824), np.float64(90.37906785896885), np.float64(89.24663550249285)], [5.659999999999922, 6.3399999999999075, 3.2999999999999723, 3.2999999999999723, 3.2999999999999723, 3.2999999999999723, 6.3399999999999075, 5.659999999999922])
(array([ -9.2742451 ,  -3.73918038,  28.4071906 ,  18.00195184,
       -35.73147389, -14.74850609,   5.09772539,  39.79480109]), array([ 10.45183059,   9.24540905,  34.25813161,  34.86093242,
       -11.21045518,   1.59646565, -16.96862717,  38.54801704]), array([  1.68029023,   1.47491153,   0.38381179,   0.52446727,
         1.80081768,   1.01978062, 117.17888145, 102.20652745]))
([5.029999999999927, 5.919999999999909, 2.889999999999972, 2.929999999999972, 2.9699999999999718, 2.9699999999999718, 5.869999999999908, 5.039999999999927], [np.float64(90.83036602935522), np.float64(89.02652303347794), np.float64(96.17871132179717), np.float64(93.9726177959872), np.float64(88.98350760239298), np.float64(89.38628137838582), np.float64(93.52680078028978), np.float64(89.81468368037564)], [5.379999999999928, 6.259999999999909, 3.2999999999999723, 3.2999999999999723, 3.2999999999999723, 3.2999999999999723, 6.259999999999909, 5.379999999999928])
(array([-10.14770761,  -2.47019854,  28.69181462,  20.37246107,
       -38.63522668, -15.60416333,  -5.84411602,  41.33098467]), array([ 11.61311206,   8.48796304,  37.65502777,  35.5738546 ,
       -11.13165183,   0.15187664, -14.1543411 ,  24.75568233]), array([  1.68029023,   1.47491153,   0.38381179,   0.52446727,
         1.80081768,   1.01978062, 117.17888145, 102.20652745]))
([5.099999999999926, 6.059999999999906, 2.889999999999972, 2.9299999999999717, 2.969999999999972, 2.9699999999999718, 5.959999999999905, 5.089999999999925], [np.float64(91.56473429771597), np.float64(89.0288958632195), np.float64(96.08078515807637), np.float64(93.88713654366173), np.float64(88.91678222963644), np.float64(88.96539939330961), np.float64(96.10285868279784), np.float64(91.74468098816287)], [5.459999999999926, 6.399999999999906, 3.2999999999999723, 3.2999999999999723, 3.2999999999999723, 3.2999999999999723, 6.399999999999906, 5.459999999999926])
(array([-10.98306387,  -1.20121783,  28.97643828,  22.74268   ,
       -40.23623268, -16.45975368, -16.37919092,  42.86716824]), array([ 12.7237307 ,   7.7305177 ,  41.0519196 ,  36.28668947,
       -11.08820301,  -1.29259944, -11.44467703,  10.96334762]), array([  1.68029023,   1.47491153,   0.38381179,   0.52446727,
         1.80081768,   1.01978062, 117.17888145, 102.20652745]))
([5.069999999999926, 6.0099999999999065, 2.8999999999999724, 2.9299999999999726, 2.969999999999972, 2.969999999999972, 5.899999999999906, 5.049999999999925], [np.float64(92.54393724808264), np.float64(88.96258776612662), np.float64(95.6496973123501), np.float64(93.56221341138699), np.float64(88.91349785632234), np.float64(88.92241045548353), np.float64(96.91634466852871), np.float64(93.67129429708562)], [5.439999999999927, 6.359999999999907, 3.2999999999999723, 3.2999999999999723, 3.2999999999999723, 3.2999999999999723, 6.359999999999907, 5.439999999999927])
(array([-11.71317759,   0.06776161,  29.26106054,  25.11243895,
       -38.42299484, -17.31526281,  -7.39166778,  44.40335182]), array([ 13.69442782,   6.97307313,  44.44879469,  36.999386  ,
       -12.08155799,  -2.73693841, -14.70116304,  -2.82898709]), array([  1.68029023,   1.47491153,   0.38381179,   0.52446727,
         1.80081768,   1.01978062, 117.17888145, 102.20652745]))
([4.959999999999928, 6.059999999999906, 2.9299999999999717, 2.9499999999999713, 2.969999999999972, 2.969999999999972, 5.909999999999905, 4.929999999999928], [np.float64(93.6920750021267), np.float64(88.94668741994292), np.float64(93.91672098276096), np.float64(92.23086188052363), np.float64(88.91590470723627), np.float64(88.93310786970403), np.float64(97.70114964681544), np.float64(94.94966712226469)], [5.339999999999929, 6.399999999999906, 3.2999999999999723, 3.2999999999999723, 3.2999999999999723, 3.2999999999999723, 6.399999999999906, 5.339999999999929])
(array([-12.14230771,   1.33673962,  29.37482613,  27.48140482,
       -36.6097577 , -18.17067201, -14.77510129,  45.01670043]), array([ 14.26496273,   6.2156294 ,  45.80655047,  37.71184402,
       -13.07491258,  -4.18110866,  -5.5559814 ,  -8.33582201]), array([  1.68029023,   1.47491153,   0.38381179,   0.52446727,
         1.80081768,   1.01978062, 117.17888145, 102.20652745]))
([4.87999999999993, 6.149999999999904, 2.9499999999999713, 2.9599999999999715, 2.969999999999972, 2.969999999999972, 5.969999999999903, 4.849999999999929], [np.float64(94.41900834290703), np.float64(88.92740774888921), np.float64(92.375199441973), np.float64(91.01020902184902), np.float64(88.91505543950704), np.float64(88.92437712514707), np.float64(98.3471874304399), np.float64(95.84223292923485)], [5.27999999999993, 6.489999999999904, 3.2999999999999723, 3.2999999999999723, 3.2999999999999723, 3.2999999999999723, 6.489999999999904, 5.27999999999993])
(array([-12.20270364,   2.60571602,  29.89146898,  29.84882476,
       -34.79652137, -19.02595633, -22.15853481,  39.24147679]), array([ 14.34526002,   5.45818663,  42.64134612,  38.42383711,
       -14.06826673,  -5.62506808,   3.58920024,  -1.18835299]), array([  1.68029023,   1.47491153,   0.38381179,   0.52446727,
         1.80081768,   1.01978062, 117.17888145, 102.20652745]))
([5.069999999999926, 5.999999999999907, 2.9599999999999715, 2.9699999999999713, 2.969999999999972, 2.969999999999972, 5.819999999999906, 4.9899999999999265], [np.float64(92.86219156817309), np.float64(88.93136297096794), np.float64(91.06017978694356), np.float64(89.97624183909384), np.float64(88.9128720810225), np.float64(88.9128694360291), np.float64(98.44722842989088), np.float64(96.87544994698725)], [5.4499999999999265, 6.349999999999907, 3.2999999999999723, 3.2999999999999723, 3.2999999999999723, 3.2999999999999723, 6.349999999999907, 5.4499999999999265])
(array([-12.2033864 ,   3.8746906 ,  30.40285612,  32.21257829,
       -32.98328594, -19.8810818 , -29.54196832,  25.99834613]), array([ 14.34616776,   4.70074496,  39.50834079,  39.13472753,
       -15.06162039,  -7.06875932,  12.73438188,  -7.78831264]), array([  1.68029023,   1.47491153,   0.38381179,   0.52446727,
         1.80081768,   1.01978062, 117.17888145, 102.20652745]))
([5.31999999999992, 5.739999999999912, 2.9699999999999713, 2.9699999999999718, 2.969999999999972, 2.969999999999972, 5.579999999999912, 5.1899999999999205], [np.float64(90.64262173570611), np.float64(88.96375071002247), np.float64(89.92782362687574), np.float64(89.2878925381002), np.float64(88.91287293864953), np.float64(88.91286921347088), np.float64(97.99770961510059), np.float64(97.54094696177673)], [5.669999999999922, 6.079999999999913, 3.2999999999999723, 3.2999999999999723, 3.2999999999999723, 3.2999999999999723, 6.079999999999913, 5.669999999999922])
(array([-12.20339263,   5.14366309,  30.8708137 ,  34.56377148,
       -31.17005156, -20.73600092, -31.74715753,  12.75521548]), array([ 14.34617604,   3.94330453,  36.64140597,  39.84184048,
       -16.05497347,  -8.51210218,  15.46574742, -14.3882723 ]), array([  1.68029023,   1.47491153,   0.38381179,   0.52446727,
         1.80081768,   1.01978062, 117.17888145, 102.20652745]))
([5.489999999999918, 5.619999999999915, 2.9699999999999718, 2.9699999999999718, 2.969999999999972, 2.969999999999972, 5.479999999999914, 5.329999999999917], [np.float64(89.6269623977463), np.float64(89.02462792581495), np.float64(89.21428540698241), np.float64(88.98419715975834), np.float64(88.91287361859963), np.float64(88.91286930549832), np.float64(97.83804708904087), np.float64(98.06121195771877)], [5.829999999999918, 5.969999999999915, 3.2999999999999723, 3.2999999999999723, 3.2999999999999723, 3.2999999999999723, 5.969999999999915, 5.829999999999918])
(array([-12.20339269,   6.41263318,  28.51104294,  35.95044985,
       -29.35681838, -21.59064523, -22.41511009,  -0.48791517]), array([ 14.34617612,   3.18586553,  36.84760735,  40.25887905,
       -17.0483259 ,  -9.95498109,   2.41998452, -20.98823196]), array([  1.68029023,   1.47491153,   0.38381179,   0.52446727,
         1.80081768,   1.01978062, 117.17888145, 102.20652745]))
([5.509999999999916, 5.88999999999991, 2.969999999999972, 2.969999999999972, 2.969999999999972, 2.969999999999972, 5.67999999999991, 5.3299999999999175], [np.float64(89.53627805619168), np.float64(88.93487396212628), np.float64(88.95111189601404), np.float64(88.91782763462076), np.float64(88.91406753151828), np.float64(88.9237334440742), np.float64(98.78750796961955), np.float64(98.4616754608639)], [5.859999999999918, 6.22999999999991, 3.2999999999999723, 3.2999999999999723, 3.2999999999999723, 3.2999999999999723, 6.22999999999991, 5.859999999999918])
(array([-12.20339269,   7.6816005 ,  26.15130025,  33.81417897,
       -27.54358659, -22.44491235, -13.08306265, -13.73104582]), array([ 14.34617612,   2.42842819,  37.05380628,  38.19421609,
       -18.04167756, -11.39722318, -10.62577837, -27.58819162]), array([  1.68029023,   1.47491153,   0.38381179,   0.52446727,
         1.80081768,   1.01978062, 117.17888145, 102.20652745]))
([5.389999999999919, 6.009999999999907, 2.969999999999972, 2.969999999999972, 2.969999999999972, 2.969999999999972, 5.739999999999907, 5.179999999999921], [np.float64(89.15881720535627), np.float64(88.9145701565894), np.float64(88.91380865424978), np.float64(88.91296504534084), np.float64(88.91359238815204), np.float64(88.9177377893209), np.float64(99.30586446147804), np.float64(98.77824221571835)], [5.7299999999999205, 6.349999999999907, 3.2999999999999723, 3.2999999999999723, 3.2999999999999723, 3.2999999999999723, 6.349999999999907, 5.7299999999999205])
(array([-12.20339269,   8.95056458,  23.79159224,  31.67790809,
       -25.73035643, -23.2986421 ,  -3.75101521, -26.97417647]), array([ 14.34617612,   1.67099277,  37.26000218,  36.12955315,
       -19.03502834, -12.83855805, -23.67154127, -34.18815127]), array([  1.68029023,   1.47491153,   0.38381179,   0.52446727,
         1.80081768,   1.01978062, 117.17888145, 102.20652745]))
([5.169999999999924, 5.89999999999991, 2.969999999999972, 2.969999999999972, 2.969999999999972, 2.969999999999972, 5.609999999999909, 4.969999999999924], [np.float64(89.27127699460868), np.float64(88.91496388585034), np.float64(88.91287168277404), np.float64(88.91286913835862), np.float64(88.91470320858804), np.float64(88.92011438802929), np.float64(99.42070168709976), np.float64(98.7291623329367)], [5.509999999999925, 6.23999999999991, 3.2999999999999723, 3.2999999999999723, 3.2999999999999723, 3.2999999999999723, 6.23999999999991, 5.509999999999925])
(array([-12.20339269,  10.21952487,  21.43192777,  29.54163723,
       -23.91712818, -24.15156938,  -2.53655162, -38.83251112]), array([ 14.34617612,   0.91355962,  37.46619428,  34.06489021,
       -20.02837806, -14.27853813, -25.36930418, -40.09797217]), array([  1.68029023,   1.47491153,   0.38381179,   0.52446727,
         1.80081768,   1.01978062, 117.17888145, 102.20652745]))
([4.949999999999928, 5.87999999999991, 2.969999999999972, 2.969999999999972, 2.969999999999972, 2.969999999999972, 5.569999999999909, 4.779999999999928], [np.float64(90.20032850499986), np.float64(88.91421415789902), np.float64(88.91286972861772), np.float64(88.9128636211748), np.float64(88.92474567776298), np.float64(88.93885038732783), np.float64(99.48736526230594), np.float64(98.448708817359)], [5.29999999999993, 6.21999999999991, 3.2999999999999723, 3.2999999999999723, 3.2999999999999723, 3.2999999999999723, 6.21999999999991, 5.29999999999993])
(array([-12.20339269,  11.48848066,  19.072319  ,  27.40536638,
       -22.10390223, -25.00322228,  -3.4273669 , -27.90486407]), array([ 14.34617612,   0.15612916,  37.67238151,  32.00022728,
       -21.02172653, -15.7163667 , -16.88403101, -39.58328803]), array([  1.68029023,   1.47491153,   0.38381179,   0.52446727,
         1.80081768,   1.01978062, 117.17888145, 102.20652745]))
([5.039999999999926, 6.069999999999906, 2.969999999999972, 2.969999999999972, 2.9699999999999718, 2.9699999999999718, 5.739999999999904, 4.849999999999927], [np.float64(90.55153914954579), np.float64(88.91570615411406), np.float64(88.91287009129252), np.float64(88.91285458752682), np.float64(88.99201038964819), np.float64(89.01932730486138), np.float64(99.54982416967223), np.float64(98.71610092487144)], [5.389999999999928, 6.409999999999906, 3.2999999999999723, 3.2999999999999723, 3.2999999999999723, 3.2999999999999723, 6.409999999999906, 5.389999999999928])
(array([-12.20339269,  12.75743106,  16.71278307,  25.26909553,
       -20.29067902, -25.85267503,  -4.31818218, -16.97721701]), array([ 14.34617612,  -0.60129808,  37.87856237,  29.93556436,
       -22.01507349, -17.15048079,  -8.39875783, -39.06860389]), array([  1.68029023,   1.47491153,   0.38381179,   0.52446727,
         1.80081768,   1.01978062, 117.17888145, 102.20652745]))
([5.089999999999925, 6.189999999999904, 2.969999999999972, 2.969999999999972, 2.9699999999999718, 2.9699999999999718, 5.869999999999902, 4.899999999999926], [np.float64(91.14428876148583), np.float64(88.91714049320552), np.float64(88.91291051649041), np.float64(88.91288601280982), np.float64(89.2678604910444), np.float64(89.25132757412499), np.float64(99.51444481345587), np.float64(98.81268605286323)], [5.4499999999999265, 6.529999999999903, 3.2999999999999723, 3.2999999999999723, 3.2999999999999723, 3.2999999999999723, 6.529999999999903, 5.4499999999999265])
(array([-12.20339269,  14.02637492,  14.35334499,  23.1328247 ,
       -18.47745916, -26.69784546,  -5.20899745,  -6.04956996]), array([ 14.34617612,  -1.35872142,  38.08473468,  27.87090145,
       -23.00841862, -18.57736514,   0.08651534, -38.55391975]), array([  1.68029023,   1.47491153,   0.38381179,   0.52446727,
         1.80081768,   1.01978062, 117.17888145, 102.20652745]))
([5.089999999999925, 6.169999999999903, 2.969999999999972, 2.969999999999972, 2.9699999999999713, 2.9699999999999718, 5.899999999999902, 4.919999999999926], [np.float64(91.63423652918877), np.float64(88.9184749443614), np.float64(88.91833453924917), np.float64(88.92318180414142), np.float64(89.95884269246565), np.float64(89.70898414804769), np.float64(99.34153228413957), np.float64(98.70032376973157)], [5.459999999999926, 6.519999999999904, 3.2999999999999723, 3.2999999999999723, 3.2999999999999723, 3.2999999999999723, 6.519999999999904, 5.459999999999926])
(array([-12.20339269,  15.29531076,  11.99404259,  20.99655388,
       -16.66424344, -27.53298095,  -6.09981273,   4.8780771 ]), array([ 14.34617612,  -2.11613998,  38.29089514,  25.80623855,
       -24.00176148, -19.98730769,   8.57178851, -38.03923561]), array([  1.68029023,   1.47491153,   0.38381179,   0.52446727,
         1.80081768,   1.01978062, 117.17888145, 102.20652745]))
([5.049999999999926, 6.029999999999907, 2.9699999999999718, 2.9699999999999718, 2.9599999999999715, 2.959999999999972, 5.799999999999907, 4.909999999999926], [np.float64(91.6890603549805), np.float64(88.91912185671578), np.float64(88.99905744672691), np.float64(89.11165628276456), np.float64(91.15028893394395), np.float64(90.3923957414204), np.float64(98.96726170760863), np.float64(98.25081083398005)], [5.419999999999927, 6.369999999999907, 3.2999999999999723, 3.2999999999999723, 3.2999999999999723, 3.2999999999999723, 6.369999999999907, 5.419999999999927])
(array([-12.20339269,  16.5642366 ,   9.63493612,  18.86028308,
       -14.85103291, -28.33574439,  -6.990628  ,  15.80572415]), array([ 14.34617612,  -2.87355256,  38.49703847,  23.74157567,
       -24.99510149, -21.34259715,  17.05706169, -37.52455147]), array([  1.68029023,   1.47491153,   0.38381179,   0.52446727,
         1.80081768,   1.01978062, 117.17888145, 102.20652745]))
([4.969999999999928, 5.829999999999911, 2.9699999999999718, 2.9699999999999713, 2.939999999999972, 2.9599999999999715, 5.64999999999991, 4.859999999999928], [np.float64(91.58388567249204), np.float64(88.91605080400734), np.float64(89.30754543711761), np.float64(89.97015713186815), np.float64(92.7131580390089), np.float64(91.252856020259), np.float64(98.3738853151045), np.float64(97.54800896421571)], [5.329999999999929, 6.169999999999911, 3.2999999999999723, 3.2999999999999723, 3.2999999999999723, 3.2999999999999723, 6.169999999999911, 5.329999999999929])
(array([-12.20339269,  17.83314976,   7.27612753,  16.72401229,
       -13.03782902, -28.83380162,  -7.88144328,  26.7333712 ]), array([ 14.34617612,  -3.63095758,  38.70315578,  21.6769128 ,
       -25.98843787, -22.18345723,  25.54233486, -37.00986733]), array([  1.68029023,   1.47491153,   0.38381179,   0.52446727,
         1.80081768,   1.01978062, 117.17888145, 102.20652745]))
([4.85999999999993, 5.619999999999916, 2.9699999999999718, 2.9599999999999715, 2.919999999999973, 2.9499999999999718, 5.479999999999914, 4.769999999999931], [np.float64(91.37382552051663), np.float64(88.9150348197654), np.float64(89.87619301024864), np.float64(91.46671273657535), np.float64(94.37773925995337), np.float64(92.21039125283944), np.float64(97.63559710185805), np.float64(96.86963866606743)], [5.219999999999931, 5.959999999999916, 3.2999999999999723, 3.2999999999999723, 3.2999999999999723, 3.2999999999999723, 5.959999999999916, 5.219999999999931])
(array([-12.20339269,  19.10204649,   4.917804  ,  14.58774151,
       -11.22463381, -29.7415324 ,  -8.77225855,  37.66101826]), array([ 14.34617612,  -4.38835279,  38.9092307 ,  19.61224995,
       -26.9817695 , -23.45029774,  34.02760804, -36.49518319]), array([  1.68029023,   1.47491153,   0.38381179,   0.52446727,
         1.80081768,   1.01978062, 117.17888145, 102.20652745]))
([4.739999999999933, 5.41999999999992, 2.9599999999999715, 2.929999999999972, 2.899999999999972, 2.9399999999999724, 5.299999999999919, 4.669999999999933], [np.float64(91.10561872501657), np.float64(88.91223340310856), np.float64(90.71833671645304), np.float64(93.50024122871368), np.float64(95.81809827154663), np.float64(92.98508699512746), np.float64(96.9046191516735), np.float64(95.9460679639583)], [5.099999999999934, 5.75999999999992, 3.2999999999999723, 3.2999999999999723, 3.2999999999999723, 3.2999999999999723, 5.75999999999992, 5.099999999999934])
(array([-12.20339269,  20.37092142,   2.56034973,  12.45147076,
        -9.41145025, -30.6491807 ,  -9.20272511,  38.08687376]), array([ 14.34617612,  -5.14573499,  39.11522967,  17.54758712,
       -27.97509474, -24.71702316,  38.1279265 , -36.47512571]), array([  1.68029023,   1.47491153,   0.38381179,   0.52446727,
         1.80081768,   1.01978062, 117.17888145, 102.20652745]))
([4.739999999999933, 5.309999999999922, 2.949999999999972, 2.899999999999973, 2.8699999999999726, 2.929999999999972, 5.209999999999922, 4.679999999999933], [np.float64(90.51064950605937), np.float64(88.91323131276276), np.float64(91.58511808824869), np.float64(95.44557693116344), np.float64(97.00959227491145), np.float64(93.70571730945984), np.float64(96.33916768974305), np.float64(95.28155145557497)], [5.089999999999934, 5.649999999999922, 3.2999999999999723, 3.2999999999999723, 3.2999999999999723, 3.2999999999999723, 5.649999999999922, 5.089999999999934])
(array([-12.20339269,  21.63976657,   0.20469383,  10.31520003,
        -7.59828284, -31.55672426,  -0.78226978,  37.66337442]), array([ 14.34617612,  -5.90309941,  39.32107148,  15.48292431,
       -28.96841114, -25.9836024 ,  28.74927968, -26.60177113]), array([  1.68029023,   1.47491153,   0.38381179,   0.52446727,
         1.80081768,   1.01978062, 117.17888145, 102.20652745]))
([4.86999999999993, 5.559999999999917, 2.949999999999972, 2.8699999999999726, 2.8299999999999725, 2.9199999999999724, 5.4599999999999165, 4.80999999999993], [np.float64(91.10624590769527), np.float64(88.91485427605467), np.float64(92.34667539107697), np.float64(97.00295392366762), np.float64(97.98636439513224), np.float64(94.30301494655689), np.float64(96.52933511005874), np.float64(95.35882659181453)], [5.219999999999931, 5.899999999999917, 3.2999999999999723, 3.2999999999999723, 3.2999999999999723, 3.2999999999999723, 5.899999999999917, 5.219999999999931])
(array([-12.20339269,  22.90856948,  -2.14622963,   8.17892933,
        -5.78513872, -32.46413202,   7.63818555,  37.23987508]), array([ 14.34617612,  -6.66043862,  39.52649977,  13.41826152,
       -29.96171477, -27.2499921 ,  19.37063286, -16.72841655]), array([  1.68029023,   1.47491153,   0.38381179,   0.52446727,
         1.80081768,   1.01978062, 117.17888145, 102.20652745]))
([4.979999999999928, 5.849999999999911, 2.939999999999973, 2.8199999999999728, 2.789999999999973, 2.9199999999999724, 5.7399999999999105, 4.929999999999928], [np.float64(91.93804256358118), np.float64(88.91619090052393), np.float64(92.99901930035605), np.float64(98.13356690190314), np.float64(98.63008792413532), np.float64(94.4656645180139), np.float64(96.76297818127179), np.float64(95.21262364934438)], [5.339999999999929, 6.189999999999911, 3.2999999999999723, 3.2999999999999723, 3.2999999999999723, 3.2999999999999723, 6.189999999999911, 5.339999999999929])
(array([-12.20339269,  24.17730969,  -4.47670368,   6.04265865,
        -3.97202998, -33.37135931,  16.05864088,  36.81637574]), array([ 14.34617612,  -7.4177404 ,  39.73014115,  11.35359876,
       -30.95499902, -28.51612995,   9.99198605,  -6.85506198]), array([  1.68029023,   1.47491153,   0.38381179,   0.52446727,
         1.80081768,   1.01978062, 117.17888145, 102.20652745]))
([5.069999999999927, 6.179999999999904, 2.929999999999973, 2.779999999999972, 2.7599999999999723, 2.9199999999999724, 6.049999999999903, 5.049999999999925], [np.float64(92.90840997150988), np.float64(88.91576311079311), np.float64(93.59150874365132), np.float64(98.85804623434947), np.float64(99.04353051175447), np.float64(94.69158560322002), np.float64(97.45244420036752), np.float64(94.70372766541391)], [5.4499999999999265, 6.519999999999904, 3.2999999999999723, 3.309999999999972, 3.309999999999972, 3.2999999999999723, 6.519999999999904, 5.4499999999999265])
(array([-12.20339269,  25.44595102,  -5.02014313,   3.906388  ,
        -2.15897879, -34.27833955,  24.47909621,  36.3928764 ]), array([ 14.34617612,  -8.17498317,  39.77762795,   9.28893603,
       -31.94825175, -29.78192301,   0.61333923,   3.0182926 ]), array([  1.68029023,   1.47491153,   0.38381179,   0.52446727,
         1.80081768,   1.01978062, 117.17888145, 102.20652745]))
([5.139999999999924, 6.529999999999896, 2.929999999999972, 2.729999999999972, 2.729999999999972, 2.919999999999973, 6.339999999999895, 5.139999999999924], [np.float64(93.89716395589299), np.float64(88.91535859030607), np.float64(93.96562268138818), np.float64(99.3010610466161), np.float64(99.29489592098535), np.float64(94.64471598856954), np.float64(98.62485471989717), np.float64(93.89528826148815)], [5.529999999999925, 6.869999999999896, 3.2999999999999723, 3.309999999999972, 3.309999999999972, 3.2999999999999723, 6.869999999999896, 5.529999999999925])
