(array([-36.20615156, -43.01173827,  32.85795717,   2.44917271,
       -44.78239181,  -7.8089285 , -43.71017126, -47.54504148]), array([-16.60174299,  45.79412647, -30.78814546,   1.49691784,
        -6.60348333,  44.44262745,  11.12018353,   4.13142923]), array([ 0.86256968,  0.33235783,  1.75696125,  1.7103343 ,  1.60674442,
        1.79946165, 90.60561272, 96.94037832]))
([5.849999999999911, 5.38999999999992, 2.899999999999973, 2.5599999999999725, 2.7199999999999727, 2.899999999999973, 4.949999999999921, 5.80999999999991], [88.91415550794413, 88.9392413273184, 95.4096647546992, 99.78294349403247, 99.32281223180485, 95.4804772181503, 99.78840599717279, 93.10892793990104], [6.189999999999911, 5.7299999999999205, 3.2999999999999723, 3.309999999999972, 3.309999999999972, 3.2999999999999723, 5.7299999999999205, 6.189999999999911])
(array([-34.41438389, -41.7807255 ,  29.66134958,  -0.83717558,
       -44.31458367,  -5.82283762, -31.54412992, -38.97460343]), array([-13.72719911,  42.90636429, -28.42901949,  -0.5065288 ,
        -8.70167765,  42.12483573,   3.78124827,   2.62021361]), array([ 0.86256968,  0.33235783,  1.75696125,  1.7103343 ,  1.60674442,
        1.79946165, 90.60561272, 96.94037832]))
([6.0999999999999055, 5.209999999999923, 2.889999999999972, 2.5499999999999723, 2.7199999999999727, 2.899999999999972, 4.799999999999923, 6.079999999999905], [88.9145864585057, 89.55208400476, 95.97731612819874, 99.80436106826848, 99.3424798251987, 95.57989175614779, 99.76098802402953, 91.33472913797036], [6.439999999999905, 5.559999999999924, 3.2999999999999723, 3.309999999999972, 3.309999999999972, 3.2999999999999723, 5.559999999999924, 6.439999999999905])
(array([-32.62261764, -40.54971385,  26.46474204,  -4.12348429,
       -43.84678604,  -3.83680009, -19.37808857, -35.02041001]), array([-10.85265751,  40.0186047 , -26.06989356,  -2.50995132,
       -10.79982487,  39.80710629,  -3.55768698,   1.92297517]), array([ 0.86256968,  0.33235783,  1.75696125,  1.7103343 ,  1.60674442,
        1.79946165, 90.60561272, 96.94037832]))
([6.259999999999902, 4.969999999999928, 2.8799999999999724, 2.5199999999999725, 2.719999999999972, 2.899999999999972, 4.629999999999929, 6.239999999999902], [88.91404069371175, 92.65726523242802, 96.53175180801512, 99.84541526118329, 99.34334793191127, 95.72797854424518, 99.67700318651173, 91.56571203134445], [6.599999999999902, 5.339999999999929, 3.2999999999999723, 3.309999999999972, 3.309999999999972, 3.2999999999999723, 5.339999999999929, 6.599999999999902])
(array([-30.83085307, -39.31870351,  23.26813457,  -7.40970253,
       -43.37900081,  -1.8508244 ,  -7.21204723, -47.61922196]), array([ -7.97811861,  37.13084822, -23.71076768,  -4.51331868,
       -12.89791645,  37.489449  , -10.89662224,  -5.84886352]), array([ 0.86256968,  0.33235783,  1.75696125,  1.7103343 ,  1.60674442,
        1.79946165, 90.60561272, 96.94037832]))
([6.099999999999905, 4.769999999999933, 2.859999999999973, 2.479999999999972, 2.7199999999999718, 2.8899999999999726, 4.469999999999933, 6.059999999999905], [88.91655291099588, 90.71074456808196, 97.13737913044005, 99.87811873122791, 99.34346358940142, 95.88299827735715, 99.5093505623841, 93.02528750017723], [6.449999999999905, 5.1199999999999335, 3.2999999999999723, 3.309999999999972, 3.309999999999972, 3.2999999999999723, 5.1199999999999335, 6.449999999999905])
(array([-29.0390905 , -38.08769478,  20.07152718, -10.69563193,
       -42.9112304 ,   0.13507908,   4.95399412, -36.05329218]), array([ -5.10358292,  34.24309551, -21.35164185,  -6.51650997,
       -14.9959416 ,  35.17187597, -18.23555749,   1.73077969]), array([ 0.86256968,  0.33235783,  1.75696125,  1.7103343 ,  1.60674442,
        1.79946165, 90.60561272, 96.94037832]))
([6.399999999999899, 4.569999999999937, 2.8399999999999723, 2.389999999999972, 2.6899999999999724, 2.899999999999973, 4.329999999999938, 6.3399999999998995], [88.9253654867439, 90.03872405757194, 97.74932436081971, 99.92533638276157, 99.53706663717999, 95.72629549958215, 99.18581020127758, 94.5118241513472], [6.739999999999899, 4.919999999999938, 3.2999999999999723, 3.319999999999972, 3.319999999999972, 3.2999999999999723, 4.919999999999938, 6.739999999999899])
(array([-27.24733035, -36.85668802,  16.87491987, -13.13020558,
       -42.44347785,   2.12089755,  17.12003546, -24.48736239]), array([ -2.22905111,  31.3553474 , -18.9925161 ,  -8.00069179,
       -17.0938866 ,  32.85440217, -25.57449274,   9.3104229 ]), array([ 0.86256968,  0.33235783,  1.75696125,  1.7103343 ,  1.60674442,
        1.79946165, 90.60561272, 96.94037832]))
([6.309999999999901, 4.389999999999942, 2.809999999999972, 2.2899999999999716, 2.669999999999972, 2.8999999999999724, 4.209999999999942, 6.269999999999901], [88.92405325397989, 89.49724794799043, 98.36679222749699, 99.94729955416747, 99.64121615526518, 95.43815101939097, 98.55111892077302, 93.32689262614437], [6.649999999999901, 4.729999999999942, 3.2999999999999723, 3.3299999999999716, 3.3299999999999716, 3.2999999999999723, 4.729999999999942, 6.649999999999901])
(array([-25.45557314, -35.62568371,  13.67831268, -16.41202308,
       -41.97574715,   4.10661494,  29.28607681, -18.71484145]), array([  0.64547597,  28.46760504, -16.63339042, -10.25760868,
       -19.19173364,  30.53704632, -32.913428  ,  13.09340015]), array([ 0.86256968,  0.33235783,  1.75696125,  1.7103343 ,  1.60674442,
        1.79946165, 90.60561272, 96.94037832]))
([6.209999999999903, 4.219999999999945, 2.759999999999973, 2.1799999999999717, 2.6199999999999712, 2.8999999999999724, 4.099999999999946, 6.189999999999903], [88.92663210205353, 89.9500650640339, 99.03652755840181, 99.959279840424, 99.78139121647295, 95.92746983935857, 97.49145262541923, 92.1974797825239], [6.559999999999903, 4.569999999999945, 3.309999999999972, 3.3399999999999714, 3.3399999999999714, 3.309999999999972, 4.569999999999945, 6.559999999999903])
(array([-23.66381959, -34.39468249,  10.48170562, -19.69247468,
       -41.50804352,   6.09221092,  41.45211815,  -3.11353153]), array([  3.5199972 ,  25.57986995, -14.27426484, -12.51358623,
       -21.28945923,  28.21983217, -40.25236325,  18.29289134]), array([ 0.86256968,  0.33235783,  1.75696125,  1.7103343 ,  1.60674442,
        1.79946165, 90.60561272, 96.94037832]))
([5.789999999999912, 4.069999999999948, 2.709999999999973, 2.0799999999999716, 2.549999999999971, 2.8799999999999724, 3.9999999999999494, 5.759999999999912], [88.91428775938739, 91.27789449366091, 99.41902170748013, 99.96406738513768, 99.87910705397971, 96.82521865524373, 95.79812140546771, 92.83642042690374], [6.139999999999912, 4.419999999999948, 3.309999999999972, 3.369999999999971, 3.369999999999971, 3.309999999999972, 4.419999999999948, 6.139999999999912])
(array([-21.87207062, -33.16368529,   7.28509872, -22.97045573,
       -41.04037402,   8.07765927,  48.57893647,  12.48777838]), array([  6.39451106,  22.69214428, -11.91513938, -14.76786477,
       -23.38703175,  25.90279029, -44.55148215,  23.49238254]), array([ 0.86256968,  0.33235783,  1.75696125,  1.7103343 ,  1.60674442,
        1.79946165, 90.60561272, 96.94037832]))
([5.379999999999921, 3.9999999999999494, 2.649999999999973, 1.99999999999997, 2.4399999999999706, 2.849999999999972, 3.969999999999951, 5.329999999999919], [88.91285075395199, 91.81939229050943, 99.64442011133518, 99.96573943140632, 99.93623355768491, 97.92692578954778, 94.11863768010087, 94.2710989426213], [5.7299999999999205, 4.35999999999995, 3.309999999999972, 3.40999999999997, 3.40999999999997, 3.309999999999972, 4.35999999999995, 5.7299999999999205])
(array([-20.08032755, -31.9326934 ,   4.08849203, -26.24325446,
       -40.57274838,  10.06292569,  47.23677843,  28.0890883 ]), array([  9.26901547,  19.80443106,  -9.55601407, -17.01857942,
       -25.48440753,  23.58596072, -34.50203939,  28.69187373]), array([ 0.86256968,  0.33235783,  1.75696125,  1.7103343 ,  1.60674442,
        1.79946165, 90.60561272, 96.94037832]))
([5.039999999999928, 4.129999999999947, 2.5699999999999728, 1.9399999999999684, 2.309999999999968, 2.7999999999999727, 4.0899999999999475, 4.959999999999927], [88.91200989371234, 90.15598824385867, 99.80050440606323, 99.96628146867396, 99.95984384576899, 98.82150165020526, 94.18393382659156, 95.33991777055914], [5.379999999999928, 4.479999999999947, 3.319999999999972, 3.4799999999999685, 3.4799999999999685, 3.319999999999972, 4.479999999999947, 5.379999999999928])
(array([-18.2885922 , -30.70170876,   0.89188559, -29.50209807,
       -40.10518043,  12.04796436,  45.89462039,  43.69039822]), array([ 12.14350749,  16.91673484,  -7.19688896, -19.25969708,
       -27.58152461,  21.26939695, -24.45259663,  33.89136493]), array([ 0.86256968,  0.33235783,  1.75696125,  1.7103343 ,  1.60674442,
        1.79946165, 90.60561272, 96.94037832]))
([4.7399999999999345, 4.259999999999944, 2.499999999999971, 1.869999999999966, 2.1699999999999657, 2.7499999999999725, 4.189999999999944, 4.669999999999935], [88.9134993655923, 88.963828673432, 99.8833264488324, 99.96643235737818, 99.9657722913516, 99.37266030490119, 95.38412538241737, 95.16492209859547], [5.079999999999934, 4.599999999999945, 3.3299999999999716, 3.599999999999966, 3.599999999999966, 3.3299999999999716, 4.599999999999945, 5.079999999999934])
(array([-16.49686727, -29.47073435,  -2.3047205 , -32.69784994,
       -39.63769043,  14.03271269,  44.55246235,  45.78477802]), array([ 15.0179828 ,  14.02906265,  -4.83776409, -21.45742635,
       -29.67829202,  18.95317201, -14.40315387,  34.58936461]), array([ 0.86256968,  0.33235783,  1.75696125,  1.7103343 ,  1.60674442,
        1.79946165, 90.60561272, 96.94037832]))
([4.749999999999934, 4.379999999999941, 2.449999999999972, 1.8299999999999625, 2.049999999999963, 2.6899999999999715, 4.299999999999942, 4.679999999999935], [88.91458212331673, 88.92121971502326, 99.90770388806529, 99.96645234128945, 99.96642166892877, 99.62820543616316, 95.31770070111253, 94.88319903380045], [5.089999999999934, 4.719999999999942, 3.3399999999999714, 3.7599999999999625, 3.7599999999999625, 3.3399999999999714, 4.719999999999942, 5.089999999999934])
(array([-14.70515685, -28.2397751 ,  -5.50132615, -33.22978949,
       -39.17030943,  16.01708291,  43.21030431,  33.93302384]), array([ 17.89243482,  11.141426  ,  -2.47863955, -21.82324296,
       -31.77457059,  16.63738833,  -4.35371111,  22.60464916]), array([ 0.86256968,  0.33235783,  1.75696125,  1.7103343 ,  1.60674442,
        1.79946165, 90.60561272, 96.94037832]))
([5.109999999999927, 4.479999999999939, 2.469999999999972, 1.8499999999999637, 2.0899999999999648, 2.6999999999999713, 4.439999999999939, 5.0299999999999265], [88.91439559830033, 88.93879376590617, 99.89732435364544, 99.96644939417047, 99.96635022677268, 99.6026725219143, 93.43816402058064, 95.42243664203187], [5.4499999999999265, 4.81999999999994, 3.3399999999999714, 3.6999999999999638, 3.6999999999999638, 3.3399999999999714, 4.81999999999994, 5.4499999999999265])
(array([-12.91346752, -27.00883964,  -8.69793119, -29.83606777,
       -38.70308737,  18.00094798,  41.86814627,  22.08126966]), array([ 20.76685301,   8.25384515,  -0.11951547, -21.99509106,
       -33.8701363 ,  14.32219416,   5.69573165,  10.6199337 ]), array([ 0.86256968,  0.33235783,  1.75696125,  1.7103343 ,  1.60674442,
        1.79946165, 90.60561272, 96.94037832]))
([5.43999999999992, 4.559999999999937, 2.5199999999999716, 1.9199999999999673, 2.2699999999999667, 2.769999999999972, 4.529999999999938, 5.339999999999919], [88.91469754655894, 89.11528160323046, 99.86269141444748, 99.966381346037, 99.96333226095128, 99.22176124199915, 91.99476792527342, 96.36265782092391], [5.779999999999919, 4.899999999999938, 3.3299999999999716, 3.539999999999967, 3.539999999999967, 3.3299999999999716, 4.899999999999938, 5.779999999999919])
(array([-11.1218105 , -25.77794466, -11.89453534, -26.44234654,
       -38.23611002,  19.98411703,  40.52598822,  10.22951548]), array([ 23.64121936,   5.36635927,   2.23960797, -22.16693914,
       -35.9646044 ,  12.00781226,  15.7451744 ,  -1.36478175]), array([ 0.86256968,  0.33235783,  1.75696125,  1.7103343 ,  1.60674442,
        1.79946165, 90.60561272, 96.94037832]))
([5.549999999999917, 4.579999999999936, 2.5599999999999725, 1.9999999999999691, 2.4599999999999698, 2.8299999999999725, 4.579999999999937, 5.429999999999917], [88.91337720475026, 90.41828039857658, 99.816492151626, 99.96591661886457, 99.94046915836546, 98.47292254098062, 89.90131484473225, 96.96930733251122], [5.889999999999917, 4.9299999999999375, 3.319999999999972, 3.449999999999969, 3.449999999999969, 3.319999999999972, 4.9299999999999375, 5.889999999999917])
(array([ -9.33020668, -24.54712712, -15.09113819, -23.0486259 ,
       -37.76953793,  21.96628961,  39.18383018,  -1.6222387 ]), array([ 26.51550038,   2.47905505,   4.59873043, -22.33878719,
       -38.05725486,   9.69459324,  25.79461716, -13.3494972 ]), array([ 0.86256968,  0.33235783,  1.75696125,  1.7103343 ,  1.60674442,
        1.79946165, 90.60561272, 96.94037832]))
([5.319999999999922, 4.569999999999937, 2.6099999999999723, 2.139999999999971, 2.5799999999999703, 2.859999999999973, 4.579999999999937, 5.209999999999922], [88.91423668702733, 90.07876632927008, 99.73825088488174, 99.96288181077254, 99.86984518405005, 97.67558300590589, 88.96049532398457, 96.98241303039794], [5.659999999999922, 4.919999999999938, 3.309999999999972, 3.3899999999999704, 3.3899999999999704, 3.309999999999972, 4.919999999999938, 5.659999999999922])
(array([ -7.53869971, -23.31648771, -18.28773896, -19.65490596,
       -37.30370932,  23.94696446,  38.03535343, -13.47399288]), array([ 29.389626  ,  -0.4078313 ,   6.95785137, -22.5106352 ,
       -40.14657069,   7.3831221 ,  34.39386633, -25.33421266]), array([ 0.86256968,  0.33235783,  1.75696125,  1.7103343 ,  1.60674442,
        1.79946165, 90.60561272, 96.94037832]))
([4.95999999999993, 4.529999999999938, 2.6599999999999726, 2.2899999999999707, 2.6299999999999715, 2.869999999999972, 4.529999999999938, 4.85999999999993], [88.91272413293859, 89.27290262852063, 99.60759515577226, 99.94976589776411, 99.76643030256626, 97.21846264135874, 88.92925141156498, 96.58156502427666], [5.29999999999993, 4.869999999999939, 3.309999999999972, 3.359999999999971, 3.359999999999971, 3.309999999999972, 4.869999999999939, 5.29999999999993])
(array([ -5.74739841, -22.08642382, -21.48433611, -16.26118684,
       -36.83947345,  25.92523965,  31.74425254, -20.16004273]), array([ 32.26342167,  -3.29336757,   9.31696964, -22.68248317,
       -42.22874283,   5.07445139,  28.34511274, -32.09527129]), array([ 0.86256968,  0.33235783,  1.75696125,  1.7103343 ,  1.60674442,
        1.79946165, 90.60561272, 96.94037832]))
([4.7399999999999345, 4.679999999999936, 2.709999999999973, 2.3899999999999713, 2.6399999999999717, 2.8599999999999723, 4.679999999999935, 4.639999999999934], [88.91430954365869, 88.92306704424763, 99.37324165891219, 99.927765268645, 99.71696749678924, 97.38834311280205, 89.48936339822325, 96.42224415270437], [5.079999999999934, 5.019999999999936, 3.309999999999972, 3.3399999999999714, 3.3399999999999714, 3.309999999999972, 5.019999999999936, 5.079999999999934])
(array([ -3.95666558, -21.20693399, -24.68092617, -12.86746872,
       -36.37967435,  27.89931833,  25.45315166, -22.68316384]), array([ 35.13630536,  -5.35651227,  11.67608267, -22.85433109,
       -44.29101534,   2.77067806,  22.29635915, -18.820333  ]), array([ 0.86256968,  0.33235783,  1.75696125,  1.7103343 ,  1.60674442,
        1.79946165, 90.60561272, 96.94037832]))
([4.919999999999931, 4.859999999999932, 2.759999999999972, 2.379999999999972, 2.629999999999972, 2.8499999999999726, 4.849999999999931, 4.779999999999931], [88.91455788927611, 88.92147277264839, 99.01548455316549, 99.92755542807352, 99.70352692118686, 97.52170629742912, 90.39520789991185, 97.75905187940619], [5.2599999999999305, 5.199999999999932, 3.2999999999999723, 3.319999999999972, 3.319999999999972, 3.2999999999999723, 5.199999999999932, 5.2599999999999305])
(array([ -2.16873565, -20.42270942, -27.87749911,  -9.4737518 ,
       -35.94110781,  29.86506204,  19.16205077, -25.20628495]), array([ 38.00469231,  -4.61564118,  14.03518306, -23.02617895,
       -46.25805646,   0.47663173,  16.24760555,  -5.54539471]), array([ 0.86256968,  0.33235783,  1.75696125,  1.7103343 ,  1.60674442,
        1.79946165, 90.60561272, 96.94037832]))
([5.099999999999927, 5.099999999999926, 2.799999999999972, 2.3599999999999715, 2.6199999999999717, 2.8399999999999728, 5.0799999999999255, 4.889999999999927], [88.91600722382566, 88.91835247302559, 98.48615116175658, 99.93115245477895, 99.70988993924962, 97.74339667648341, 91.38954149369359, 98.8502108031407], [5.439999999999927, 5.439999999999927, 3.2999999999999723, 3.319999999999972, 3.319999999999972, 3.2999999999999723, 5.439999999999927, 5.439999999999927])
(array([ -2.00934632, -19.63848877, -31.07401095,  -6.08003639,
       -35.90666026,  31.8105572 ,  12.87094989, -26.91599723]), array([ 38.26040158,  -3.8747738 ,  16.39423837, -23.19802674,
       -46.41255922,  -1.79378429,  10.19885196,   3.44994241]), array([ 0.86256968,  0.33235783,  1.75696125,  1.7103343 ,  1.60674442,
        1.79946165, 90.60561272, 96.94037832]))
([5.259999999999923, 5.35999999999992, 2.8399999999999723, 2.349999999999972, 2.6299999999999724, 2.829999999999972, 5.3099999999999214, 4.979999999999922], [88.95070474666691, 88.92028571272415, 97.61817456730827, 99.93220822010912, 99.69870410429876, 97.93579927715335, 94.2107858237146, 99.39146820308544], [5.599999999999923, 5.709999999999921, 3.2999999999999723, 3.309999999999972, 3.309999999999972, 3.2999999999999723, 5.709999999999921, 5.599999999999923])
(array([ -1.55888754, -18.85427222, -32.76402467,  -2.68632286,
       -33.65822506,  33.68536991,   6.579849  , -14.36666888]), array([ 36.94372148,  -3.1339103 ,  17.64148412, -23.36987443,
       -46.26970373,  -3.98171307,   4.15009837,   9.93764266]), array([ 0.86256968,  0.33235783,  1.75696125,  1.7103343 ,  1.60674442,
        1.79946165, 90.60561272, 96.94037832]))
([5.639999999999914, 5.659999999999914, 2.879999999999973, 2.309999999999972, 2.6299999999999732, 2.8299999999999725, 5.549999999999914, 5.249999999999916], [88.96149998510315, 88.91849127703203, 96.3911310695783, 99.94167762260402, 99.68095157404441, 97.92820245128205, 97.02938025069349, 99.7170992408227], [5.979999999999915, 6.0099999999999145, 3.2999999999999723, 3.309999999999972, 3.309999999999972, 3.2999999999999723, 6.0099999999999145, 5.979999999999915])
(array([ -1.10843658, -18.07005996, -31.55774995,   0.70738825,
       -31.40980819,  34.60759127,   0.28874812,  -1.81734053]), array([ 35.62706424,  -2.39305084,  17.646528  , -23.54172199,
       -46.12684941,  -5.05795637,  -1.89865522,  16.4253429 ]), array([ 0.86256968,  0.33235783,  1.75696125,  1.7103343 ,  1.60674442,
        1.79946165, 90.60561272, 96.94037832]))
([6.0099999999999065, 5.969999999999907, 2.899999999999973, 2.299999999999972, 2.6599999999999726, 2.829999999999972, 5.779999999999907, 5.519999999999907], [89.12860137322268, 88.95441326924386, 95.42475035215186, 99.94436572150089, 99.60358590170134, 97.92413884102903, 98.68358897168773, 99.84128347765075], [6.359999999999907, 6.319999999999908, 3.2999999999999723, 3.309999999999972, 3.309999999999972, 3.2999999999999723, 6.319999999999908, 6.359999999999907])
(array([ -0.65799479, -17.28585218, -30.35147725,   4.1010962 ,
       -29.16141173,  34.12100813,  -6.00235277,  10.73198782]), array([ 34.3104338 ,  -1.65219562,  17.65157187, -23.7135694 ,
       -45.98399638,  -6.44051191,  -7.94740882,  22.91304315]), array([ 0.86256968,  0.33235783,  1.75696125,  1.7103343 ,  1.60674442,
        1.79946165, 90.60561272, 96.94037832]))
([6.1099999999999035, 6.199999999999902, 2.919999999999973, 2.319999999999972, 2.7099999999999715, 2.819999999999972, 5.959999999999903, 5.609999999999905], [91.51537476094248, 89.78157214236407, 94.2316977305594, 99.93989266767896, 99.39631466798235, 98.1309142788373, 99.15526951184708, 99.86670695344226], [6.4799999999999045, 6.549999999999903, 3.2999999999999723, 3.309999999999972, 3.309999999999972, 3.2999999999999723, 6.549999999999903, 6.4799999999999045])
(array([ -0.20756384, -16.50164909, -29.14520681,   7.4947999 ,
       -26.91303806,  33.63442942, -12.29345365,  23.28131617]), array([ 32.99383505,  -0.91134483,  17.65661573, -23.88541659,
       -45.8411448 ,  -7.82305489, -13.99616241,  29.4007434 ]), array([ 0.86256968,  0.33235783,  1.75696125,  1.7103343 ,  1.60674442,
        1.79946165, 90.60561272, 96.94037832]))
([5.79999999999991, 6.169999999999902, 2.939999999999973, 2.3799999999999724, 2.7699999999999725, 2.809999999999972, 5.919999999999903, 5.389999999999911], [93.58507743484488, 90.15363784888854, 93.1455369245982, 99.92378972863503, 98.98977897606679, 98.44911756728735, 99.15465257624501, 99.80359610380359], [6.189999999999911, 6.519999999999904, 3.2999999999999723, 3.309999999999972, 3.309999999999972, 3.2999999999999723, 6.519999999999904, 6.189999999999911])
(array([  0.24285416, -15.7174509 , -27.93893888,  10.88849769,
       -24.66468999,  33.14785558, -18.58455454,  35.83064452]), array([ 31.67727416,  -0.17049868,  17.66165958, -24.05726348,
       -45.69829484,  -9.20558402, -20.044916  ,  35.88844364]), array([ 0.86256968,  0.33235783,  1.75696125,  1.7103343 ,  1.60674442,
        1.79946165, 90.60561272, 96.94037832]))
([5.4099999999999175, 5.899999999999909, 2.949999999999973, 2.459999999999972, 2.8299999999999716, 2.7799999999999727, 5.67999999999991, 5.099999999999918], [94.14694503471064, 89.68928427870158, 92.02965777453358, 99.88999276239163, 98.1386813013021, 98.75074965969198, 98.89591009029303, 99.6303268025506], [5.799999999999919, 6.249999999999909, 3.2999999999999723, 3.309999999999972, 3.309999999999972, 3.2999999999999723, 6.249999999999909, 5.799999999999919])
(array([  0.69325651, -14.93325786, -26.73267377,  14.28218692,
       -22.41637076,  32.66128715, -24.87565542,  46.24569475]), array([ 30.36075901,   0.57034262,  17.66670342, -24.22910994,
       -45.55544672, -10.58809779, -26.09366959,  41.27277355]), array([ 0.86256968,  0.33235783,  1.75696125,  1.7103343 ,  1.60674442,
        1.79946165, 90.60561272, 96.94037832]))
([5.109999999999925, 5.5899999999999155, 2.959999999999972, 2.5099999999999727, 2.8799999999999724, 2.769999999999972, 5.409999999999915, 4.879999999999925], [94.03693945103213, 89.23194666639966, 90.77461605088669, 99.85307032925591, 96.65687941764672, 98.96664137177756, 98.44432426464526, 99.34499526572209], [5.499999999999925, 5.929999999999916, 3.2999999999999723, 3.309999999999972, 3.309999999999972, 3.2999999999999723, 5.929999999999916, 5.499999999999925])
(array([  1.14363971, -14.1490702 , -25.52641184,  17.67586308,
       -20.1680842 ,  32.17472473, -31.16675631,  41.38111834]), array([ 29.04429982,   1.31117883,  17.67174725, -24.40095574,
       -45.41260067, -11.97059448, -32.14242319,  34.78212277]), array([ 0.86256968,  0.33235783,  1.75696125,  1.7103343 ,  1.60674442,
        1.79946165, 90.60561272, 96.94037832]))
([5.299999999999922, 5.299999999999922, 2.969999999999972, 2.5499999999999727, 2.929999999999972, 2.7499999999999725, 5.149999999999921, 5.02999999999992], [91.77013115614928, 89.26869902205368, 89.73219984060823, 99.81257334317118, 94.23634221334746, 99.13955724774594, 97.7780288558447, 99.37985781039204], [5.659999999999922, 5.639999999999922, 3.2999999999999723, 3.309999999999972, 3.309999999999972, 3.2999999999999723, 5.639999999999922, 5.659999999999922])
(array([  1.59399915, -13.3648882 , -24.32015352,  21.06951785,
       -17.91983487,  31.68816902, -37.45785719,  36.51654192]), array([ 27.7279101 ,   2.0520097 ,  17.67679106, -24.57280045,
       -45.26975699, -13.3530721 , -38.19117678,  28.29147199]), array([ 0.86256968,  0.33235783,  1.75696125,  1.7103343 ,  1.60674442,
        1.79946165, 90.60561272, 96.94037832]))
([5.479999999999917, 5.029999999999927, 2.9699999999999718, 2.579999999999973, 2.959999999999972, 2.729999999999972, 4.929999999999928, 5.189999999999917], [90.54255739102108, 90.06076008747522, 89.10368302347081, 99.76527404103848, 91.30126344485707, 99.26573893278452, 96.88011412290373, 99.3988495580614], [5.829999999999918, 5.379999999999928, 3.2999999999999723, 3.309999999999972, 3.309999999999972, 3.2999999999999723, 5.379999999999928, 5.829999999999918])
(array([  2.04432859, -12.58071214, -23.1138993 ,  24.46313398,
       -15.67162818,  31.20162084, -38.80880095,  31.65196551]), array([ 26.41160808,   2.79283495,  17.68183485, -24.74464321,
       -45.12691602, -14.73552834, -39.49007916,  21.8008212 ]), array([ 0.86256968,  0.33235783,  1.75696125,  1.7103343 ,  1.60674442,
        1.79946165, 90.60561272, 96.94037832]))
([5.629999999999915, 4.949999999999928, 2.9699999999999718, 2.609999999999973, 2.9699999999999718, 2.709999999999973, 4.869999999999929, 5.339999999999914], [89.95569325052263, 91.00120911937678, 88.92592002125659, 99.7171821380825, 89.32682122532695, 99.36026774596174, 96.31544435210891, 99.39678648426286], [5.979999999999915, 5.309999999999929, 3.2999999999999723, 3.309999999999972, 3.309999999999972, 3.2999999999999723, 5.309999999999929, 5.979999999999915])
(array([  2.49461939, -11.79654231, -21.90764978,  27.8566691 ,
       -13.42347067,  30.71508113, -31.10970958,  26.78738909]), array([ 25.09541897,   3.53365432,  17.68687863, -24.91648186,
       -44.98407817, -16.1179605 , -35.48342335,  15.31017042]), array([ 0.86256968,  0.33235783,  1.75696125,  1.7103343 ,  1.60674442,
        1.79946165, 90.60561272, 96.94037832]))
([5.759999999999912, 5.119999999999925, 2.969999999999972, 2.6299999999999724, 2.9799999999999716, 2.699999999999973, 5.029999999999926, 5.479999999999911], [89.5800694370786, 90.93915525577803, 88.91264952809202, 99.66196131369779, 88.92580307543447, 99.43782240679336, 96.37981476190309, 99.36476715133196], [6.109999999999912, 5.469999999999926, 3.2999999999999723, 3.309999999999972, 3.309999999999972, 3.2999999999999723, 5.469999999999926, 6.109999999999912])
(array([  2.94485929, -11.01237904, -20.70140568,  31.24998543,
       -11.17537029,  30.22855101, -23.41061821,  21.92281268]), array([ 23.77937865,   4.27446748,  17.69192238, -25.08830944,
       -44.84124396, -17.5003654 , -31.47676754,   8.81951964]), array([ 0.86256968,  0.33235783,  1.75696125,  1.7103343 ,  1.60674442,
        1.79946165, 90.60561272, 96.94037832]))
([5.82999999999991, 5.279999999999921, 2.969999999999972, 2.6599999999999726, 2.9799999999999716, 2.679999999999972, 5.189999999999922, 5.55999999999991], [89.31315403540594, 90.54718289519207, 88.91251209455022, 99.58031619162759, 88.91326886350546, 99.49957199520239, 96.32935990924155, 99.28645336060265], [6.179999999999911, 5.629999999999923, 3.2999999999999723, 3.309999999999972, 3.309999999999972, 3.2999999999999723, 5.629999999999923, 6.179999999999911])
(array([  3.3950302 , -10.22822268, -19.49516788,  34.64228409,
        -8.92733678,  29.74203181, -15.71152684,  17.05823626]), array([ 22.46353999,   5.01527413,  17.6969661 , -25.26008548,
       -44.69841399, -18.88273929, -27.47011172,   2.32886885]), array([ 0.86256968,  0.33235783,  1.75696125,  1.7103343 ,  1.60674442,
        1.79946165, 90.60561272, 96.94037832]))
([5.82999999999991, 5.439999999999919, 2.969999999999972, 2.6899999999999724, 2.9799999999999716, 2.6699999999999724, 5.349999999999918, 5.57999999999991], [89.14214698235706, 89.82101256421649, 88.91248846274452, 99.4673081641514, 88.91317354795419, 99.54924942506072, 96.14055477810818, 99.13968320759776], [6.169999999999911, 5.779999999999919, 3.2999999999999723, 3.309999999999972, 3.309999999999972, 3.2999999999999723, 5.779999999999919, 6.169999999999911])
(array([  3.84510435,  -9.4440736 , -18.28893746,  35.16685288,
        -6.67938225,  29.2555251 ,  -8.01243547,  12.19365985]), array([ 21.14798417,   5.7560739 ,  17.7020098 , -25.2866481 ,
       -44.55558904, -20.26507769, -23.46345591,  -4.16178193]), array([ 0.86256968,  0.33235783,  1.75696125,  1.7103343 ,  1.60674442,
        1.79946165, 90.60561272, 96.94037832]))
([5.749999999999912, 5.559999999999916, 2.969999999999972, 2.699999999999972, 2.9799999999999716, 2.669999999999973, 5.479999999999915, 5.5199999999999125], [88.99134685565113, 89.07252806031335, 88.91245532438798, 99.42948424740483, 88.91357761928023, 99.55624940729777, 95.77313164214067, 98.89253494826424], [6.089999999999913, 5.909999999999917, 3.2999999999999723, 3.309999999999972, 3.309999999999972, 3.2999999999999723, 5.909999999999917, 6.089999999999913])
(array([  4.2950368 ,  -8.65993219, -17.08271573,  33.69025207,
        -4.43152189,  28.76903277,  -0.3133441 ,   7.32908343]), array([ 19.83284251,   6.49686642,  17.70705345, -22.71576176,
       -44.41277007, -21.64737521, -19.4568001 , -10.65243272]), array([ 0.86256968,  0.33235783,  1.75696125,  1.7103343 ,  1.60674442,
        1.79946165, 90.60561272, 96.94037832]))
([5.619999999999916, 5.6299999999999155, 2.969999999999972, 2.7099999999999724, 2.9799999999999716, 2.679999999999972, 5.559999999999914, 5.4299999999999145], [88.91530394944537, 88.91272437763568, 88.91242569109244, 99.40688648741106, 88.91404103505593, 99.51975778390434, 95.25410989669608, 98.51260356219785], [5.959999999999916, 5.979999999999915, 3.2999999999999723, 3.309999999999972, 3.309999999999972, 3.2999999999999723, 5.979999999999915, 5.959999999999916])
(array([  4.74474988,  -7.87579887, -15.87650439,  32.21367237,
        -2.18377507,  28.28255714,   7.38574727,   2.46450701]), array([ 18.5183421 ,   7.23765129,  17.71209707, -20.14491218,
       -44.26995832, -23.02962532, -15.45014428, -17.1430835 ]), array([ 0.86256968,  0.33235783,  1.75696125,  1.7103343 ,  1.60674442,
        1.79946165, 90.60561272, 96.94037832]))
([5.459999999999919, 5.6299999999999155, 2.969999999999972, 2.7199999999999727, 2.9799999999999716, 2.689999999999973, 5.569999999999914, 5.299999999999918], [88.91468670781958, 88.91428836543498, 88.9124030702229, 99.33960281248106, 88.91451767606667, 99.4703715079661, 94.54734160900259, 97.97852176813316], [5.799999999999919, 5.969999999999915, 3.2999999999999723, 3.309999999999972, 3.309999999999972, 3.2999999999999723, 5.969999999999915, 5.799999999999919])
(array([  5.19409688,  -7.09167411, -14.67030556,  30.73711672,
         0.06383313,  27.796101  ,  15.08483864,  -2.4000694 ]), array([ 17.2049117 ,   7.97842808,  17.71714063, -17.57410445,
       -44.12715537, -24.41182001, -11.44348847, -23.63373428]), array([ 0.86256968,  0.33235783,  1.75696125,  1.7103343 ,  1.60674442,
        1.79946165, 90.60561272, 96.94037832]))
([5.299999999999922, 5.559999999999917, 2.969999999999972, 2.7399999999999727, 2.9799999999999716, 2.699999999999972, 5.509999999999915, 5.169999999999922], [88.94396001170487, 88.91469712511552, 88.91238742119324, 99.21189821895835, 88.91555754419322, 99.40999067047068, 93.60733811234054, 97.27757386157768], [5.639999999999922, 5.899999999999917, 3.2999999999999723, 3.309999999999972, 3.309999999999972, 3.2999999999999723, 5.899999999999917, 5.639999999999922])
(array([  5.64276469,  -6.3075584 , -13.464122  ,  29.26058862,
         2.31126971,  27.30966787,  22.78393001,  -7.18593259]), array([ 15.89346655,   8.71919632,  17.72218413, -15.00334469,
       -43.98436333, -25.79394936,  -7.43683266, -30.0193605 ]), array([ 0.86256968,  0.33235783,  1.75696125,  1.7103343 ,  1.60674442,
        1.79946165, 90.60561272, 96.94037832]))
([5.139999999999925, 5.42999999999992, 2.9699999999999718, 2.769999999999972, 2.9799999999999716, 2.719999999999972, 5.399999999999919, 5.039999999999925], [89.06015480073629, 88.91594208165202, 88.93548357122751, 99.0073064962261, 89.37802362171588, 99.334259088019, 92.45297700133864, 96.44458847440639], [5.479999999999926, 5.76999999999992, 3.2999999999999723, 3.309999999999972, 3.309999999999972, 3.2999999999999723, 5.76999999999992, 5.479999999999926])
(array([  6.08995081,  -5.52345227, -12.25795735,  27.78409229,
         4.55849027,  26.82326209,  30.48302138, -13.80941007]), array([ 14.58635236,   9.45995551,  17.72722754, -12.43264026,
       -43.84158501, -27.17600096,  -3.43017684, -17.59334577]), array([ 0.86256968,  0.33235783,  1.75696125,  1.7103343 ,  1.60674442,
        1.79946165, 90.60561272, 96.94037832]))
([5.39999999999992, 5.279999999999922, 2.9699999999999718, 2.7999999999999723, 2.9599999999999715, 2.729999999999972, 5.259999999999922, 5.28999999999992], [88.99373139200148, 88.9841444670494, 89.44414684964137, 98.63344179513746, 92.08623518973657, 99.2214812492301, 91.20937695361478, 96.66311733160536], [5.73999999999992, 5.619999999999923, 3.2999999999999723, 3.309999999999972, 3.309999999999972, 3.2999999999999723, 5.619999999999923, 5.73999999999992])
(array([  6.53286481,  -4.73935629, -11.0518165 ,  26.30763287,
         6.80543368,  26.33688924,  38.18211275, -20.43288755]), array([ 13.2917255 ,  10.20070511,  17.73227086,  -9.86200009,
       -43.6988243 , -28.55795903,   0.57647897,  -5.16733104]), array([ 0.86256968,  0.33235783,  1.75696125,  1.7103343 ,  1.60674442,
        1.79946165, 90.60561272, 96.94037832]))
([5.549999999999917, 5.109999999999926, 2.9599999999999724, 2.839999999999972, 2.9199999999999724, 2.749999999999972, 5.109999999999926, 5.439999999999917], [88.99861362480405, 89.60773835419253, 90.53784433261858, 97.94747852479175, 95.1992251447777, 99.07246949534631, 90.11815819378855, 96.69327492019755], [5.889999999999917, 5.459999999999926, 3.2999999999999723, 3.309999999999972, 3.309999999999972, 3.2999999999999723, 5.459999999999926, 5.889999999999917])
(array([  6.94992413,  -3.95527109,  -9.84570619,  24.83121667,
         9.05201341,  25.85055647,  44.09274391, -27.05636503]), array([ 12.07267119,  10.94144453,  17.73731406,  -7.29143517,
       -43.5560867 , -29.93980319,   3.65240878,   7.25868369]), array([ 0.86256968,  0.33235783,  1.75696125,  1.7103343 ,  1.60674442,
        1.79946165, 90.60561272, 96.94037832]))
([5.499999999999918, 4.989999999999928, 2.9599999999999724, 2.879999999999972, 2.869999999999972, 2.769999999999972, 4.989999999999928, 5.399999999999918], [89.01923400684531, 90.05162142520398, 90.95695617132958, 96.76853789894788, 97.1453566979337, 98.85892060524253, 89.44314505527427, 96.26447337366633], [5.839999999999918, 5.339999999999929, 3.2999999999999723, 3.309999999999972, 3.309999999999972, 3.2999999999999723, 5.339999999999929, 5.839999999999918])
(array([  5.66912996,  -3.17119734,  -8.63963596,  23.35485151,
        11.29810281,  25.3642732 ,  40.5341472 , -33.6798425 ]), array([ 11.24926491,  11.68217313,  17.74235708,  -4.7209591 ,
       -43.41338025, -31.32150672,  18.05545609,  19.68469842]), array([ 0.86256968,  0.33235783,  1.75696125,  1.7103343 ,  1.60674442,
        1.79946165, 90.60561272, 96.94037832]))
([5.329999999999921, 5.109999999999926, 2.959999999999972, 2.9199999999999724, 2.829999999999972, 2.7899999999999725, 5.109999999999927, 5.2699999999999205], [89.35110659469649, 89.8931622651898, 90.56048284337231, 94.89248692175055, 98.12496172843109, 98.6064679619931, 89.1952601243788, 94.80074414332876], [5.669999999999922, 5.4499999999999265, 3.2999999999999723, 3.309999999999972, 3.309999999999972, 3.2999999999999723, 5.4499999999999265, 5.669999999999922])
(array([  4.38834392,  -2.38713576,  -7.43361976,  21.87854721,
        13.5435089 ,  24.87805201,  38.70069364, -34.52579307]), array([ 10.42586386,  12.42289023,  17.74739988,  -2.15058901,
       -43.27071721, -32.70303386,  25.47616728,  21.27174906]), array([ 0.86256968,  0.33235783,  1.75696125,  1.7103343 ,  1.60674442,
        1.79946165, 90.60561272, 96.94037832]))
([5.329999999999921, 5.129999999999925, 2.9699999999999718, 2.9499999999999718, 2.7999999999999727, 2.8199999999999728, 5.139999999999926, 5.2699999999999205], [89.48873992265742, 90.13160324769734, 89.62837926778543, 92.44090636934924, 98.55579832816647, 98.20086020062111, 89.01149970398183, 93.9392928762187], [5.669999999999922, 5.479999999999926, 3.2999999999999723, 3.309999999999972, 3.309999999999972, 3.2999999999999723, 5.479999999999926, 5.669999999999922])
(array([  3.10756695,  -1.60308716,  -6.22767889,  20.40231631,
        15.78792264,  24.39191015,  48.34110782, -25.08549079]), array([  9.60246864,  13.16359507,  17.75244236,   0.41965329,
       -43.12811723, -34.08433557,  26.61034989,  14.0737879 ]), array([ 0.86256968,  0.33235783,  1.75696125,  1.7103343 ,  1.60674442,
        1.79946165, 90.60561272, 96.94037832]))
([5.679999999999914, 4.87999999999993, 2.9699999999999718, 2.9699999999999713, 2.7999999999999723, 2.859999999999973, 4.919999999999931, 5.629999999999913], [89.09782985763256, 93.23890544634904, 89.04056196280496, 90.12207818548943, 98.54730665593137, 97.33101361409985, 88.92295551392252, 93.67551451792252], [6.029999999999914, 5.2599999999999305, 3.2999999999999723, 3.309999999999972, 3.309999999999972, 3.2999999999999723, 5.2599999999999305, 6.029999999999914])
(array([  1.82680016,  -0.81905238,  -5.02184749,  18.92617503,
        18.03081673,  23.90587191,  46.15620745, -15.64518851]), array([  8.77907996,  13.90428685,  17.75748439,   2.98973956,
       -42.9856138 , -35.46534289,  13.47852673,   6.87582673]), array([ 0.86256968,  0.33235783,  1.75696125,  1.7103343 ,  1.60674442,
        1.79946165, 90.60561272, 96.94037832]))
([6.079999999999905, 4.989999999999927, 2.969999999999972, 2.9799999999999716, 2.8299999999999725, 2.879999999999973, 5.039999999999928, 6.029999999999905], [89.15533283857755, 93.52280439981061, 88.91643322821547, 89.0024355282438, 98.07135188333147, 96.41360852013418, 88.91505242130174, 93.41606210596032], [6.419999999999906, 5.379999999999928, 3.2999999999999723, 3.309999999999972, 3.309999999999972, 3.2999999999999723, 5.379999999999928, 6.419999999999906])
(array([ 5.46044817e-01, -3.50323857e-02, -3.81618392e+00,  1.74501447e+01,
        2.02712135e+01,  2.34199726e+01,  4.39713071e+01, -6.20488623e+00]), array([  7.95569865,  14.64496467,  17.76252571,   5.55963261,
       -42.84326903, -36.84595558,   0.34670358,  -0.32213443]), array([ 0.86256968,  0.33235783,  1.75696125,  1.7103343 ,  1.60674442,
        1.79946165, 90.60561272, 96.94037832]))
([6.3599999999999, 5.019999999999927, 2.969999999999972, 2.9799999999999716, 2.8699999999999717, 2.9099999999999726, 5.059999999999928, 6.319999999999899], [89.1310648470191, 93.26344507601617, 88.91246366408639, 88.9127383326149, 97.00895557103321, 94.81751989679161, 88.91299278669682, 92.71631306036498], [6.6999999999999, 5.3999999999999275, 3.2999999999999723, 3.309999999999972, 3.309999999999972, 3.2999999999999723, 5.3999999999999275, 6.6999999999999])
(array([-0.73469756,  0.74897181, -2.61079677, 15.97425413, 22.50708084,
       22.93426536, 41.7864067 ,  3.23541605]), array([  7.13232567,  15.38562756,  17.76756588,   8.12928241,
       -42.70121205, -38.22602225, -12.78511958,  -7.52009559]), array([ 0.86256968,  0.33235783,  1.75696125,  1.7103343 ,  1.60674442,
        1.79946165, 90.60561272, 96.94037832]))
([6.169999999999904, 4.929999999999929, 2.969999999999972, 2.979999999999972, 2.9099999999999726, 2.949999999999972, 4.96999999999993, 6.139999999999903], [88.93832765499818, 92.70884472595792, 88.91249217078574, 88.91194149372676, 95.10688369693992, 92.39118580760821, 88.91382151412508, 91.97815066423769], [6.509999999999904, 5.309999999999929, 3.2999999999999723, 3.2999999999999723, 3.2999999999999723, 3.2999999999999723, 5.309999999999929, 6.509999999999904])
(array([-2.0154252 ,  1.53295907, -1.4059132 , 14.49854283, 24.73342742,
       22.44883471, 41.22270058, 12.67571833]), array([  6.30896216,  16.12627445,  17.77260394,  10.69862004,
       -42.55975997, -39.60530317, -16.17314094, -14.71805675]), array([ 0.86256968,  0.33235783,  1.75696125,  1.7103343 ,  1.60674442,
        1.79946165, 90.60561272, 96.94037832]))
([5.779999999999912, 4.91999999999993, 2.969999999999972, 2.969999999999972, 2.9499999999999718, 2.9699999999999718, 4.92999999999993, 5.759999999999911], [88.91482764636511, 90.88456207366833, 88.912523172087, 88.91196506215205, 92.4473176946713, 90.17653132382006, 88.91360187683381, 91.75085635520065], [6.119999999999912, 5.26999999999993, 3.2999999999999723, 3.2999999999999723, 3.2999999999999723, 3.2999999999999723, 5.26999999999993, 6.119999999999912])
(array([-3.29613598,  2.31692816, -0.20209876, 13.02306686, 26.93421791,
       21.96382249, 40.58587386, 22.11602061]), array([  5.4856095 ,  16.86690418,  17.77763753,  13.26754794,
       -42.41993161, -40.98339522, -25.90537972, -21.91601792]), array([ 0.86256968,  0.33235783,  1.75696125,  1.7103343 ,  1.60674442,
        1.79946165, 90.60561272, 96.94037832]))
([5.40999999999992, 4.7899999999999325, 2.969999999999972, 2.969999999999972, 2.9699999999999713, 2.9699999999999718, 4.789999999999933, 5.389999999999919], [88.91376292352588, 88.9738582447557, 88.91255476548793, 88.9123102481379, 89.98970024376837, 88.98628713592811, 88.91469075333376, 91.92941286824376], [5.74999999999992, 5.129999999999933, 3.2999999999999723, 3.2999999999999723, 3.2999999999999723, 3.2999999999999723, 5.129999999999933, 5.74999999999992])
(array([-4.57682735,  3.10087773,  0.99876677, 11.54790829, 29.02429697,
       21.47948658, 40.32366796, 26.59228717]), array([  4.66226931,  17.60751546,  17.78265879,  15.83592323,
       -42.28713736, -42.35956558, -29.91251453, -25.32904347]), array([ 0.86256968,  0.33235783,  1.75696125,  1.7103343 ,  1.60674442,
        1.79946165, 90.60561272, 96.94037832]))
([5.249999999999924, 4.729999999999935, 2.969999999999972, 2.969999999999972, 2.9699999999999718, 2.969999999999972, 4.729999999999935, 5.209999999999923], [88.91464492632518, 88.91319366483943, 88.91268962789792, 88.91272338212066, 88.99177056421236, 88.91275618919227, 88.9127854018339, 92.8003037414664], [5.5899999999999235, 5.069999999999935, 3.2999999999999723, 3.2999999999999723, 3.2999999999999723, 3.2999999999999723, 5.069999999999935, 5.5899999999999235])
(array([-5.85749621,  3.88480626,  2.18533727, 10.07319222, 29.40109568,
       20.99634806, 25.29072176, 37.98044738]), array([  3.8389436 ,  18.34810687,  17.78762028,  18.40352809,
       -42.26319726, -43.73233375, -32.8264092 , -20.29068488]), array([ 0.86256968,  0.33235783,  1.75696125,  1.7103343 ,  1.60674442,
        1.79946165, 90.60561272, 96.94037832]))
([5.079999999999927, 4.829999999999933, 2.969999999999972, 2.969999999999972, 2.969999999999972, 2.969999999999972, 4.829999999999933, 5.029999999999926], [88.91469744758975, 88.91394360497273, 88.91414567970402, 88.9143817277444, 88.91290615116544, 88.91261814157525, 88.9139340559626, 93.61312515802199], [5.419999999999927, 5.169999999999932, 3.2999999999999723, 3.2999999999999723, 3.2999999999999723, 3.2999999999999723, 5.169999999999932, 5.419999999999927])
(array([-7.13813878,  4.66871212,  2.3008614 ,  8.59911913, 27.30173609,
       20.51563152, 10.25777555, 38.0978755 ]), array([  3.01563478,  19.08867686,  17.78810333,  20.97001347,
       -42.37138011, -45.09822022, -35.74030387, -20.23873225]), array([ 0.86256968,  0.33235783,  1.75696125,  1.7103343 ,  1.60674442,
        1.79946165, 90.60561272, 96.94037832]))
([5.059999999999928, 4.839999999999932, 2.969999999999972, 2.969999999999972, 2.969999999999972, 2.969999999999972, 4.839999999999932, 4.999999999999926], [88.91470441461323, 88.91595775461437, 88.91268409007472, 88.91273881417669, 88.91271986725636, 88.91265765286633, 88.91463547932564, 94.53884567171563], [5.3999999999999275, 5.179999999999932, 3.2999999999999723, 3.2999999999999723, 3.2999999999999723, 3.2999999999999723, 5.179999999999932, 5.3999999999999275])
(array([-8.41875038,  5.45259346, -0.24494551,  7.12603136, 25.20253958,
       20.04097581, -4.77517065, 27.81768922]), array([  2.19234588,  19.82922368,  17.10432355,  23.53478331,
       -42.47955455, -46.44688573, -38.65419854, -23.94105107]), array([ 0.86256968,  0.33235783,  1.75696125,  1.7103343 ,  1.60674442,
        1.79946165, 90.60561272, 96.94037832]))
([5.2099999999999245, 4.749999999999933, 2.969999999999972, 2.969999999999972, 2.969999999999972, 2.969999999999972, 4.749999999999934, 5.139999999999923], [88.91334652033026, 88.98669943994297, 88.9126905783577, 88.91276098388136, 88.91771182740281, 88.92232285474333, 88.91361950638809, 95.01738426331056], [5.549999999999924, 5.089999999999934, 3.2999999999999723, 3.2999999999999723, 3.2999999999999723, 3.2999999999999723, 5.089999999999934, 5.549999999999924])
(array([ -9.69932514,   6.23644824,  -2.79069951,   5.65456443,
        23.10354007,  19.58864643, -19.80811685,  17.53750295]), array([  1.36908066,  20.56974542,  16.42055799,  26.09673114,
       -42.58771885, -47.73211419, -41.56809321, -27.64336989]), array([ 0.86256968,  0.33235783,  1.75696125,  1.7103343 ,  1.60674442,
        1.79946165, 90.60561272, 96.94037832]))
([5.339999999999922, 4.579999999999937, 2.969999999999972, 2.969999999999972, 2.9699999999999718, 2.9699999999999718, 4.589999999999938, 5.26999999999992], [88.9125664345699, 89.82437800125788, 88.91271941252107, 88.91279409195066, 89.04082327433923, 89.14763663435146, 88.91268721215896, 95.3738431360149], [5.689999999999921, 4.9299999999999375, 3.2999999999999723, 3.2999999999999723, 3.2999999999999723, 3.2999999999999723, 4.9299999999999375, 5.689999999999921])
(array([-10.97985561,   7.02027419,  -5.33638433,   4.18604143,
        21.00478152,  19.41178216, -23.38620542,   7.25731667]), array([  0.54584391,  21.31023992,  15.73681101,  28.65355334,
       -42.69587073, -48.23464841, -42.26164809, -31.34568872]), array([ 0.86256968,  0.33235783,  1.75696125,  1.7103343 ,  1.60674442,
        1.79946165, 90.60561272, 96.94037832]))
([5.42999999999992, 4.519999999999937, 2.969999999999972, 2.969999999999972, 2.9699999999999718, 2.9699999999999713, 4.529999999999939, 5.349999999999918], [88.91452916607156, 90.07494204941429, 88.91273278584623, 88.91281786698933, 89.65197497617838, 90.02383318130524, 88.92998134672061, 95.52320033126838], [5.76999999999992, 4.869999999999939, 3.2999999999999723, 3.2999999999999723, 3.2999999999999723, 3.2999999999999723, 4.869999999999939, 5.76999999999992])
(array([-12.26033221,   7.80406878,  -7.88197624,   2.72372083,
        18.90632206,  20.99985974, -19.56088674,  -3.0228696 ]), array([ -0.27735821,  22.05070479,  15.05308897,  31.19957664,
       -42.80400719, -45.11358467, -28.92206837, -35.04800754]), array([ 0.86256968,  0.33235783,  1.75696125,  1.7103343 ,  1.60674442,
        1.79946165, 90.60561272, 96.94037832]))
([5.449999999999919, 4.779999999999933, 2.969999999999972, 2.969999999999972, 2.959999999999972, 2.9499999999999718, 4.769999999999933, 5.379999999999918], [88.9133718231419, 88.9496199990244, 88.91269085625322, 88.91283478496418, 90.80842232709583, 91.7727180641903, 89.67243375069944, 95.14692998953504], [5.789999999999919, 5.1199999999999335, 3.2999999999999723, 3.2999999999999723, 3.2999999999999723, 3.2999999999999723, 5.1199999999999335, 5.789999999999919])
(array([-13.54074235,   8.58782917, -10.42743933,   1.27812036,
        16.80824007,  22.58793595, -15.73556806, -13.30305588]), array([ -1.10051759,  22.79113735,  14.36940155,  33.71648877,
       -42.9121242 , -41.99252364, -15.58248865, -38.75032637]), array([ 0.86256968,  0.33235783,  1.75696125,  1.7103343 ,  1.60674442,
        1.79946165, 90.60561272, 96.94037832]))
([5.39999999999992, 5.079999999999926, 2.969999999999972, 2.969999999999972, 2.9499999999999713, 2.9299999999999717, 5.039999999999926, 5.349999999999919], [88.91226013769769, 88.93693254816368, 88.91265036810736, 88.91284672508598, 92.04662623257087, 93.75247311806942, 92.52365382652765, 94.31050141063983], [5.74999999999992, 5.419999999999927, 3.2999999999999723, 3.2999999999999723, 3.2999999999999723, 3.2999999999999723, 5.419999999999927, 5.74999999999992])
(array([-14.82106921,   9.37155215, -12.97271642,  -0.09429673,
        14.71064388,  24.17601051, -11.91024938, -23.58324215]), array([ -1.92362344,  23.53153458,  13.68576408,  36.1059825 ,
       -43.02021618, -38.87146585,  -2.24290894, -42.45264519]), array([ 0.86256968,  0.33235783,  1.75696125,  1.7103343 ,  1.60674442,
        1.79946165, 90.60561272, 96.94037832]))
([5.299999999999922, 5.42999999999992, 2.969999999999972, 2.969999999999972, 2.939999999999972, 2.899999999999973, 5.339999999999918, 5.249999999999923], [89.22387114268376, 88.93679143196115, 88.93753079744356, 88.914698667877, 93.21236166046269, 95.5035191648847, 95.83537939750542, 93.56969604511309], [5.639999999999922, 5.76999999999992, 3.2999999999999723, 3.2999999999999723, 3.2999999999999723, 3.2999999999999723, 5.76999999999992, 5.639999999999922])
(array([-16.10128978,  10.15523413, -15.51771081,  -0.32535072,
        12.61368751,  25.76408308,  -8.0849307 , -30.27468841]), array([ -2.74666096,  24.27189306,  13.00220254,  36.50826695,
       -43.12827519, -35.75041195,  11.09667078, -44.86251081]), array([ 0.86256968,  0.33235783,  1.75696125,  1.7103343 ,  1.60674442,
        1.79946165, 90.60561272, 96.94037832]))
([5.189999999999923, 5.809999999999912, 2.9699999999999713, 2.9699999999999718, 2.9199999999999724, 2.8799999999999724, 5.689999999999911, 5.149999999999923], [92.72314537903526, 89.00436174484338, 89.78368930813873, 89.1135854761799, 94.09846282689531, 96.41321950711205, 97.12872980443099, 94.86207123747235], [5.559999999999924, 6.1499999999999115, 3.2999999999999723, 3.2999999999999723, 3.2999999999999723, 3.2999999999999723, 6.1499999999999115, 5.559999999999924])
(array([-17.38137171,  10.93887102, -18.062245  ,  -1.98748531,
        10.51759754,  27.35215323,  -4.25961202, -32.64083547]), array([ -3.56960935,  25.01220895,  12.3187646 ,  34.2740639 ,
       -43.23628955, -32.62936282,  24.4362505 , -30.11484844]), array([ 0.86256968,  0.33235783,  1.75696125,  1.7103343 ,  1.60674442,
        1.79946165, 90.60561272, 96.94037832]))
([5.569999999999915, 6.099999999999905, 2.949999999999972, 2.959999999999972, 2.9199999999999724, 2.889999999999972, 5.969999999999905, 5.519999999999915], [94.15825133012493, 90.10905150638301, 92.06562694792724, 90.37264821597415, 94.1041864854679, 95.8619942877943, 97.57344302941635, 96.1753120614973], [5.959999999999916, 6.449999999999905, 3.2999999999999723, 3.2999999999999723, 3.2999999999999723, 3.2999999999999723, 6.449999999999905, 5.959999999999916])
(array([-18.66126811,  11.72245816, -20.6059548 ,  -3.64961771,
         8.42272127,  28.94022038,  -2.23677672, -35.00698253]), array([ -4.39243846,  25.75247784,  11.63554809,  32.03986378,
       -43.34424137, -29.5083196 ,  31.49024393, -15.36718608]), array([ 0.86256968,  0.33235783,  1.75696125,  1.7103343 ,  1.60674442,
        1.79946165, 90.60561272, 96.94037832]))
([5.949999999999908, 6.099999999999904, 2.9199999999999724, 2.9399999999999724, 2.919999999999972, 2.8999999999999724, 5.959999999999904, 5.879999999999907], [93.49560818064798, 91.16619135356927, 94.39457749678303, 92.54508768772625, 94.11937121877402, 95.34796520262057, 97.90181389757709, 96.9798206885581], [6.3399999999999075, 6.459999999999905, 3.2999999999999723, 3.2999999999999723, 3.2999999999999723, 3.2999999999999723, 6.459999999999905, 6.3399999999999075])
(array([-19.94090827,  12.50599026, -23.14796004,  -5.3117474 ,
         6.32961896,  30.52828375,  12.13936447, -37.37312959]), array([ -5.21510284,  26.49269473,  10.9527894 ,  29.80566731,
       -43.45210178, -26.38728381,  20.45268134,  -0.61952371]), array([ 0.86256968,  0.33235783,  1.75696125,  1.7103343 ,  1.60674442,
        1.79946165, 90.60561272, 96.94037832]))
([5.999999999999905, 6.499999999999895, 2.8899999999999726, 2.919999999999973, 2.929999999999972, 2.9099999999999726, 6.3199999999998955, 5.929999999999906], [94.59073620575947, 93.69364126947066, 96.14668436955502, 94.7312853530849, 93.36500923049775, 94.86655189765163, 98.81715010355002, 97.18426050815687], [6.399999999999906, 6.879999999999896, 3.2999999999999723, 3.2999999999999723, 3.2999999999999723, 3.2999999999999723, 6.879999999999896, 6.399999999999906])
(array([-21.22018047,  13.28946122, -25.68548319,  -6.9738737 ,
         4.23925502,  32.11634225,  13.45643533, -39.1795209 ]), array([ -6.03753066,  27.23285386,  10.27123457,  27.57147539,
       -43.55982107, -23.26625756,  19.44147452,  10.63930698]), array([ 0.86256968,  0.33235783,  1.75696125,  1.7103343 ,  1.60674442,
        1.79946165, 90.60561272, 96.94037832]))
([5.7799999999999105, 6.419999999999897, 2.859999999999973, 2.879999999999973, 2.939999999999972, 2.9199999999999724, 6.199999999999896, 5.709999999999911], [93.35428487531978, 92.63425551600193, 97.24184171022627, 96.44973525486, 93.2546975748934, 94.3041937198224, 99.17046812106854, 96.85731310301561], [6.159999999999911, 6.799999999999898, 3.2999999999999723, 3.2999999999999723, 3.2999999999999723, 3.2999999999999723, 6.799999999999898, 6.159999999999911])
(array([-22.49889734,  14.07286403, -28.20365292,  -8.63599566,
         2.1534373 ,  33.70439438,  -3.55069432, -36.51838232]), array([ -6.85960146,  27.97294861,   9.59487788,  25.33728931,
       -43.66730609, -20.14524386,  14.23513215,  -3.85449108]), array([ 0.86256968,  0.33235783,  1.75696125,  1.7103343 ,  1.60674442,
        1.79946165, 90.60561272, 96.94037832]))
([6.1999999999999025, 5.79999999999991, 2.8399999999999723, 2.8399999999999723, 2.9299999999999726, 2.9299999999999726, 5.559999999999911, 6.069999999999902], [89.81833835386564, 91.39580986334663, 97.8137779960077, 97.66622552463244, 93.53783668229092, 93.59316079869564, 99.15033507965943, 97.45052612964854], [6.549999999999903, 6.159999999999911, 3.2999999999999723, 3.2999999999999723, 3.2999999999999723, 3.2999999999999723, 6.159999999999911, 6.549999999999903])
(array([-23.77671919,  14.85619055, -28.79657957, -10.29811195,
         0.07597532,  35.29243789,  -8.80180618, -33.85724373]), array([ -7.68109687,  28.7129713 ,   9.43562336,  23.10311084,
       -43.77436052, -17.02424708,  12.62762479, -18.34828914]), array([ 0.86256968,  0.33235783,  1.75696125,  1.7103343 ,  1.60674442,
        1.79946165, 90.60561272, 96.94037832]))
([6.189999999999903, 5.569999999999915, 2.8199999999999723, 2.8099999999999725, 2.9399999999999724, 2.949999999999972, 5.309999999999915, 6.059999999999903], [89.47704617789142, 91.30735625098635, 98.29841151558719, 98.45946934957821, 92.6997829798922, 92.25643785702604, 99.32693475330083, 97.30356433957597], [6.539999999999903, 5.929999999999916, 3.2999999999999723, 3.2999999999999723, 3.2999999999999723, 3.2999999999999723, 5.929999999999916, 6.539999999999903])
(array([-25.05296161,  15.63943131, -27.88392951, -11.96022065,
        -1.98361519,  36.88046937,  -8.81537928, -32.74528851]), array([ -8.50157689,  29.45291295,   8.86053625,  20.86894258,
       -43.88049402, -13.90327396,   3.84890083, -24.40451427]), array([ 0.86256968,  0.33235783,  1.75696125,  1.7103343 ,  1.60674442,
        1.79946165, 90.60561272, 96.94037832]))
([6.069999999999905, 5.34999999999992, 2.789999999999973, 2.7699999999999725, 2.959999999999972, 2.9599999999999724, 5.06999999999992, 5.969999999999906], [89.02756486111811, 91.07565519427583, 98.7006991534411, 98.8791465846771, 91.21213939813344, 90.76357438971418, 99.44114083177791, 96.49476684466055], [6.419999999999906, 5.709999999999921, 3.2999999999999723, 3.2999999999999723, 3.2999999999999723, 3.2999999999999723, 5.709999999999921, 6.419999999999906])
(array([-26.32601849,  16.42257519, -26.97128033, -13.62231882,
        -3.99426235,  38.46848333,  -8.82895238, -24.46837361]), array([ -9.32000896,  30.19276309,   8.2854497 ,  18.63478848,
       -43.9841054 , -10.78233526,  -4.92982314, -12.37687433]), array([ 0.86256968,  0.33235783,  1.75696125,  1.7103343 ,  1.60674442,
        1.79946165, 90.60561272, 96.94037832]))
([6.689999999999893, 5.089999999999925, 2.769999999999972, 2.749999999999972, 2.969999999999972, 2.9699999999999718, 4.8299999999999255, 6.559999999999892], [88.91501225793637, 93.78494224439488, 98.90584307352155, 99.07088749319682, 89.9439790461278, 89.60032957651198, 99.49470648067354, 97.24854575843176], [7.029999999999893, 5.479999999999926, 3.2999999999999723, 3.2999999999999723, 3.2999999999999723, 3.2999999999999723, 5.479999999999926, 7.029999999999893])
(array([-27.59109664,  17.20560907, -26.05863207, -15.28440182,
        -5.79549081,  40.05647036,  -8.83175629, -16.19145871]), array([-10.13331161,  30.9325093 ,   7.71036373,  16.40065476,
       -44.07692514,  -7.66144949,  -6.74331686,  -0.3492344 ]), array([ 0.86256968,  0.33235783,  1.75696125,  1.7103343 ,  1.60674442,
        1.79946165, 90.60561272, 96.94037832]))
([6.179999999999904, 5.059999999999926, 2.7599999999999727, 2.739999999999972, 2.969999999999972, 2.9699999999999718, 4.729999999999928, 6.079999999999904], [88.91458788642306, 90.41019800269447, 99.03703057177357, 99.17762359745124, 89.19375888847499, 89.04203149069863, 99.606902589056, 96.29372303254958], [6.519999999999904, 5.409999999999927, 3.2999999999999723, 3.2999999999999723, 3.2999999999999723, 3.2999999999999723, 5.409999999999927, 6.519999999999904])
(array([-28.82597248,  17.98851736, -25.14598477, -16.94646182,
        -6.03814372,  41.64441284, -27.16081783,  -7.9145438 ]), array([-10.92719757,  31.67213688,   7.13527837,  14.16655195,
       -44.08942938,  -4.54065126,  -7.1160254 ,  11.67840554]), array([ 0.86256968,  0.33235783,  1.75696125,  1.7103343 ,  1.60674442,
        1.79946165, 90.60561272, 96.94037832]))
([5.609999999999916, 4.739999999999934, 2.739999999999973, 2.7399999999999722, 2.9699999999999718, 2.969999999999972, 4.479999999999934, 5.579999999999915], [88.91433707890741, 89.79761394564181, 99.14891055731565, 99.18376810336362, 88.93075298357508, 88.91753518441128, 99.3106166661643, 92.60112315833926], [5.949999999999916, 5.079999999999934, 3.2999999999999723, 3.2999999999999723, 3.2999999999999723, 3.2999999999999723, 5.079999999999934, 5.949999999999916])
(array([-29.30819627,  18.77128139, -24.23333848, -18.60848449,
        -4.91322878,  43.23227369, -32.59169625,   0.3623711 ]), array([-11.23721312,  32.41162816,   6.56019364,  11.93249934,
       -43.33053168,  -1.42001348,  -7.22645849,  23.70604547]), array([ 0.86256968,  0.33235783,  1.75696125,  1.7103343 ,  1.60674442,
        1.79946165, 90.60561272, 96.94037832]))
([5.179999999999925, 4.629999999999937, 2.729999999999973, 2.7199999999999727, 2.969999999999972, 2.969999999999972, 4.459999999999937, 5.1699999999999235], [88.9132153636075, 89.01496427240072, 99.20902758149217, 99.28183238637133, 88.91229340428892, 88.91272013625941, 98.33778262248597, 90.90926456270074], [5.519999999999925, 4.969999999999937, 3.2999999999999723, 3.2999999999999723, 3.2999999999999723, 3.2999999999999723, 4.969999999999937, 5.519999999999925])
(array([-28.91418594,  19.5538786 , -23.32069323, -20.27044054,
        -3.78841324,  44.81995938, -14.80508812,   8.639286  ]), array([ -7.64998781,  33.15096184,   5.98510957,   9.69853627,
       -42.57170103,   1.70028007,   1.08237441,  35.73368541]), array([ 0.86256968,  0.33235783,  1.75696125,  1.7103343 ,  1.60674442,
        1.79946165, 90.60561272, 96.94037832]))
([4.909999999999931, 5.039999999999928, 2.729999999999973, 2.6899999999999733, 2.969999999999972, 2.969999999999972, 4.939999999999927, 4.899999999999929], [88.91481693993359, 88.91391016066741, 99.26554858542623, 99.45689406869744, 88.91204140463012, 88.91272637312574, 96.7533973676268, 90.17234246957321], [5.249999999999931, 5.379999999999928, 3.2999999999999723, 3.2999999999999723, 3.2999999999999723, 3.2999999999999723, 5.379999999999928, 5.249999999999931])
(array([-28.52019769,  20.33628148, -22.40804908, -21.93225963,
        -2.66371119,  46.40715138,   2.98152001,   8.93083842]), array([ -4.0629636 ,  33.89011194,   5.41002618,   7.46475729,
       -41.81294694,   4.81960336,   9.39120731,  36.15735625]), array([ 0.86256968,  0.33235783,  1.75696125,  1.7103343 ,  1.60674442,
        1.79946165, 90.60561272, 96.94037832]))
([4.969999999999929, 5.539999999999917, 2.709999999999973, 2.679999999999973, 2.969999999999972, 2.969999999999972, 5.369999999999917, 4.969999999999929], [88.987079210981, 88.91520346386895, 99.33711913861212, 99.53470220751647, 88.91175928312455, 88.9127371922736, 98.36799257066846, 89.02662411967958], [5.309999999999929, 5.879999999999917, 3.2999999999999723, 3.2999999999999723, 3.2999999999999723, 3.2999999999999723, 5.879999999999917, 5.309999999999929])
(array([-28.12623933,  21.11845613, -21.49540607, -23.59372175,
        -1.53913952,  47.99177915,  20.76812814,   0.89639618]), array([ -0.47621146,  34.62904643,   4.83494352,   5.23145815,
       -41.05428082,   7.93388714,  17.70004021,  44.05801208]), array([ 0.86256968,  0.33235783,  1.75696125,  1.7103343 ,  1.60674442,
        1.79946165, 90.60561272, 96.94037832]))
([4.989999999999927, 6.029999999999906, 2.699999999999972, 2.669999999999973, 2.979999999999972, 2.969999999999972, 5.699999999999905, 5.009999999999929], [90.9625710704505, 88.96911706601634, 99.4063397776745, 99.5910371559334, 88.91193644624227, 88.9127506570074, 99.59671151921836, 88.91365551017054], [5.349999999999929, 6.379999999999907, 3.2999999999999723, 3.2999999999999723, 3.2999999999999723, 3.2999999999999723, 6.379999999999907, 5.349999999999929])
(array([-27.7323228 ,  21.90036036, -20.58276426, -25.25366395,
        -0.41471866,  48.04896109,  38.55473627,  -2.83123184]), array([  3.1101598 ,  35.36772544,   4.25986162,   3.00020205,
       -40.29571643,   8.04626735,  26.00887311,  47.72356909]), array([ 0.86256968,  0.33235783,  1.75696125,  1.7103343 ,  1.60674442,
        1.79946165, 90.60561272, 96.94037832]))
([5.039999999999926, 5.939999999999908, 2.689999999999972, 2.659999999999973, 2.979999999999972, 2.969999999999972, 5.569999999999908, 5.049999999999928], [91.07481066322724, 89.36326281218251, 99.43729536125907, 99.60233524795687, 88.9122539629115, 88.91273561637188, 99.6798167310816, 88.91198051320012], [5.3999999999999275, 6.2899999999999086, 3.2999999999999723, 3.2999999999999723, 3.2999999999999723, 3.2999999999999723, 6.2899999999999086, 5.3999999999999275])
(array([-27.33846739,  22.68194089, -19.67012371, -25.68875601,
         0.7095265 ,  44.28063844,  40.08078579,   1.02846508]), array([  6.6959746 ,  36.10609865,   3.6847805 ,   2.41536132,
       -39.53727058,   8.86944355,  26.72175161,  37.69724626]), array([ 0.86256968,  0.33235783,  1.75696125,  1.7103343 ,  1.60674442,
        1.79946165, 90.60561272, 96.94037832]))
([5.279999999999922, 5.909999999999909, 2.6799999999999726, 2.679999999999973, 2.979999999999972, 2.969999999999972, 5.5899999999999075, 5.279999999999923], [89.99866650356786, 89.43205364929737, 99.48573103442394, 99.55986494915177, 88.91234190873463, 88.91261062200006, 99.56353633809827, 88.9132983734052], [5.619999999999923, 6.259999999999909, 3.2999999999999723, 3.2999999999999723, 3.2999999999999723, 3.2999999999999723, 6.259999999999909, 5.619999999999923])
(array([-26.94470634,  23.46312958, -18.75748447, -25.75045548,
         1.83356526,  40.51231799,  30.28541813,   4.888162  ]), array([ 10.28093038,  36.84410168,   3.10970021,   3.49938753,
       -38.77896397,   9.69261927,  20.8823666 ,  27.67092343]), array([ 0.86256968,  0.33235783,  1.75696125,  1.7103343 ,  1.60674442,
        1.79946165, 90.60561272, 96.94037832]))
([5.439999999999919, 6.019999999999906, 2.669999999999973, 2.6999999999999726, 2.979999999999972, 2.969999999999972, 5.679999999999906, 5.43999999999992], [89.30144962381978, 89.0866331835835, 99.52880700279393, 99.44637698049715, 88.91211896558607, 88.91237177608159, 99.59231310929717, 88.9128037339892], [5.789999999999919, 6.359999999999907, 3.2999999999999723, 3.2999999999999723, 3.2999999999999723, 3.2999999999999723, 6.359999999999907, 5.789999999999919])
(array([-26.55110214,  24.24383782, -17.84484661, -25.81215464,
         2.95735935,  36.74400004,  20.49005047,   8.74785892]), array([ 13.86445802,  37.58165082,   2.53462079,   4.58340839,
       -38.02082241,  10.51579444,  15.04298158,  17.6446006 ]), array([ 0.86256968,  0.33235783,  1.75696125,  1.7103343 ,  1.60674442,
        1.79946165, 90.60561272, 96.94037832]))
([5.469999999999918, 5.799999999999912, 2.6599999999999726, 2.729999999999972, 2.979999999999972, 2.969999999999972, 5.469999999999911, 5.469999999999918], [88.91458186352173, 88.91537601622927, 99.57118974839764, 99.29381056259012, 88.91207462315582, 88.91206146724618, 99.54285850332332, 89.08030221094097], [5.809999999999919, 6.139999999999912, 3.2999999999999723, 3.2999999999999723, 3.2999999999999723, 3.2999999999999723, 6.139999999999912, 5.809999999999919])
(array([-26.15778758,  25.02394829, -16.93221019, -25.87385347,
         4.08086047,  32.97568498,  10.6946828 ,  12.60755584]), array([ 17.44534877,  38.31863524,   1.95954229,   5.66742328,
       -37.26287851,  11.33896898,   9.20359657,   7.61827777]), array([ 0.86256968,  0.33235783,  1.75696125,  1.7103343 ,  1.60674442,
        1.79946165, 90.60561272, 96.94037832]))
([5.339999999999922, 5.459999999999919, 2.6499999999999724, 2.749999999999972, 2.979999999999972, 2.979999999999972, 5.179999999999918, 5.32999999999992], [88.91457169128714, 88.91451923260274, 99.60474836324533, 99.10949977790952, 88.91576509576318, 88.92752797379347, 99.35698588656126, 90.0782357266593], [5.679999999999922, 5.799999999999919, 3.2999999999999723, 3.2999999999999723, 3.2999999999999723, 3.2999999999999723, 5.799999999999919, 5.679999999999922])
(array([-25.76510088,  25.80330248, -16.01957529, -25.93555191,
         5.20400671,  29.20737323,   0.89931514,  16.46725276]), array([ 21.02052316,  39.05490519,   1.38446474,   6.75143149,
       -36.50517402,  12.1621428 ,   3.36421155,  -2.40804507]), array([ 0.86256968,  0.33235783,  1.75696125,  1.7103343 ,  1.60674442,
        1.79946165, 90.60561272, 96.94037832]))
([5.119999999999926, 5.129999999999926, 2.6399999999999726, 2.769999999999972, 2.9699999999999718, 2.979999999999971, 4.899999999999925, 5.099999999999926], [88.91410680830487, 88.91465706228506, 99.63225243053938, 98.9101515464697, 88.9488126070786, 89.18166506594777, 99.01910106765636, 91.33820681691954], [5.459999999999926, 5.469999999999926, 3.309999999999972, 3.2999999999999723, 3.2999999999999723, 3.309999999999972, 5.469999999999926, 5.459999999999926])
(array([-25.37421163,  26.58168095, -15.106942  , -25.99724992,
         6.32671751,  25.43906535,  -6.44746357,  20.32694969]), array([ 24.57933289,  39.79025336,   0.80938819,   7.83543219,
       -35.74776328,  12.98531577,  -1.01547802, -12.4343679 ]), array([ 0.86256968,  0.33235783,  1.75696125,  1.7103343 ,  1.60674442,
        1.79946165, 90.60561272, 96.94037832]))
([4.8799999999999315, 4.899999999999931, 2.629999999999973, 2.789999999999972, 2.9699999999999718, 2.9699999999999718, 4.69999999999993, 4.84999999999993], [88.91409846876833, 88.91447550605854, 99.67505271431509, 98.66294975073122, 89.07689342057814, 90.39609443873915, 98.68424666619822, 92.17924946192323], [5.219999999999931, 5.239999999999931, 3.309999999999972, 3.2999999999999723, 3.2999999999999723, 3.309999999999972, 5.239999999999931, 5.219999999999931])
(array([-24.99281721,  27.35877142, -14.19431038, -26.05894746,
         7.44888604,  21.67076201,  -9.37990525,  23.62003958]), array([ 28.05169797,  40.52438472,   0.23431271,   8.91942439,
       -34.99071838,  13.80848775,   6.49408411, -20.98881739]), array([ 0.86256968,  0.33235783,  1.75696125,  1.7103343 ,  1.60674442,
        1.79946165, 90.60561272, 96.94037832]))
([4.679999999999936, 4.95999999999993, 2.6099999999999723, 2.8099999999999725, 2.969999999999972, 2.9499999999999718, 4.739999999999929, 4.649999999999935], [88.91479531068346, 88.914692766878, 99.73710538396773, 98.35987879668225, 89.35230336386434, 92.78944031482949, 98.86176724855544, 92.57245255032328], [5.019999999999936, 5.29999999999993, 3.309999999999972, 3.2999999999999723, 3.2999999999999723, 3.309999999999972, 5.29999999999993, 5.019999999999936])
(array([-24.99206967,  28.13411459, -13.28168053, -26.12064444,
         8.5703676 ,  17.90246403, -12.31234692,   7.39630915]), array([ 28.0585038 ,  41.25686539,  -0.34076166,  10.00340695,
       -34.23413693,  14.63165856,  14.00364624, -12.32362178]), array([ 0.86256968,  0.33235783,  1.75696125,  1.7103343 ,  1.60674442,
        1.79946165, 90.60561272, 96.94037832]))
([5.039999999999928, 4.989999999999929, 2.5699999999999728, 2.8199999999999723, 2.969999999999972, 2.9199999999999724, 4.749999999999929, 4.999999999999927], [88.9146175013671, 88.91441079858562, 99.79591126235724, 98.17565329156244, 89.74873606743674, 95.43845958648627, 99.10275473468924, 93.0059234515902], [5.379999999999928, 5.329999999999929, 3.319999999999972, 3.2999999999999723, 3.2999999999999723, 3.319999999999972, 5.329999999999929, 5.379999999999928])
(array([-25.669768  ,  28.90700806, -12.36905255, -26.1823408 ,
         9.69096137,  14.13417245, -15.24478859,  -8.82742128]), array([ 25.56332956,  41.98703177,  -0.91583485,  11.08737849,
       -33.4781544 ,  15.45482798,  21.51320836,  -3.65842617]), array([ 0.86256968,  0.33235783,  1.75696125,  1.7103343 ,  1.60674442,
        1.79946165, 90.60561272, 96.94037832]))
([5.519999999999918, 4.989999999999928, 2.539999999999972, 2.8399999999999723, 2.9699999999999718, 2.8699999999999717, 4.719999999999929, 5.489999999999918], [88.91464824457725, 89.08313764329043, 99.84267979914809, 97.7125922897421, 90.26685443643827, 97.56507817727076, 99.34206479048221, 92.47493614698675], [5.859999999999918, 5.339999999999929, 3.3299999999999716, 3.2999999999999723, 3.2999999999999723, 3.3299999999999716, 5.339999999999929, 5.859999999999918])
(array([-26.3474618 ,  29.67632535, -11.45642653, -26.24403643,
        10.81038044,  10.36588862, -18.17723026, -25.05115171]), array([ 23.06817198,  42.71381968,  -1.49090681,  12.17133737,
       -32.72296435,  16.2779957 ,  29.02277049,   5.00676943]), array([ 0.86256968,  0.33235783,  1.75696125,  1.7103343 ,  1.60674442,
        1.79946165, 90.60561272, 96.94037832]))
([6.059999999999906, 4.9399999999999284, 2.519999999999971, 2.8599999999999723, 2.959999999999972, 2.8199999999999714, 4.659999999999929, 6.039999999999905], [88.91351249168221, 91.95016940986895, 99.8740934523302, 97.19025324383013, 90.8435761740444, 98.79469847551519, 99.4910999470319, 91.29138211311113], [6.399999999999906, 5.309999999999929, 3.3399999999999714, 3.2999999999999723, 3.2999999999999723, 3.3399999999999714, 5.309999999999929, 6.399999999999906])
(array([-27.02514934,  30.44015201, -10.54380259, -26.30573123,
        11.92820076,   6.59761427, -21.10967193, -41.27488213]), array([ 20.57303741,  43.43542049,  -2.06597745,  13.25528159,
       -31.96885287,  17.10116135,  36.53233261,  13.67196504]), array([ 0.86256968,  0.33235783,  1.75696125,  1.7103343 ,  1.60674442,
        1.79946165, 90.60561272, 96.94037832]))
([6.149999999999904, 4.87999999999993, 2.519999999999971, 2.8799999999999724, 2.959999999999973, 2.7499999999999707, 4.57999999999993, 6.139999999999904], [88.91364591590569, 92.90488997716042, 99.885657270477, 96.73343334693621, 91.13513897342219, 99.43011610535697, 99.5891621218488, 89.09831741353494], [6.489999999999904, 5.249999999999931, 3.359999999999971, 3.2999999999999723, 3.2999999999999723, 3.359999999999971, 5.249999999999931, 6.489999999999904])
(array([-27.70282789,  31.19499173,  -9.63118085, -26.36742506,
        13.04376907,   2.82935169, -24.0421136 , -47.14922561]), array([ 18.07793597,  44.14853117,  -2.64104671,  14.33920872,
       -31.21626065,  17.92432442,  44.04189474,  16.80948853]), array([ 0.86256968,  0.33235783,  1.75696125,  1.7103343 ,  1.60674442,
        1.79946165, 90.60561272, 96.94037832]))
([5.999999999999908, 4.799999999999931, 2.5499999999999714, 2.8899999999999726, 2.9599999999999724, 2.6899999999999715, 4.479999999999932, 5.999999999999908], [88.91395250352063, 93.04562713243088, 99.87414308837621, 96.4017532579592, 91.22251664351012, 99.70208562270466, 99.66610289155612, 88.9129940651144], [6.349999999999907, 5.179999999999932, 3.369999999999971, 3.2999999999999723, 3.2999999999999723, 3.369999999999971, 5.179999999999932, 6.349999999999907])
(array([-28.38049283,  31.93386607,  -8.71856143, -26.42911775,
        14.15602691,  -0.93889602, -24.19800153, -36.94870911]), array([ 15.58288466,  44.84655907,  -3.21611451,  15.42311577,
       -30.46590176,  18.74748425,  44.44110133,  18.72954894]), array([ 0.86256968,  0.33235783,  1.75696125,  1.7103343 ,  1.60674442,
        1.79946165, 90.60561272, 96.94037832]))
([6.4299999999998985, 4.769999999999932, 2.6199999999999712, 2.889999999999972, 2.959999999999973, 2.6299999999999706, 4.4099999999999335, 6.4299999999998985], [88.9149216604715, 93.84325444623177, 99.81224042249929, 96.26802762811228, 91.04236772898736, 99.80730675804324, 99.76114921970641, 88.91474386759593], [6.769999999999898, 5.159999999999933, 3.3799999999999706, 3.2999999999999723, 3.2999999999999723, 3.3799999999999706, 5.159999999999933, 6.769999999999898])
(array([-29.05813573,  32.64130922,  -7.80594448, -26.49080908,
        15.26314699,  -4.70712457, -22.90473242, -26.74819261]), array([ 13.08791447,  45.51489336,  -3.79118075,  16.50699898,
       -29.71900895,  19.57063989,  35.15758554,  20.64960934]), array([ 0.86256968,  0.33235783,  1.75696125,  1.7103343 ,  1.60674442,
        1.79946165, 90.60561272, 96.94037832]))
([6.489999999999897, 4.759999999999932, 2.7299999999999716, 2.8799999999999732, 2.9599999999999724, 2.6099999999999715, 4.339999999999933, 6.489999999999897], [88.9121372817298, 93.58230093548, 99.59820696530348, 96.40834969385914, 90.6363063742591, 99.83186109692681, 99.8352191243704, 88.91213950929863], [6.829999999999897, 5.149999999999933, 3.369999999999971, 3.2999999999999723, 3.2999999999999723, 3.369999999999971, 5.149999999999933, 6.829999999999897])
(array([-29.73573948,  33.27963547,  -6.89333013, -26.55249878,
        16.36170823,  -8.47532784, -21.61146332, -16.54767611]), array([ 10.59308843,  46.11793167,  -4.36624535,  17.59085361,
       -28.97789015,  20.39379002,  25.87406975,  22.56966975]), array([ 0.86256968,  0.33235783,  1.75696125,  1.7103343 ,  1.60674442,
        1.79946165, 90.60561272, 96.94037832]))
([6.069999999999906, 4.7499999999999325, 2.8299999999999708, 2.879999999999972, 2.969999999999972, 2.6199999999999717, 4.259999999999934, 6.069999999999905], [88.91429031553399, 90.78780776253588, 98.9106381383195, 96.57138864985106, 89.7500810468608, 99.8089481380983, 99.86640491735204, 89.16054728682651], [6.409999999999906, 5.109999999999934, 3.359999999999971, 3.2999999999999723, 3.2999999999999723, 3.359999999999971, 5.109999999999934, 6.409999999999906])
(array([-30.41326327,  33.76189823,  -5.98071856, -26.61418651,
        17.44458825, -12.2434968 , -20.31819421,  -6.34715961]), array([  8.09855679,  46.57353399,  -4.9413082 ,  18.67467358,
       -28.24735033,  21.21693264,  16.59055396,  24.48973016]), array([ 0.86256968,  0.33235783,  1.75696125,  1.7103343 ,  1.60674442,
        1.79946165, 90.60561272, 96.94037832]))
([5.669999999999915, 4.689999999999935, 2.9199999999999715, 2.8799999999999732, 2.9699999999999718, 2.649999999999972, 4.219999999999935, 5.649999999999913], [88.91265130230853, 89.51192320785346, 96.80048461812397, 96.71418030278032, 89.08278520368806, 99.73186730100551, 99.8451601496952, 90.63703988252638], [6.0099999999999145, 5.039999999999935, 3.3499999999999712, 3.2999999999999723, 3.2999999999999723, 3.3499999999999712, 5.039999999999935, 6.0099999999999145])
(array([-31.09058112,  33.99455813,  -5.06810993, -26.67587181,
        18.49472883, -16.01161758, -19.02492511,   3.85335689]), array([  5.6047834 ,  46.79333199,  -5.5163692 ,  19.75845094,
       -27.53889741,  22.04006474,   7.30703817,  26.40979057]), array([ 0.86256968,  0.33235783,  1.75696125,  1.7103343 ,  1.60674442,
        1.79946165, 90.60561272, 96.94037832]))
([5.319999999999922, 4.609999999999937, 2.9799999999999716, 2.8699999999999726, 2.9699999999999718, 2.689999999999972, 4.249999999999937, 5.299999999999921], [88.91468844502316, 89.06492319436123, 91.92055954136393, 96.76956775795908, 88.91699225813846, 99.58814508168892, 99.67422815157508, 91.253396710284], [5.659999999999922, 4.949999999999937, 3.3299999999999716, 3.2999999999999723, 3.2999999999999723, 3.3299999999999716, 4.949999999999937, 5.659999999999922])
(array([-31.76704696,  34.06046905,  -4.15550444, -26.73755409,
        19.46358053, -19.77966762, -17.73165601,  14.0538734 ]), array([  3.11414698,  46.85559923,  -6.09142822,  20.84217513,
       -26.88528413,  22.86318139,  -1.97647762,  28.32985097]), array([ 0.86256968,  0.33235783,  1.75696125,  1.7103343 ,  1.60674442,
        1.79946165, 90.60561272, 96.94037832]))
([5.029999999999928, 4.519999999999939, 2.9899999999999713, 2.879999999999973, 2.969999999999972, 2.729999999999972, 4.299999999999938, 5.009999999999927], [88.91345691793333, 88.93284575297304, 88.95562174061101, 96.60161150548284, 88.91272263986582, 99.3801467542501, 98.94618499423238, 91.16214541717784], [5.369999999999928, 4.859999999999939, 3.319999999999972, 3.2999999999999723, 3.2999999999999723, 3.319999999999972, 4.859999999999939, 5.369999999999928])
(array([-31.96995176,  34.07633198,  -3.24290229, -26.79923252,
        20.19876075, -23.54760777, -16.4383869 ,  16.81433324]), array([  2.36708472,  46.87058522,  -6.66648514,  21.92583177,
       -26.3893119 ,  23.68627404, -11.25999341,  28.84945698]), array([ 0.86256968,  0.33235783,  1.75696125,  1.7103343 ,  1.60674442,
        1.79946165, 90.60561272, 96.94037832]))
([4.94999999999993, 4.4099999999999415, 2.9899999999999713, 2.8899999999999726, 2.969999999999972, 2.7699999999999716, 4.239999999999942, 4.929999999999929], [88.9130148673783, 88.93709709810639, 88.91252162482914, 96.18432136906033, 88.9127423795696, 99.03689248705645, 98.45403620774125, 91.59233673055287], [5.28999999999993, 4.749999999999941, 3.319999999999972, 3.2999999999999723, 3.2999999999999723, 3.319999999999972, 4.749999999999941, 5.28999999999993])
(array([-33.78632795,  34.08009742,  -2.33030371, -26.86090597,
        20.45615726, -27.31536358, -15.1451178 ,   6.14105588]), array([  3.72989993,  46.8741425 ,  -7.2415398 ,  23.00940079,
       -26.21566533,  24.50932641, -20.54350921,  20.52537183]), array([ 0.86256968,  0.33235783,  1.75696125,  1.7103343 ,  1.60674442,
        1.79946165, 90.60561272, 96.94037832]))
([5.249999999999924, 4.309999999999944, 2.979999999999972, 2.9099999999999726, 2.969999999999972, 2.8199999999999723, 3.999999999999944, 5.199999999999923], [88.91460155640212, 89.37593672679823, 88.91459866437572, 95.02355251923618, 88.91275795862485, 98.30156159093283, 99.54073107810441, 93.76730243536616], [5.5899999999999235, 4.6499999999999435, 3.309999999999972, 3.2999999999999723, 3.2999999999999723, 3.309999999999972, 4.6499999999999435, 5.5899999999999235])
(array([-35.6019881 ,  34.08099052,  -1.41770894, -26.92257279,
        20.47329691, -31.08277436, -14.63958879,  -4.53222149]), array([  5.0921779 ,  46.87498623,  -7.81659207,  24.09285333,
       -26.20410246,  25.33230342, -24.17236454,  12.20128667]), array([ 0.86256968,  0.33235783,  1.75696125,  1.7103343 ,  1.60674442,
        1.79946165, 90.60561272, 96.94037832]))
([5.579999999999917, 4.259999999999944, 2.9799999999999716, 2.9299999999999726, 2.969999999999972, 2.8599999999999723, 3.8699999999999455, 5.499999999999916], [88.91417550576097, 90.27850546659528, 88.91417672347876, 94.01603115728138, 88.91277103364766, 97.28878571277927, 99.7552104752376, 95.40869875131457], [5.919999999999916, 4.609999999999944, 3.309999999999972, 3.2999999999999723, 3.2999999999999723, 3.309999999999972, 4.609999999999944, 5.919999999999916])
(array([-37.41649453,  34.08120234,  -0.50511826, -26.98423052,
        20.47397417, -34.84941941, -30.94689413, -12.47635894]), array([  6.45359024,  46.87518634,  -8.39164176,  25.1761463 ,
       -26.20364556,  26.15511315, -13.42318908,   6.00565674]), array([ 0.86256968,  0.33235783,  1.75696125,  1.7103343 ,  1.60674442,
        1.79946165, 90.60561272, 96.94037832]))
([5.809999999999912, 4.219999999999945, 2.9799999999999716, 2.9199999999999724, 2.969999999999972, 2.8799999999999724, 3.809999999999946, 5.7399999999999105], [88.91303281180815, 91.3090351361977, 88.91668315345056, 94.32990496805407, 88.91279792819637, 96.6039439683985, 99.79041584593772, 95.0203133759655], [6.1499999999999115, 4.579999999999945, 3.309999999999972, 3.2999999999999723, 3.2999999999999723, 3.309999999999972, 4.579999999999945, 6.1499999999999115])
(array([-39.2289655 ,  34.08125258,   0.40746806, -27.04587534,
        20.47400085, -38.613762  , -42.79467273,   2.74745146]), array([  7.81347539,  46.8752338 ,  -8.96668869,  26.25921244,
       -26.20362756,  26.97741992,  -5.6135695 ,   2.6324756 ]), array([ 0.86256968,  0.33235783,  1.75696125,  1.7103343 ,  1.60674442,
        1.79946165, 90.60561272, 96.94037832]))
([5.279999999999923, 4.169999999999946, 2.9699999999999718, 2.9199999999999724, 2.9699999999999718, 2.8899999999999726, 3.819999999999947, 5.249999999999922], [88.91307724756648, 89.7520918875318, 89.21527860900468, 94.33191885112555, 88.94154379290252, 96.32108338134579, 99.6588847490855, 92.2291792497989], [5.619999999999923, 4.519999999999946, 3.2999999999999723, 3.2999999999999723, 3.2999999999999723, 3.2999999999999723, 4.519999999999946, 5.619999999999923])
(array([-41.03733201,  34.08126449,   1.32004967, -27.10750094,
        20.47400191, -41.89606092, -27.34238872,  17.97126186]), array([  9.17028099,  46.87524505,  -9.54173267,  27.34194067,
       -26.20362685,  27.69442603,  -2.38490998,  -0.74070554]), array([ 0.86256968,  0.33235783,  1.75696125,  1.7103343 ,  1.60674442,
        1.79946165, 90.60561272, 96.94037832]))
([4.859999999999932, 4.389999999999942, 2.9699999999999718, 2.9299999999999726, 2.9699999999999718, 2.899999999999973, 4.069999999999942, 4.839999999999931], [88.91463471279465, 88.92379469779958, 90.19277808481982, 94.05072793620015, 89.26884756093065, 95.51419198317102, 99.53242630680528, 91.18072673143216], [5.199999999999932, 4.729999999999942, 3.2999999999999723, 3.2999999999999723, 3.2999999999999723, 3.2999999999999723, 4.729999999999942, 5.199999999999932])
(array([-42.8354162 ,  34.08126732,   2.23262623, -27.16909606,
        20.47400195, -40.69554487, -11.89010471,  26.07879133]), array([ 10.51937183,  46.87524772, -10.11677346,  28.42413369,
       -26.20362682,  27.27943805,   0.84374953,  -2.53711293]), array([ 0.86256968,  0.33235783,  1.75696125,  1.7103343 ,  1.60674442,
        1.79946165, 90.60561272, 96.94037832]))
([4.659999999999936, 4.629999999999937, 2.9699999999999718, 2.929999999999972, 2.9699999999999718, 2.8999999999999724, 4.339999999999936, 4.639999999999935], [88.91469378131933, 88.91466571937308, 89.69673910142426, 93.60406862434594, 89.07983988666241, 95.46216684933837, 99.4570199573978, 91.52466808100877], [4.999999999999936, 4.969999999999937, 3.2999999999999723, 3.2999999999999723, 3.2999999999999723, 3.2999999999999723, 4.969999999999937, 4.999999999999936])
(array([-44.59447015,  34.08126799,   3.14519734, -27.23063873,
        20.47400195, -39.49502882,   3.5621793 ,  25.56040017]), array([ 11.83917854,  46.87524836, -10.69181082,  29.50540491,
       -26.20362682,  26.86445007,   4.07240905,  -6.6094345 ]), array([ 0.86256968,  0.33235783,  1.75696125,  1.7103343 ,  1.60674442,
        1.79946165, 90.60561272, 96.94037832]))
([4.619999999999937, 4.899999999999931, 2.9699999999999718, 2.939999999999972, 2.9699999999999718, 2.9099999999999726, 4.529999999999931, 4.589999999999936], [88.91359144947505, 88.9146904375626, 89.37619322462957, 93.10671446030163, 88.98541102414228, 95.30437256552709, 99.67940543097748, 91.71345816242835], [4.959999999999937, 5.239999999999931, 3.2999999999999723, 3.2999999999999723, 3.2999999999999723, 3.2999999999999723, 5.239999999999931, 4.959999999999937])
